#
# There is insufficient memory for the Java Runtime Environment to continue.
# Native memory allocation (mmap) failed to map 487587840 bytes for G1 virtual space
# Possible reasons:
#   The system is out of physical RAM or swap space
#   The process is running with CompressedOops enabled, and the Java Heap may be blocking the growth of the native heap
# Possible solutions:
#   Reduce memory load on the system
#   Increase physical memory or swap space
#   Check if swap backing store is full
#   Decrease Java heap size (-Xmx/-Xms)
#   Decrease number of Java threads
#   Decrease Java thread stack sizes (-Xss)
#   Set larger code cache with -XX:ReservedCodeCacheSize=
#   JVM is running with Unscaled Compressed Oops mode in which the Java heap is
#     placed in the first 4GB address space. The Java Heap base address is the
#     maximum limit for the native heap growth. Please use -XX:HeapBaseMinAddress
#     to set the Java Heap base and to place the Java Heap above 4GB virtual address.
# This output file may be truncated or incomplete.
#
#  Out of Memory Error (os_windows.cpp:3825), pid=14652, tid=20448
#
# JRE version: OpenJDK Runtime Environment (17.0.10) (build 17.0.10+0--11572160)
# Java VM: OpenJDK 64-Bit Server VM (17.0.10+0--11572160, mixed mode, tiered, compressed oops, compressed class ptrs, g1 gc, windows-amd64)
# No core dump will be written. Minidumps are not enabled by default on client versions of Windows
#

---------------  S U M M A R Y ------------

Command Line: org.jetbrains.kotlin.cli.jvm.K2JVMCompiler @D:\Education\app\build\20240614_8284307969133710089.compiler.options

Host: AMD Ryzen 5 5600H with Radeon Graphics         , 12 cores, 7G,  Windows 11 , 64 bit Build 22621 (10.0.22621.3672)
Time: Fri Jun 14 16:53:21 2024 India Standard Time elapsed time: 13.247769 seconds (0d 0h 0m 13s)

---------------  T H R E A D  ---------------

Current thread (0x000002dbc3fe77e0):  VMThread "VM Thread" [stack: 0x000000f05a300000,0x000000f05a400000] [id=20448]

Stack: [0x000000f05a300000,0x000000f05a400000]
Native frames: (J=compiled Java code, j=interpreted, Vv=VM code, C=native code)
V  [jvm.dll+0x688e89]
V  [jvm.dll+0x84247a]
V  [jvm.dll+0x8440be]
V  [jvm.dll+0x844723]
V  [jvm.dll+0x24be0f]
V  [jvm.dll+0x685c59]
V  [jvm.dll+0x67a50a]
V  [jvm.dll+0x30cbab]
V  [jvm.dll+0x314056]
V  [jvm.dll+0x363dce]
V  [jvm.dll+0x363fff]
V  [jvm.dll+0x2e2978]
V  [jvm.dll+0x2e0b54]
V  [jvm.dll+0x2e015c]
V  [jvm.dll+0x32502b]
V  [jvm.dll+0x848e1b]
V  [jvm.dll+0x849b61]
V  [jvm.dll+0x84a07d]
V  [jvm.dll+0x84a454]
V  [jvm.dll+0x84a520]
V  [jvm.dll+0x7f0d1a]
V  [jvm.dll+0x687d05]
C  [ucrtbase.dll+0x29333]
C  [KERNEL32.DLL+0x1257d]
C  [ntdll.dll+0x5af28]

VM_Operation (0x000000f059df4a10): G1CollectForAllocation, mode: safepoint, requested by thread 0x000002dbaa36b870


---------------  P R O C E S S  ---------------

Threads class SMR info:
_java_thread_list=0x000002dbc4b005e0, length=14, elements={
0x000002dbaa36b870, 0x000002dbc3fd41c0, 0x000002dbc4126860, 0x000002dbc3ffe910,
0x000002dbc4160370, 0x000002dbc41613e0, 0x000002dbc4165a40, 0x000002dbc416f330,
0x000002dbc41703e0, 0x000002dbc417bc70, 0x000002dbc42d4480, 0x000002dbc42dcb40,
0x000002dbc43c9fe0, 0x000002dbc4d7cea0
}

Java Threads: ( => current thread )
  0x000002dbaa36b870 JavaThread "main" [_thread_blocked, id=21748, stack(0x000000f059d00000,0x000000f059e00000)]
  0x000002dbc3fd41c0 JavaThread "Reference Handler" daemon [_thread_blocked, id=20932, stack(0x000000f05a400000,0x000000f05a500000)]
  0x000002dbc4126860 JavaThread "Finalizer" daemon [_thread_blocked, id=22012, stack(0x000000f05a500000,0x000000f05a600000)]
  0x000002dbc3ffe910 JavaThread "Signal Dispatcher" daemon [_thread_blocked, id=22280, stack(0x000000f05a600000,0x000000f05a700000)]
  0x000002dbc4160370 JavaThread "Attach Listener" daemon [_thread_blocked, id=17344, stack(0x000000f05a700000,0x000000f05a800000)]
  0x000002dbc41613e0 JavaThread "Service Thread" daemon [_thread_blocked, id=19492, stack(0x000000f05a800000,0x000000f05a900000)]
  0x000002dbc4165a40 JavaThread "Monitor Deflation Thread" daemon [_thread_blocked, id=12668, stack(0x000000f05a900000,0x000000f05aa00000)]
  0x000002dbc416f330 JavaThread "C2 CompilerThread0" daemon [_thread_in_native, id=19548, stack(0x000000f05aa00000,0x000000f05ab00000)]
  0x000002dbc41703e0 JavaThread "C1 CompilerThread0" daemon [_thread_blocked, id=19668, stack(0x000000f05ab00000,0x000000f05ac00000)]
  0x000002dbc417bc70 JavaThread "Sweeper thread" daemon [_thread_blocked, id=12840, stack(0x000000f05ac00000,0x000000f05ad00000)]
  0x000002dbc42d4480 JavaThread "Notification Thread" daemon [_thread_blocked, id=16828, stack(0x000000f05ad00000,0x000000f05ae00000)]
  0x000002dbc42dcb40 JavaThread "Common-Cleaner" daemon [_thread_blocked, id=16280, stack(0x000000f05af00000,0x000000f05b000000)]
  0x000002dbc43c9fe0 JavaThread "C2 CompilerThread1" daemon [_thread_in_native, id=5004, stack(0x000000f05b000000,0x000000f05b100000)]
  0x000002dbc4d7cea0 JavaThread "C2 CompilerThread2" daemon [_thread_in_native, id=16632, stack(0x000000f05b500000,0x000000f05b600000)]

Other Threads:
=>0x000002dbc3fe77e0 VMThread "VM Thread" [stack: 0x000000f05a300000,0x000000f05a400000] [id=20448]
  0x000002dbc3f68290 WatcherThread [stack: 0x000000f05ae00000,0x000000f05af00000] [id=20256]
  0x000002dbaa3c27a0 GCTaskThread "GC Thread#0" [stack: 0x000000f059e00000,0x000000f059f00000] [id=6092]
  0x000002dbc48a2d60 GCTaskThread "GC Thread#1" [stack: 0x000000f05b100000,0x000000f05b200000] [id=13076]
  0x000002dbc49ec300 GCTaskThread "GC Thread#2" [stack: 0x000000f05b200000,0x000000f05b300000] [id=19524]
  0x000002dbc49ec5c0 GCTaskThread "GC Thread#3" [stack: 0x000000f05b300000,0x000000f05b400000] [id=18744]
  0x000002dbc49ec880 GCTaskThread "GC Thread#4" [stack: 0x000000f05b400000,0x000000f05b500000] [id=10956]
  0x000002dbc970af00 GCTaskThread "GC Thread#5" [stack: 0x000000f05b600000,0x000000f05b700000] [id=7804]
  0x000002dbc9256440 GCTaskThread "GC Thread#6" [stack: 0x000000f05b700000,0x000000f05b800000] [id=17600]
  0x000002dbc9377260 GCTaskThread "GC Thread#7" [stack: 0x000000f05b800000,0x000000f05b900000] [id=17628]
  0x000002dbc942b040 GCTaskThread "GC Thread#8" [stack: 0x000000f05b900000,0x000000f05ba00000] [id=4332]
  0x000002dbc9485650 GCTaskThread "GC Thread#9" [stack: 0x000000f05ba00000,0x000000f05bb00000] [id=19400]
  0x000002dbaa3d3200 ConcurrentGCThread "G1 Main Marker" [stack: 0x000000f059f00000,0x000000f05a000000] [id=1368]
  0x000002dbaa3d43c0 ConcurrentGCThread "G1 Conc#0" [stack: 0x000000f05a000000,0x000000f05a100000] [id=16064]
  0x000002dbc9471860 ConcurrentGCThread "G1 Conc#1" [stack: 0x000000f05bb00000,0x000000f05bc00000] [id=16388]
  0x000002dbc9484f70 ConcurrentGCThread "G1 Conc#2" [stack: 0x000000f05bc00000,0x000000f05bd00000] [id=11052]
  0x000002dbc3e344d0 ConcurrentGCThread "G1 Refine#0" [stack: 0x000000f05a100000,0x000000f05a200000] [id=15124]
  0x000002dbca70ca90 ConcurrentGCThread "G1 Refine#1" [stack: 0x000000f05bd00000,0x000000f05be00000] [id=9996]
  0x000002dbca70c4b0 ConcurrentGCThread "G1 Refine#2" [stack: 0x000000f05be00000,0x000000f05bf00000] [id=7524]
  0x000002dbca70edd0 ConcurrentGCThread "G1 Refine#3" [stack: 0x000000f05bf00000,0x000000f05c000000] [id=21048]
  0x000002dbc3e34d10 ConcurrentGCThread "G1 Service" [stack: 0x000000f05a200000,0x000000f05a300000] [id=9460]

Threads with active compile tasks:
C2 CompilerThread0    13264 14308       4       org.jetbrains.kotlin.resolve.calls.inference.components.ConstraintInjector::addSubTypeConstraintAndIncorporateIt (50 bytes)
C2 CompilerThread1    13264 14515       4       org.jetbrains.kotlin.types.TypeUtils::contains (301 bytes)
C2 CompilerThread2    13264 14516       4       org.jetbrains.kotlin.resolve.calls.inference.DescriptorRelatedInferenceUtilsKt::addSubsystemFromArgument (104 bytes)

VM state: at safepoint (normal execution)

VM Mutex/Monitor currently owned by a thread:  ([mutex/lock_event])
[0x000002dbaa367940] Threads_lock - owner thread: 0x000002dbc3fe77e0
[0x000002dbaa3663e0] Heap_lock - owner thread: 0x000002dbaa36b870

Heap address: 0x000000008a800000, size: 1880 MB, Compressed Oops mode: 32-bit

CDS archive(s) not mapped
Compressed class space mapped at: 0x0000000100000000-0x0000000140000000, reserved size: 1073741824
Narrow klass base: 0x0000000000000000, Narrow klass shift: 3, Narrow klass range: 0x140000000

GC Precious Log:
 CPUs: 12 total, 12 available
 Memory: 7519M
 Large Page Support: Disabled
 NUMA Support: Disabled
 Compressed Oops: Enabled (32-bit)
 Heap Region Size: 1M
 Heap Min Capacity: 8M
 Heap Initial Capacity: 118M
 Heap Max Capacity: 1880M
 Pre-touch: Disabled
 Parallel Workers: 10
 Concurrent Workers: 3
 Concurrent Refinement Workers: 10
 Periodic GC: Disabled

Heap:
 garbage-first heap   total 238592K, used 119259K [0x000000008a800000, 0x0000000100000000)
  region size 1024K, 6 young (6144K), 6 survivors (6144K)
 Metaspace       used 70177K, committed 70528K, reserved 1114112K
  class space    used 7797K, committed 7936K, reserved 1048576K

Heap Regions: E=young(eden), S=young(survivor), O=old, HS=humongous(starts), HC=humongous(continues), CS=collection set, F=free, OA=open archive, CA=closed archive, TAMS=top-at-mark-start (previous, next)
|   0|0x000000008a800000, 0x000000008a900000, 0x000000008a900000|100%|HS|  |TAMS 0x000000008a900000, 0x000000008a900000| Complete 
|   1|0x000000008a900000, 0x000000008aa00000, 0x000000008aa00000|100%|HC|  |TAMS 0x000000008aa00000, 0x000000008aa00000| Complete 
|   2|0x000000008aa00000, 0x000000008ab00000, 0x000000008ab00000|100%|HC|  |TAMS 0x000000008ab00000, 0x000000008ab00000| Complete 
|   3|0x000000008ab00000, 0x000000008ac00000, 0x000000008ac00000|100%|HC|  |TAMS 0x000000008ac00000, 0x000000008ac00000| Complete 
|   4|0x000000008ac00000, 0x000000008ad00000, 0x000000008ad00000|100%| O|  |TAMS 0x000000008ad00000, 0x000000008ad00000| Untracked 
|   5|0x000000008ad00000, 0x000000008ae00000, 0x000000008ae00000|100%| O|  |TAMS 0x000000008ae00000, 0x000000008ae00000| Untracked 
|   6|0x000000008ae00000, 0x000000008af00000, 0x000000008af00000|100%| O|  |TAMS 0x000000008af00000, 0x000000008af00000| Untracked 
|   7|0x000000008af00000, 0x000000008b000000, 0x000000008b000000|100%|HS|  |TAMS 0x000000008b000000, 0x000000008b000000| Complete 
|   8|0x000000008b000000, 0x000000008b100000, 0x000000008b100000|100%|HC|  |TAMS 0x000000008b100000, 0x000000008b100000| Complete 
|   9|0x000000008b100000, 0x000000008b200000, 0x000000008b200000|100%|HC|  |TAMS 0x000000008b200000, 0x000000008b200000| Complete 
|  10|0x000000008b200000, 0x000000008b300000, 0x000000008b300000|100%|HC|  |TAMS 0x000000008b300000, 0x000000008b300000| Complete 
|  11|0x000000008b300000, 0x000000008b400000, 0x000000008b400000|100%| O|  |TAMS 0x000000008b400000, 0x000000008b400000| Untracked 
|  12|0x000000008b400000, 0x000000008b500000, 0x000000008b500000|100%| O|  |TAMS 0x000000008b500000, 0x000000008b500000| Untracked 
|  13|0x000000008b500000, 0x000000008b600000, 0x000000008b600000|100%| O|  |TAMS 0x000000008b600000, 0x000000008b600000| Untracked 
|  14|0x000000008b600000, 0x000000008b700000, 0x000000008b700000|100%| O|  |TAMS 0x000000008b700000, 0x000000008b700000| Untracked 
|  15|0x000000008b700000, 0x000000008b800000, 0x000000008b800000|100%| O|  |TAMS 0x000000008b800000, 0x000000008b800000| Untracked 
|  16|0x000000008b800000, 0x000000008b800000, 0x000000008b900000|  0%| F|  |TAMS 0x000000008b800000, 0x000000008b800000| Untracked 
|  17|0x000000008b900000, 0x000000008ba00000, 0x000000008ba00000|100%| O|  |TAMS 0x000000008ba00000, 0x000000008ba00000| Untracked 
|  18|0x000000008ba00000, 0x000000008bb00000, 0x000000008bb00000|100%| O|  |TAMS 0x000000008bb00000, 0x000000008bb00000| Untracked 
|  19|0x000000008bb00000, 0x000000008bc00000, 0x000000008bc00000|100%| O|  |TAMS 0x000000008bc00000, 0x000000008bc00000| Untracked 
|  20|0x000000008bc00000, 0x000000008bd00000, 0x000000008bd00000|100%| O|  |TAMS 0x000000008bd00000, 0x000000008bd00000| Untracked 
|  21|0x000000008bd00000, 0x000000008be00000, 0x000000008be00000|100%| O|  |TAMS 0x000000008be00000, 0x000000008be00000| Untracked 
|  22|0x000000008be00000, 0x000000008bf00000, 0x000000008bf00000|100%| O|  |TAMS 0x000000008bf00000, 0x000000008bf00000| Untracked 
|  23|0x000000008bf00000, 0x000000008c000000, 0x000000008c000000|100%| O|  |TAMS 0x000000008c000000, 0x000000008c000000| Untracked 
|  24|0x000000008c000000, 0x000000008c100000, 0x000000008c100000|100%| O|  |TAMS 0x000000008c100000, 0x000000008c100000| Untracked 
|  25|0x000000008c100000, 0x000000008c200000, 0x000000008c200000|100%| O|  |TAMS 0x000000008c200000, 0x000000008c200000| Untracked 
|  26|0x000000008c200000, 0x000000008c300000, 0x000000008c300000|100%| O|  |TAMS 0x000000008c300000, 0x000000008c300000| Untracked 
|  27|0x000000008c300000, 0x000000008c400000, 0x000000008c400000|100%| O|  |TAMS 0x000000008c400000, 0x000000008c400000| Untracked 
|  28|0x000000008c400000, 0x000000008c500000, 0x000000008c500000|100%| O|  |TAMS 0x000000008c500000, 0x000000008c500000| Untracked 
|  29|0x000000008c500000, 0x000000008c600000, 0x000000008c600000|100%| O|  |TAMS 0x000000008c600000, 0x000000008c600000| Untracked 
|  30|0x000000008c600000, 0x000000008c700000, 0x000000008c700000|100%| O|  |TAMS 0x000000008c700000, 0x000000008c700000| Untracked 
|  31|0x000000008c700000, 0x000000008c800000, 0x000000008c800000|100%| O|  |TAMS 0x000000008c800000, 0x000000008c800000| Untracked 
|  32|0x000000008c800000, 0x000000008c900000, 0x000000008c900000|100%| O|  |TAMS 0x000000008c900000, 0x000000008c900000| Untracked 
|  33|0x000000008c900000, 0x000000008ca00000, 0x000000008ca00000|100%| O|  |TAMS 0x000000008ca00000, 0x000000008ca00000| Untracked 
|  34|0x000000008ca00000, 0x000000008cb00000, 0x000000008cb00000|100%| O|  |TAMS 0x000000008cb00000, 0x000000008cb00000| Untracked 
|  35|0x000000008cb00000, 0x000000008cc00000, 0x000000008cc00000|100%| O|  |TAMS 0x000000008cc00000, 0x000000008cc00000| Untracked 
|  36|0x000000008cc00000, 0x000000008cd00000, 0x000000008cd00000|100%| O|  |TAMS 0x000000008cd00000, 0x000000008cd00000| Untracked 
|  37|0x000000008cd00000, 0x000000008ce00000, 0x000000008ce00000|100%| O|  |TAMS 0x000000008ce00000, 0x000000008ce00000| Untracked 
|  38|0x000000008ce00000, 0x000000008cf00000, 0x000000008cf00000|100%| O|  |TAMS 0x000000008cf00000, 0x000000008cf00000| Untracked 
|  39|0x000000008cf00000, 0x000000008d000000, 0x000000008d000000|100%| O|  |TAMS 0x000000008d000000, 0x000000008d000000| Untracked 
|  40|0x000000008d000000, 0x000000008d100000, 0x000000008d100000|100%| O|  |TAMS 0x000000008d100000, 0x000000008d100000| Untracked 
|  41|0x000000008d100000, 0x000000008d200000, 0x000000008d200000|100%| O|  |TAMS 0x000000008d200000, 0x000000008d200000| Untracked 
|  42|0x000000008d200000, 0x000000008d300000, 0x000000008d300000|100%| O|  |TAMS 0x000000008d300000, 0x000000008d300000| Untracked 
|  43|0x000000008d300000, 0x000000008d400000, 0x000000008d400000|100%|HS|  |TAMS 0x000000008d400000, 0x000000008d400000| Complete 
|  44|0x000000008d400000, 0x000000008d500000, 0x000000008d500000|100%|HC|  |TAMS 0x000000008d500000, 0x000000008d500000| Complete 
|  45|0x000000008d500000, 0x000000008d600000, 0x000000008d600000|100%| O|  |TAMS 0x000000008d600000, 0x000000008d600000| Untracked 
|  46|0x000000008d600000, 0x000000008d700000, 0x000000008d700000|100%| O|  |TAMS 0x000000008d700000, 0x000000008d700000| Untracked 
|  47|0x000000008d700000, 0x000000008d800000, 0x000000008d800000|100%| O|  |TAMS 0x000000008d800000, 0x000000008d800000| Untracked 
|  48|0x000000008d800000, 0x000000008d900000, 0x000000008d900000|100%| O|  |TAMS 0x000000008d900000, 0x000000008d900000| Untracked 
|  49|0x000000008d900000, 0x000000008da00000, 0x000000008da00000|100%| O|  |TAMS 0x000000008da00000, 0x000000008da00000| Untracked 
|  50|0x000000008da00000, 0x000000008db00000, 0x000000008db00000|100%| O|  |TAMS 0x000000008db00000, 0x000000008db00000| Untracked 
|  51|0x000000008db00000, 0x000000008dc00000, 0x000000008dc00000|100%| O|  |TAMS 0x000000008dc00000, 0x000000008dc00000| Untracked 
|  52|0x000000008dc00000, 0x000000008dd00000, 0x000000008dd00000|100%| O|  |TAMS 0x000000008dd00000, 0x000000008dd00000| Untracked 
|  53|0x000000008dd00000, 0x000000008de00000, 0x000000008de00000|100%| O|  |TAMS 0x000000008de00000, 0x000000008de00000| Untracked 
|  54|0x000000008de00000, 0x000000008df00000, 0x000000008df00000|100%| O|  |TAMS 0x000000008df00000, 0x000000008df00000| Untracked 
|  55|0x000000008df00000, 0x000000008e000000, 0x000000008e000000|100%| O|  |TAMS 0x000000008e000000, 0x000000008e000000| Untracked 
|  56|0x000000008e000000, 0x000000008e100000, 0x000000008e100000|100%| O|  |TAMS 0x000000008e100000, 0x000000008e100000| Untracked 
|  57|0x000000008e100000, 0x000000008e200000, 0x000000008e200000|100%| O|  |TAMS 0x000000008e200000, 0x000000008e200000| Untracked 
|  58|0x000000008e200000, 0x000000008e300000, 0x000000008e300000|100%| O|  |TAMS 0x000000008e300000, 0x000000008e300000| Untracked 
|  59|0x000000008e300000, 0x000000008e400000, 0x000000008e400000|100%|HS|  |TAMS 0x000000008e400000, 0x000000008e400000| Complete 
|  60|0x000000008e400000, 0x000000008e500000, 0x000000008e500000|100%|HC|  |TAMS 0x000000008e500000, 0x000000008e500000| Complete 
|  61|0x000000008e500000, 0x000000008e600000, 0x000000008e600000|100%| O|  |TAMS 0x000000008e600000, 0x000000008e600000| Untracked 
|  62|0x000000008e600000, 0x000000008e700000, 0x000000008e700000|100%| O|  |TAMS 0x000000008e700000, 0x000000008e700000| Untracked 
|  63|0x000000008e700000, 0x000000008e800000, 0x000000008e800000|100%| O|  |TAMS 0x000000008e800000, 0x000000008e800000| Untracked 
|  64|0x000000008e800000, 0x000000008e900000, 0x000000008e900000|100%| O|  |TAMS 0x000000008e900000, 0x000000008e900000| Untracked 
|  65|0x000000008e900000, 0x000000008ea00000, 0x000000008ea00000|100%| O|  |TAMS 0x000000008ea00000, 0x000000008ea00000| Untracked 
|  66|0x000000008ea00000, 0x000000008eb00000, 0x000000008eb00000|100%| O|  |TAMS 0x000000008eb00000, 0x000000008eb00000| Untracked 
|  67|0x000000008eb00000, 0x000000008ec00000, 0x000000008ec00000|100%| O|  |TAMS 0x000000008ec00000, 0x000000008ec00000| Untracked 
|  68|0x000000008ec00000, 0x000000008ed00000, 0x000000008ed00000|100%| O|  |TAMS 0x000000008ed00000, 0x000000008ed00000| Untracked 
|  69|0x000000008ed00000, 0x000000008ee00000, 0x000000008ee00000|100%| O|  |TAMS 0x000000008ee00000, 0x000000008ee00000| Untracked 
|  70|0x000000008ee00000, 0x000000008ef00000, 0x000000008ef00000|100%| O|  |TAMS 0x000000008ef00000, 0x000000008ef00000| Untracked 
|  71|0x000000008ef00000, 0x000000008f000000, 0x000000008f000000|100%| O|  |TAMS 0x000000008f000000, 0x000000008f000000| Untracked 
|  72|0x000000008f000000, 0x000000008f100000, 0x000000008f100000|100%| O|  |TAMS 0x000000008f100000, 0x000000008f100000| Untracked 
|  73|0x000000008f100000, 0x000000008f200000, 0x000000008f200000|100%| O|  |TAMS 0x000000008f200000, 0x000000008f200000| Untracked 
|  74|0x000000008f200000, 0x000000008f300000, 0x000000008f300000|100%| O|  |TAMS 0x000000008f200000, 0x000000008f300000| Untracked 
|  75|0x000000008f300000, 0x000000008f400000, 0x000000008f400000|100%| O|  |TAMS 0x000000008f400000, 0x000000008f400000| Untracked 
|  76|0x000000008f400000, 0x000000008f500000, 0x000000008f500000|100%| O|  |TAMS 0x000000008f500000, 0x000000008f500000| Untracked 
|  77|0x000000008f500000, 0x000000008f600000, 0x000000008f600000|100%| O|  |TAMS 0x000000008f600000, 0x000000008f600000| Untracked 
|  78|0x000000008f600000, 0x000000008f700000, 0x000000008f700000|100%| O|  |TAMS 0x000000008f700000, 0x000000008f700000| Untracked 
|  79|0x000000008f700000, 0x000000008f800000, 0x000000008f800000|100%| O|  |TAMS 0x000000008f800000, 0x000000008f800000| Untracked 
|  80|0x000000008f800000, 0x000000008f900000, 0x000000008f900000|100%| O|  |TAMS 0x000000008f900000, 0x000000008f900000| Untracked 
|  81|0x000000008f900000, 0x000000008fa00000, 0x000000008fa00000|100%| O|  |TAMS 0x000000008fa00000, 0x000000008fa00000| Untracked 
|  82|0x000000008fa00000, 0x000000008fb00000, 0x000000008fb00000|100%| O|  |TAMS 0x000000008fb00000, 0x000000008fb00000| Untracked 
|  83|0x000000008fb00000, 0x000000008fc00000, 0x000000008fc00000|100%| O|  |TAMS 0x000000008fc00000, 0x000000008fc00000| Untracked 
|  84|0x000000008fc00000, 0x000000008fd00000, 0x000000008fd00000|100%| O|  |TAMS 0x000000008fd00000, 0x000000008fd00000| Untracked 
|  85|0x000000008fd00000, 0x000000008fe00000, 0x000000008fe00000|100%| O|  |TAMS 0x000000008fe00000, 0x000000008fe00000| Untracked 
|  86|0x000000008fe00000, 0x000000008ff00000, 0x000000008ff00000|100%| O|  |TAMS 0x000000008ff00000, 0x000000008ff00000| Untracked 
|  87|0x000000008ff00000, 0x0000000090000000, 0x0000000090000000|100%| O|  |TAMS 0x0000000090000000, 0x0000000090000000| Untracked 
|  88|0x0000000090000000, 0x0000000090100000, 0x0000000090100000|100%| O|  |TAMS 0x0000000090000000, 0x0000000090100000| Untracked 
|  89|0x0000000090100000, 0x0000000090200000, 0x0000000090200000|100%| O|  |TAMS 0x0000000090100000, 0x0000000090200000| Untracked 
|  90|0x0000000090200000, 0x0000000090300000, 0x0000000090300000|100%| O|  |TAMS 0x0000000090300000, 0x0000000090300000| Untracked 
|  91|0x0000000090300000, 0x0000000090400000, 0x0000000090400000|100%| O|  |TAMS 0x0000000090400000, 0x0000000090400000| Untracked 
|  92|0x0000000090400000, 0x0000000090500000, 0x0000000090500000|100%| O|  |TAMS 0x0000000090500000, 0x0000000090500000| Untracked 
|  93|0x0000000090500000, 0x0000000090600000, 0x0000000090600000|100%| O|  |TAMS 0x0000000090600000, 0x0000000090600000| Untracked 
|  94|0x0000000090600000, 0x0000000090700000, 0x0000000090700000|100%| O|  |TAMS 0x0000000090700000, 0x0000000090700000| Untracked 
|  95|0x0000000090700000, 0x0000000090800000, 0x0000000090800000|100%| O|  |TAMS 0x0000000090800000, 0x0000000090800000| Untracked 
|  96|0x0000000090800000, 0x0000000090900000, 0x0000000090900000|100%| O|  |TAMS 0x00000000908ce200, 0x0000000090900000| Untracked 
|  97|0x0000000090900000, 0x0000000090a00000, 0x0000000090a00000|100%| O|  |TAMS 0x0000000090900000, 0x0000000090a00000| Untracked 
|  98|0x0000000090a00000, 0x0000000090b00000, 0x0000000090b00000|100%| O|  |TAMS 0x0000000090a00000, 0x0000000090b00000| Untracked 
|  99|0x0000000090b00000, 0x0000000090c00000, 0x0000000090c00000|100%| O|  |TAMS 0x0000000090b00000, 0x0000000090c00000| Untracked 
| 100|0x0000000090c00000, 0x0000000090d00000, 0x0000000090d00000|100%| O|  |TAMS 0x0000000090c00000, 0x0000000090d00000| Untracked 
| 101|0x0000000090d00000, 0x0000000090e00000, 0x0000000090e00000|100%| O|  |TAMS 0x0000000090d00000, 0x0000000090e00000| Untracked 
| 102|0x0000000090e00000, 0x0000000090f00000, 0x0000000090f00000|100%| O|  |TAMS 0x0000000090e00000, 0x0000000090f00000| Untracked 
| 103|0x0000000090f00000, 0x0000000091000000, 0x0000000091000000|100%| O|  |TAMS 0x0000000090f00000, 0x0000000091000000| Untracked 
| 104|0x0000000091000000, 0x0000000091100000, 0x0000000091100000|100%| O|  |TAMS 0x0000000091000000, 0x0000000091100000| Untracked 
| 105|0x0000000091100000, 0x0000000091200000, 0x0000000091200000|100%| O|  |TAMS 0x0000000091100000, 0x0000000091200000| Untracked 
| 106|0x0000000091200000, 0x0000000091300000, 0x0000000091300000|100%| O|  |TAMS 0x0000000091200000, 0x0000000091300000| Untracked 
| 107|0x0000000091300000, 0x0000000091400000, 0x0000000091400000|100%| O|  |TAMS 0x0000000091300000, 0x0000000091400000| Untracked 
| 108|0x0000000091400000, 0x0000000091500000, 0x0000000091500000|100%| O|  |TAMS 0x0000000091400000, 0x0000000091500000| Untracked 
| 109|0x0000000091500000, 0x0000000091600000, 0x0000000091600000|100%| O|  |TAMS 0x0000000091500000, 0x0000000091600000| Untracked 
| 110|0x0000000091600000, 0x0000000091700000, 0x0000000091700000|100%| O|  |TAMS 0x0000000091600000, 0x0000000091700000| Untracked 
| 111|0x0000000091700000, 0x00000000917d3200, 0x0000000091800000| 82%| O|  |TAMS 0x0000000091700000, 0x00000000917d3200| Untracked 
| 112|0x0000000091800000, 0x0000000091800000, 0x0000000091900000|  0%| F|  |TAMS 0x0000000091800000, 0x0000000091800000| Untracked 
| 113|0x0000000091900000, 0x0000000091900000, 0x0000000091a00000|  0%| F|  |TAMS 0x0000000091900000, 0x0000000091900000| Untracked 
| 114|0x0000000091a00000, 0x0000000091a00000, 0x0000000091b00000|  0%| F|  |TAMS 0x0000000091a00000, 0x0000000091a00000| Untracked 
| 115|0x0000000091b00000, 0x0000000091b00000, 0x0000000091c00000|  0%| F|  |TAMS 0x0000000091b00000, 0x0000000091b00000| Untracked 
| 116|0x0000000091c00000, 0x0000000091c00000, 0x0000000091d00000|  0%| F|  |TAMS 0x0000000091c00000, 0x0000000091c00000| Untracked 
| 117|0x0000000091d00000, 0x0000000091d00000, 0x0000000091e00000|  0%| F|  |TAMS 0x0000000091d00000, 0x0000000091d00000| Untracked 
| 118|0x0000000091e00000, 0x0000000091e00000, 0x0000000091f00000|  0%| F|  |TAMS 0x0000000091e00000, 0x0000000091e00000| Untracked 
| 119|0x0000000091f00000, 0x0000000091f00000, 0x0000000092000000|  0%| F|  |TAMS 0x0000000091f00000, 0x0000000091f00000| Untracked 
| 120|0x0000000092000000, 0x0000000092000000, 0x0000000092100000|  0%| F|  |TAMS 0x0000000092000000, 0x0000000092000000| Untracked 
| 121|0x0000000092100000, 0x0000000092100000, 0x0000000092200000|  0%| F|  |TAMS 0x0000000092100000, 0x0000000092100000| Untracked 
| 122|0x0000000092200000, 0x0000000092200000, 0x0000000092300000|  0%| F|  |TAMS 0x0000000092200000, 0x0000000092200000| Untracked 
| 123|0x0000000092300000, 0x0000000092300000, 0x0000000092400000|  0%| F|  |TAMS 0x0000000092300000, 0x0000000092300000| Untracked 
| 124|0x0000000092400000, 0x0000000092400000, 0x0000000092500000|  0%| F|  |TAMS 0x0000000092400000, 0x0000000092400000| Untracked 
| 125|0x0000000092500000, 0x0000000092500000, 0x0000000092600000|  0%| F|  |TAMS 0x0000000092500000, 0x0000000092500000| Untracked 
| 126|0x0000000092600000, 0x0000000092600000, 0x0000000092700000|  0%| F|  |TAMS 0x0000000092600000, 0x0000000092600000| Untracked 
| 127|0x0000000092700000, 0x0000000092700000, 0x0000000092800000|  0%| F|  |TAMS 0x0000000092700000, 0x0000000092700000| Untracked 
| 128|0x0000000092800000, 0x0000000092800000, 0x0000000092900000|  0%| F|  |TAMS 0x0000000092800000, 0x0000000092800000| Untracked 
| 129|0x0000000092900000, 0x0000000092900000, 0x0000000092a00000|  0%| F|  |TAMS 0x0000000092900000, 0x0000000092900000| Untracked 
| 130|0x0000000092a00000, 0x0000000092a00000, 0x0000000092b00000|  0%| F|  |TAMS 0x0000000092a00000, 0x0000000092a00000| Untracked 
| 131|0x0000000092b00000, 0x0000000092b00000, 0x0000000092c00000|  0%| F|  |TAMS 0x0000000092b00000, 0x0000000092b00000| Untracked 
| 132|0x0000000092c00000, 0x0000000092c00000, 0x0000000092d00000|  0%| F|  |TAMS 0x0000000092c00000, 0x0000000092c00000| Untracked 
| 133|0x0000000092d00000, 0x0000000092d00000, 0x0000000092e00000|  0%| F|  |TAMS 0x0000000092d00000, 0x0000000092d00000| Untracked 
| 134|0x0000000092e00000, 0x0000000092e00000, 0x0000000092f00000|  0%| F|  |TAMS 0x0000000092e00000, 0x0000000092e00000| Untracked 
| 135|0x0000000092f00000, 0x0000000092f00000, 0x0000000093000000|  0%| F|  |TAMS 0x0000000092f00000, 0x0000000092f00000| Untracked 
| 136|0x0000000093000000, 0x0000000093000000, 0x0000000093100000|  0%| F|  |TAMS 0x0000000093000000, 0x0000000093000000| Untracked 
| 137|0x0000000093100000, 0x0000000093100000, 0x0000000093200000|  0%| F|  |TAMS 0x0000000093100000, 0x0000000093100000| Untracked 
| 138|0x0000000093200000, 0x0000000093200000, 0x0000000093300000|  0%| F|  |TAMS 0x0000000093200000, 0x0000000093200000| Untracked 
| 139|0x0000000093300000, 0x0000000093300000, 0x0000000093400000|  0%| F|  |TAMS 0x0000000093300000, 0x0000000093300000| Untracked 
| 140|0x0000000093400000, 0x0000000093400000, 0x0000000093500000|  0%| F|  |TAMS 0x0000000093400000, 0x0000000093400000| Untracked 
| 141|0x0000000093500000, 0x0000000093500000, 0x0000000093600000|  0%| F|  |TAMS 0x0000000093500000, 0x0000000093500000| Untracked 
| 142|0x0000000093600000, 0x0000000093600000, 0x0000000093700000|  0%| F|  |TAMS 0x0000000093600000, 0x0000000093600000| Untracked 
| 143|0x0000000093700000, 0x0000000093700000, 0x0000000093800000|  0%| F|  |TAMS 0x0000000093700000, 0x0000000093700000| Untracked 
| 144|0x0000000093800000, 0x0000000093800000, 0x0000000093900000|  0%| F|  |TAMS 0x0000000093800000, 0x0000000093800000| Untracked 
| 145|0x0000000093900000, 0x0000000093900000, 0x0000000093a00000|  0%| F|  |TAMS 0x0000000093900000, 0x0000000093900000| Untracked 
| 146|0x0000000093a00000, 0x0000000093a00000, 0x0000000093b00000|  0%| F|  |TAMS 0x0000000093a00000, 0x0000000093a00000| Untracked 
| 147|0x0000000093b00000, 0x0000000093b00000, 0x0000000093c00000|  0%| F|  |TAMS 0x0000000093b00000, 0x0000000093b00000| Untracked 
| 148|0x0000000093c00000, 0x0000000093c00000, 0x0000000093d00000|  0%| F|  |TAMS 0x0000000093c00000, 0x0000000093c00000| Untracked 
| 149|0x0000000093d00000, 0x0000000093d00000, 0x0000000093e00000|  0%| F|  |TAMS 0x0000000093d00000, 0x0000000093d00000| Untracked 
| 150|0x0000000093e00000, 0x0000000093e00000, 0x0000000093f00000|  0%| F|  |TAMS 0x0000000093e00000, 0x0000000093e00000| Untracked 
| 151|0x0000000093f00000, 0x0000000093fa3c00, 0x0000000094000000| 63%| S|CS|TAMS 0x0000000093f00000, 0x0000000093f00000| Complete 
| 152|0x0000000094000000, 0x0000000094100000, 0x0000000094100000|100%| S|CS|TAMS 0x0000000094000000, 0x0000000094000000| Complete 
| 153|0x0000000094100000, 0x0000000094200000, 0x0000000094200000|100%| S|CS|TAMS 0x0000000094100000, 0x0000000094100000| Complete 
| 154|0x0000000094200000, 0x0000000094300000, 0x0000000094300000|100%| S|CS|TAMS 0x0000000094200000, 0x0000000094200000| Complete 
| 155|0x0000000094300000, 0x0000000094400000, 0x0000000094400000|100%| S|CS|TAMS 0x0000000094300000, 0x0000000094300000| Complete 
| 156|0x0000000094400000, 0x0000000094500000, 0x0000000094500000|100%| S|CS|TAMS 0x0000000094400000, 0x0000000094400000| Complete 
| 157|0x0000000094500000, 0x0000000094500000, 0x0000000094600000|  0%| F|  |TAMS 0x0000000094500000, 0x0000000094500000| Untracked 
| 158|0x0000000094600000, 0x0000000094600000, 0x0000000094700000|  0%| F|  |TAMS 0x0000000094600000, 0x0000000094600000| Untracked 
| 159|0x0000000094700000, 0x0000000094700000, 0x0000000094800000|  0%| F|  |TAMS 0x0000000094700000, 0x0000000094700000| Untracked 
| 160|0x0000000094800000, 0x0000000094800000, 0x0000000094900000|  0%| F|  |TAMS 0x0000000094800000, 0x0000000094800000| Untracked 
| 161|0x0000000094900000, 0x0000000094900000, 0x0000000094a00000|  0%| F|  |TAMS 0x0000000094900000, 0x0000000094900000| Untracked 
| 162|0x0000000094a00000, 0x0000000094a00000, 0x0000000094b00000|  0%| F|  |TAMS 0x0000000094a00000, 0x0000000094a00000| Untracked 
| 163|0x0000000094b00000, 0x0000000094b00000, 0x0000000094c00000|  0%| F|  |TAMS 0x0000000094b00000, 0x0000000094b00000| Untracked 
| 164|0x0000000094c00000, 0x0000000094c00000, 0x0000000094d00000|  0%| F|  |TAMS 0x0000000094c00000, 0x0000000094c00000| Untracked 
| 165|0x0000000094d00000, 0x0000000094d00000, 0x0000000094e00000|  0%| F|  |TAMS 0x0000000094d00000, 0x0000000094d00000| Untracked 
| 166|0x0000000094e00000, 0x0000000094e00000, 0x0000000094f00000|  0%| F|  |TAMS 0x0000000094e00000, 0x0000000094e00000| Untracked 
| 167|0x0000000094f00000, 0x0000000094f00000, 0x0000000095000000|  0%| F|  |TAMS 0x0000000094f00000, 0x0000000094f00000| Untracked 
| 168|0x0000000095000000, 0x0000000095000000, 0x0000000095100000|  0%| F|  |TAMS 0x0000000095000000, 0x0000000095000000| Untracked 
| 169|0x0000000095100000, 0x0000000095100000, 0x0000000095200000|  0%| F|  |TAMS 0x0000000095100000, 0x0000000095100000| Untracked 
| 170|0x0000000095200000, 0x0000000095200000, 0x0000000095300000|  0%| F|  |TAMS 0x0000000095200000, 0x0000000095200000| Untracked 
| 171|0x0000000095300000, 0x0000000095300000, 0x0000000095400000|  0%| F|  |TAMS 0x0000000095300000, 0x0000000095300000| Untracked 
| 172|0x0000000095400000, 0x0000000095400000, 0x0000000095500000|  0%| F|  |TAMS 0x0000000095400000, 0x0000000095400000| Untracked 
| 173|0x0000000095500000, 0x0000000095500000, 0x0000000095600000|  0%| F|  |TAMS 0x0000000095500000, 0x0000000095500000| Untracked 
| 174|0x0000000095600000, 0x0000000095600000, 0x0000000095700000|  0%| F|  |TAMS 0x0000000095600000, 0x0000000095600000| Untracked 
| 175|0x0000000095700000, 0x0000000095700000, 0x0000000095800000|  0%| F|  |TAMS 0x0000000095700000, 0x0000000095700000| Untracked 
| 176|0x0000000095800000, 0x0000000095800000, 0x0000000095900000|  0%| F|  |TAMS 0x0000000095800000, 0x0000000095800000| Untracked 
| 177|0x0000000095900000, 0x0000000095900000, 0x0000000095a00000|  0%| F|  |TAMS 0x0000000095900000, 0x0000000095900000| Untracked 
| 178|0x0000000095a00000, 0x0000000095a00000, 0x0000000095b00000|  0%| F|  |TAMS 0x0000000095a00000, 0x0000000095a00000| Untracked 
| 179|0x0000000095b00000, 0x0000000095b00000, 0x0000000095c00000|  0%| F|  |TAMS 0x0000000095b00000, 0x0000000095b00000| Untracked 
| 180|0x0000000095c00000, 0x0000000095c00000, 0x0000000095d00000|  0%| F|  |TAMS 0x0000000095c00000, 0x0000000095c00000| Untracked 
| 181|0x0000000095d00000, 0x0000000095d00000, 0x0000000095e00000|  0%| F|  |TAMS 0x0000000095d00000, 0x0000000095d00000| Untracked 
| 182|0x0000000095e00000, 0x0000000095e00000, 0x0000000095f00000|  0%| F|  |TAMS 0x0000000095e00000, 0x0000000095e00000| Untracked 
| 183|0x0000000095f00000, 0x0000000095f00000, 0x0000000096000000|  0%| F|  |TAMS 0x0000000095f00000, 0x0000000095f00000| Untracked 
| 184|0x0000000096000000, 0x0000000096000000, 0x0000000096100000|  0%| F|  |TAMS 0x0000000096000000, 0x0000000096000000| Untracked 
| 185|0x0000000096100000, 0x0000000096100000, 0x0000000096200000|  0%| F|  |TAMS 0x0000000096100000, 0x0000000096100000| Untracked 
| 186|0x0000000096200000, 0x0000000096200000, 0x0000000096300000|  0%| F|  |TAMS 0x0000000096200000, 0x0000000096200000| Untracked 
| 187|0x0000000096300000, 0x0000000096300000, 0x0000000096400000|  0%| F|  |TAMS 0x0000000096300000, 0x0000000096300000| Untracked 
| 188|0x0000000096400000, 0x0000000096400000, 0x0000000096500000|  0%| F|  |TAMS 0x0000000096400000, 0x0000000096400000| Untracked 
| 189|0x0000000096500000, 0x0000000096500000, 0x0000000096600000|  0%| F|  |TAMS 0x0000000096500000, 0x0000000096500000| Untracked 
| 190|0x0000000096600000, 0x0000000096600000, 0x0000000096700000|  0%| F|  |TAMS 0x0000000096600000, 0x0000000096600000| Untracked 
| 191|0x0000000096700000, 0x0000000096700000, 0x0000000096800000|  0%| F|  |TAMS 0x0000000096700000, 0x0000000096700000| Untracked 
| 192|0x0000000096800000, 0x0000000096800000, 0x0000000096900000|  0%| F|  |TAMS 0x0000000096800000, 0x0000000096800000| Untracked 
| 193|0x0000000096900000, 0x0000000096900000, 0x0000000096a00000|  0%| F|  |TAMS 0x0000000096900000, 0x0000000096900000| Untracked 
| 194|0x0000000096a00000, 0x0000000096a00000, 0x0000000096b00000|  0%| F|  |TAMS 0x0000000096a00000, 0x0000000096a00000| Untracked 
| 195|0x0000000096b00000, 0x0000000096b00000, 0x0000000096c00000|  0%| F|  |TAMS 0x0000000096b00000, 0x0000000096b00000| Untracked 
| 196|0x0000000096c00000, 0x0000000096c00000, 0x0000000096d00000|  0%| F|  |TAMS 0x0000000096c00000, 0x0000000096c00000| Untracked 
| 197|0x0000000096d00000, 0x0000000096d00000, 0x0000000096e00000|  0%| F|  |TAMS 0x0000000096d00000, 0x0000000096d00000| Untracked 
| 198|0x0000000096e00000, 0x0000000096e00000, 0x0000000096f00000|  0%| F|  |TAMS 0x0000000096e00000, 0x0000000096e00000| Untracked 
| 199|0x0000000096f00000, 0x0000000096f00000, 0x0000000097000000|  0%| F|  |TAMS 0x0000000096f00000, 0x0000000096f00000| Untracked 
| 200|0x0000000097000000, 0x0000000097000000, 0x0000000097100000|  0%| F|  |TAMS 0x0000000097000000, 0x0000000097000000| Untracked 
| 201|0x0000000097100000, 0x0000000097100000, 0x0000000097200000|  0%| F|  |TAMS 0x0000000097100000, 0x0000000097100000| Untracked 
| 202|0x0000000097200000, 0x0000000097200000, 0x0000000097300000|  0%| F|  |TAMS 0x0000000097200000, 0x0000000097200000| Untracked 
| 203|0x0000000097300000, 0x0000000097300000, 0x0000000097400000|  0%| F|  |TAMS 0x0000000097300000, 0x0000000097300000| Untracked 
| 204|0x0000000097400000, 0x0000000097400000, 0x0000000097500000|  0%| F|  |TAMS 0x0000000097400000, 0x0000000097400000| Untracked 
| 205|0x0000000097500000, 0x0000000097500000, 0x0000000097600000|  0%| F|  |TAMS 0x0000000097500000, 0x0000000097500000| Untracked 
| 206|0x0000000097600000, 0x0000000097600000, 0x0000000097700000|  0%| F|  |TAMS 0x0000000097600000, 0x0000000097600000| Untracked 
| 207|0x0000000097700000, 0x0000000097700000, 0x0000000097800000|  0%| F|  |TAMS 0x0000000097700000, 0x0000000097700000| Untracked 
| 208|0x0000000097800000, 0x0000000097800000, 0x0000000097900000|  0%| F|  |TAMS 0x0000000097800000, 0x0000000097800000| Untracked 
| 209|0x0000000097900000, 0x0000000097900000, 0x0000000097a00000|  0%| F|  |TAMS 0x0000000097900000, 0x0000000097900000| Untracked 
| 210|0x0000000097a00000, 0x0000000097a00000, 0x0000000097b00000|  0%| F|  |TAMS 0x0000000097a00000, 0x0000000097a00000| Untracked 
| 211|0x0000000097b00000, 0x0000000097b00000, 0x0000000097c00000|  0%| F|  |TAMS 0x0000000097b00000, 0x0000000097b00000| Untracked 
| 212|0x0000000097c00000, 0x0000000097c00000, 0x0000000097d00000|  0%| F|  |TAMS 0x0000000097c00000, 0x0000000097c00000| Untracked 
| 213|0x0000000097d00000, 0x0000000097d00000, 0x0000000097e00000|  0%| F|  |TAMS 0x0000000097d00000, 0x0000000097d00000| Untracked 
| 214|0x0000000097e00000, 0x0000000097e00000, 0x0000000097f00000|  0%| F|  |TAMS 0x0000000097e00000, 0x0000000097e00000| Untracked 
| 215|0x0000000097f00000, 0x0000000097f00000, 0x0000000098000000|  0%| F|  |TAMS 0x0000000097f00000, 0x0000000097f00000| Untracked 
| 216|0x0000000098000000, 0x0000000098000000, 0x0000000098100000|  0%| F|  |TAMS 0x0000000098000000, 0x0000000098000000| Untracked 
| 217|0x0000000098100000, 0x0000000098100000, 0x0000000098200000|  0%| F|  |TAMS 0x0000000098100000, 0x0000000098100000| Untracked 
| 218|0x0000000098200000, 0x0000000098200000, 0x0000000098300000|  0%| F|  |TAMS 0x0000000098200000, 0x0000000098200000| Untracked 
| 219|0x0000000098300000, 0x0000000098300000, 0x0000000098400000|  0%| F|  |TAMS 0x0000000098300000, 0x0000000098300000| Untracked 
| 220|0x0000000098400000, 0x0000000098400000, 0x0000000098500000|  0%| F|  |TAMS 0x0000000098400000, 0x0000000098400000| Untracked 
| 221|0x0000000098500000, 0x0000000098500000, 0x0000000098600000|  0%| F|  |TAMS 0x0000000098500000, 0x0000000098500000| Untracked 
| 222|0x0000000098600000, 0x0000000098600000, 0x0000000098700000|  0%| F|  |TAMS 0x0000000098600000, 0x0000000098600000| Untracked 
| 223|0x0000000098700000, 0x0000000098700000, 0x0000000098800000|  0%| F|  |TAMS 0x0000000098700000, 0x0000000098700000| Untracked 
| 224|0x0000000098800000, 0x0000000098800000, 0x0000000098900000|  0%| F|  |TAMS 0x0000000098800000, 0x0000000098800000| Untracked 
| 225|0x0000000098900000, 0x0000000098900000, 0x0000000098a00000|  0%| F|  |TAMS 0x0000000098900000, 0x0000000098900000| Untracked 
| 226|0x0000000098a00000, 0x0000000098a00000, 0x0000000098b00000|  0%| F|  |TAMS 0x0000000098a00000, 0x0000000098a00000| Untracked 
| 227|0x0000000098b00000, 0x0000000098b00000, 0x0000000098c00000|  0%| F|  |TAMS 0x0000000098b00000, 0x0000000098b00000| Untracked 
| 228|0x0000000098c00000, 0x0000000098c00000, 0x0000000098d00000|  0%| F|  |TAMS 0x0000000098c00000, 0x0000000098c00000| Untracked 
| 229|0x0000000098d00000, 0x0000000098d00000, 0x0000000098e00000|  0%| F|  |TAMS 0x0000000098d00000, 0x0000000098d00000| Untracked 
| 230|0x0000000098e00000, 0x0000000098e00000, 0x0000000098f00000|  0%| F|  |TAMS 0x0000000098e00000, 0x0000000098e00000| Untracked 
| 231|0x0000000098f00000, 0x0000000098f00000, 0x0000000099000000|  0%| F|  |TAMS 0x0000000098f00000, 0x0000000098f00000| Untracked 
| 232|0x0000000099000000, 0x0000000099000000, 0x0000000099100000|  0%| F|  |TAMS 0x0000000099000000, 0x0000000099000000| Untracked 

Card table byte_map: [0x000002dbbd140000,0x000002dbbd4f0000] _byte_map_base: 0x000002dbbccec000

Marking Bits (Prev, Next): (CMBitMap*) 0x000002dbaa3c3e10, (CMBitMap*) 0x000002dbaa3c3dd0
 Prev Bits: [0x000002dbbf600000, 0x000002dbc1360000)
 Next Bits: [0x000002dbbd8a0000, 0x000002dbbf600000)

Polling page: 0x000002dba82a0000

Metaspace:

Usage:
  Non-class:     60.92 MB used.
      Class:      7.61 MB used.
       Both:     68.53 MB used.

Virtual space:
  Non-class space:       64.00 MB reserved,      61.12 MB ( 96%) committed,  1 nodes.
      Class space:        1.00 GB reserved,       7.75 MB ( <1%) committed,  1 nodes.
             Both:        1.06 GB reserved,      68.88 MB (  6%) committed. 

Chunk freelists:
   Non-Class:  2.81 MB
       Class:  8.20 MB
        Both:  11.01 MB

MaxMetaspaceSize: unlimited
CompressedClassSpaceSize: 1.00 GB
Initial GC threshold: 21.00 MB
Current GC threshold: 113.38 MB
CDS: off
MetaspaceReclaimPolicy: balanced
 - commit_granule_bytes: 65536.
 - commit_granule_words: 8192.
 - virtual_space_node_default_size: 8388608.
 - enlarge_chunks_in_place: 1.
 - new_chunks_are_fully_committed: 0.
 - uncommit_free_chunks: 1.
 - use_allocation_guard: 0.
 - handle_deallocations: 1.


Internal statistics:

num_allocs_failed_limit: 6.
num_arena_births: 414.
num_arena_deaths: 0.
num_vsnodes_births: 2.
num_vsnodes_deaths: 0.
num_space_committed: 1100.
num_space_uncommitted: 0.
num_chunks_returned_to_freelist: 6.
num_chunks_taken_from_freelist: 2757.
num_chunk_merges: 3.
num_chunk_splits: 2080.
num_chunks_enlarged: 1731.
num_inconsistent_stats: 0.

CodeHeap 'non-profiled nmethods': size=120000Kb used=7750Kb max_used=7750Kb free=112249Kb
 bounds [0x000002dbb5310000, 0x000002dbb5ab0000, 0x000002dbbc840000]
CodeHeap 'profiled nmethods': size=120000Kb used=33461Kb max_used=33461Kb free=86538Kb
 bounds [0x000002dbad840000, 0x000002dbaf8f0000, 0x000002dbb4d70000]
CodeHeap 'non-nmethods': size=5760Kb used=1320Kb max_used=1445Kb free=4439Kb
 bounds [0x000002dbb4d70000, 0x000002dbb4fe0000, 0x000002dbb5310000]
 total_blobs=12414 nmethods=11781 adapters=542
 compilation: enabled
              stopped_count=0, restarted_count=0
 full_count=0

Compilation events (20 events):
Event: 13.194 Thread 0x000002dbc41703e0 14564       2       org.jetbrains.kotlin.types.TypeCheckerState::clear (30 bytes)
Event: 13.194 Thread 0x000002dbc41703e0 nmethod 14564 0x000002dbaf8e9090 code [0x000002dbaf8e92a0, 0x000002dbaf8e96f8]
Event: 13.194 Thread 0x000002dbc41703e0 14565       2       java.util.ArrayDeque::clear (26 bytes)
Event: 13.194 Thread 0x000002dbc41703e0 nmethod 14565 0x000002dbaf8e9a10 code [0x000002dbaf8e9ba0, 0x000002dbaf8e9ce8]
Event: 13.194 Thread 0x000002dbc41703e0 14566       2       org.jetbrains.kotlin.resolve.calls.inference.components.TrivialConstraintTypeInferenceOracle::containsOnlyNonNullableNothing (17 bytes)
Event: 13.195 Thread 0x000002dbc41703e0 nmethod 14566 0x000002dbaf8e9d90 code [0x000002dbaf8e9f80, 0x000002dbaf8ea328]
Event: 13.195 Thread 0x000002dbc41703e0 14563       2       org.jetbrains.kotlin.types.checker.ClassicTypeSystemContext$DefaultImpls::singleBestRepresentative (14 bytes)
Event: 13.195 Thread 0x000002dbc41703e0 nmethod 14563 0x000002dbaf8ea590 code [0x000002dbaf8ea760, 0x000002dbaf8ea9e8]
Event: 13.198 Thread 0x000002dbc41703e0 14567       2       org.jetbrains.kotlin.psi.KtVisitorVoid::visitValueArgumentList (10 bytes)
Event: 13.198 Thread 0x000002dbc41703e0 nmethod 14567 0x000002dbaf8eac10 code [0x000002dbaf8eade0, 0x000002dbaf8eb028]
Event: 13.199 Thread 0x000002dbc41703e0 14568       2       org.jetbrains.kotlin.psi.KtVisitorVoid::visitValueArgumentList (17 bytes)
Event: 13.199 Thread 0x000002dbc41703e0 nmethod 14568 0x000002dbaf8eb210 code [0x000002dbaf8eb3e0, 0x000002dbaf8eb5e8]
Event: 13.199 Thread 0x000002dbc41703e0 14569       2       org.jetbrains.kotlin.psi.KtVisitorVoid::visitValueArgumentList (17 bytes)
Event: 13.199 Thread 0x000002dbc41703e0 nmethod 14569 0x000002dbaf8eb790 code [0x000002dbaf8eb960, 0x000002dbaf8ebb38]
Event: 13.212 Thread 0x000002dbc41703e0 14570       2       org.jetbrains.kotlin.resolve.calls.components.CompletionModeCalculator$CalculatorForNestedCall::computeDirections (136 bytes)
Event: 13.213 Thread 0x000002dbc41703e0 nmethod 14570 0x000002dbaf8ebc90 code [0x000002dbaf8ebf40, 0x000002dbaf8ec748]
Event: 13.213 Thread 0x000002dbc41703e0 14571       2       org.jetbrains.kotlin.resolve.calls.components.CompletionModeCalculator$CalculatorForNestedCall::compositeVariance (93 bytes)
Event: 13.214 Thread 0x000002dbc41703e0 nmethod 14571 0x000002dbaf8ecc10 code [0x000002dbaf8ece80, 0x000002dbaf8ed508]
Event: 13.222 Thread 0x000002dbc41703e0 14573       2       kotlin.collections.CollectionsKt___CollectionsKt::toMutableList (39 bytes)
Event: 13.223 Thread 0x000002dbc41703e0 nmethod 14573 0x000002dbaf8ed990 code [0x000002dbaf8edbe0, 0x000002dbaf8ee278]

GC Heap History (20 events):
Event: 6.153 GC heap after
{Heap after GC invocations=28 (full 0):
 garbage-first heap   total 128000K, used 76181K [0x000000008a800000, 0x0000000100000000)
  region size 1024K, 1 young (1024K), 1 survivors (1024K)
 Metaspace       used 64677K, committed 65024K, reserved 1114112K
  class space    used 7463K, committed 7616K, reserved 1048576K
}
Event: 6.911 GC heap before
{Heap before GC invocations=28 (full 0):
 garbage-first heap   total 128000K, used 102805K [0x000000008a800000, 0x0000000100000000)
  region size 1024K, 27 young (27648K), 1 survivors (1024K)
 Metaspace       used 65727K, committed 66048K, reserved 1114112K
  class space    used 7482K, committed 7616K, reserved 1048576K
}
Event: 6.918 GC heap after
{Heap after GC invocations=29 (full 0):
 garbage-first heap   total 238592K, used 78386K [0x000000008a800000, 0x0000000100000000)
  region size 1024K, 3 young (3072K), 3 survivors (3072K)
 Metaspace       used 65727K, committed 66048K, reserved 1114112K
  class space    used 7482K, committed 7616K, reserved 1048576K
}
Event: 9.069 GC heap before
{Heap before GC invocations=30 (full 0):
 garbage-first heap   total 238592K, used 180786K [0x000000008a800000, 0x0000000100000000)
  region size 1024K, 102 young (104448K), 3 survivors (3072K)
 Metaspace       used 68509K, committed 68864K, reserved 1114112K
  class space    used 7696K, committed 7872K, reserved 1048576K
}
Event: 9.084 GC heap after
{Heap after GC invocations=31 (full 0):
 garbage-first heap   total 238592K, used 88968K [0x000000008a800000, 0x0000000100000000)
  region size 1024K, 13 young (13312K), 13 survivors (13312K)
 Metaspace       used 68509K, committed 68864K, reserved 1114112K
  class space    used 7696K, committed 7872K, reserved 1048576K
}
Event: 9.103 GC heap before
{Heap before GC invocations=31 (full 0):
 garbage-first heap   total 238592K, used 89992K [0x000000008a800000, 0x0000000100000000)
  region size 1024K, 14 young (14336K), 13 survivors (13312K)
 Metaspace       used 68512K, committed 68864K, reserved 1114112K
  class space    used 7696K, committed 7872K, reserved 1048576K
}
Event: 9.111 GC heap after
{Heap after GC invocations=32 (full 0):
 garbage-first heap   total 238592K, used 90472K [0x000000008a800000, 0x0000000100000000)
  region size 1024K, 2 young (2048K), 2 survivors (2048K)
 Metaspace       used 68512K, committed 68864K, reserved 1114112K
  class space    used 7696K, committed 7872K, reserved 1048576K
}
Event: 9.132 GC heap before
{Heap before GC invocations=32 (full 0):
 garbage-first heap   total 238592K, used 91496K [0x000000008a800000, 0x0000000100000000)
  region size 1024K, 4 young (4096K), 2 survivors (2048K)
 Metaspace       used 68517K, committed 68864K, reserved 1114112K
  class space    used 7696K, committed 7872K, reserved 1048576K
}
Event: 9.134 GC heap after
{Heap after GC invocations=33 (full 0):
 garbage-first heap   total 238592K, used 89159K [0x000000008a800000, 0x0000000100000000)
  region size 1024K, 1 young (1024K), 1 survivors (1024K)
 Metaspace       used 68517K, committed 68864K, reserved 1114112K
  class space    used 7696K, committed 7872K, reserved 1048576K
}
Event: 9.386 GC heap before
{Heap before GC invocations=34 (full 0):
 garbage-first heap   total 238592K, used 179271K [0x000000008a800000, 0x0000000100000000)
  region size 1024K, 87 young (89088K), 1 survivors (1024K)
 Metaspace       used 68518K, committed 68864K, reserved 1114112K
  class space    used 7696K, committed 7872K, reserved 1048576K
}
Event: 9.393 GC heap after
{Heap after GC invocations=35 (full 0):
 garbage-first heap   total 238592K, used 98646K [0x000000008a800000, 0x0000000100000000)
  region size 1024K, 8 young (8192K), 8 survivors (8192K)
 Metaspace       used 68518K, committed 68864K, reserved 1114112K
  class space    used 7696K, committed 7872K, reserved 1048576K
}
Event: 9.396 GC heap before
{Heap before GC invocations=35 (full 0):
 garbage-first heap   total 238592K, used 101718K [0x000000008a800000, 0x0000000100000000)
  region size 1024K, 11 young (11264K), 8 survivors (8192K)
 Metaspace       used 68518K, committed 68864K, reserved 1114112K
  class space    used 7696K, committed 7872K, reserved 1048576K
}
Event: 9.401 GC heap after
{Heap after GC invocations=36 (full 0):
 garbage-first heap   total 238592K, used 99367K [0x000000008a800000, 0x0000000100000000)
  region size 1024K, 2 young (2048K), 2 survivors (2048K)
 Metaspace       used 68518K, committed 68864K, reserved 1114112K
  class space    used 7696K, committed 7872K, reserved 1048576K
}
Event: 10.887 GC heap before
{Heap before GC invocations=36 (full 0):
 garbage-first heap   total 238592K, used 184359K [0x000000008a800000, 0x0000000100000000)
  region size 1024K, 85 young (87040K), 2 survivors (2048K)
 Metaspace       used 69292K, committed 69632K, reserved 1114112K
  class space    used 7763K, committed 7936K, reserved 1048576K
}
Event: 10.898 GC heap after
{Heap after GC invocations=37 (full 0):
 garbage-first heap   total 238592K, used 107750K [0x000000008a800000, 0x0000000100000000)
  region size 1024K, 10 young (10240K), 10 survivors (10240K)
 Metaspace       used 69292K, committed 69632K, reserved 1114112K
  class space    used 7763K, committed 7936K, reserved 1048576K
}
Event: 12.084 GC heap before
{Heap before GC invocations=38 (full 0):
 garbage-first heap   total 238592K, used 188646K [0x000000008a800000, 0x0000000100000000)
  region size 1024K, 89 young (91136K), 10 survivors (10240K)
 Metaspace       used 69798K, committed 70144K, reserved 1114112K
  class space    used 7791K, committed 7936K, reserved 1048576K
}
Event: 12.100 GC heap after
{Heap after GC invocations=39 (full 0):
 garbage-first heap   total 238592K, used 113905K [0x000000008a800000, 0x0000000100000000)
  region size 1024K, 9 young (9216K), 9 survivors (9216K)
 Metaspace       used 69798K, committed 70144K, reserved 1114112K
  class space    used 7791K, committed 7936K, reserved 1048576K
}
Event: 12.128 GC heap before
{Heap before GC invocations=39 (full 0):
 garbage-first heap   total 238592K, used 115953K [0x000000008a800000, 0x0000000100000000)
  region size 1024K, 11 young (11264K), 9 survivors (9216K)
 Metaspace       used 69804K, committed 70144K, reserved 1114112K
  class space    used 7791K, committed 7936K, reserved 1048576K
}
Event: 12.135 GC heap after
{Heap after GC invocations=40 (full 0):
 garbage-first heap   total 238592K, used 114821K [0x000000008a800000, 0x0000000100000000)
  region size 1024K, 2 young (2048K), 2 survivors (2048K)
 Metaspace       used 69804K, committed 70144K, reserved 1114112K
  class space    used 7791K, committed 7936K, reserved 1048576K
}
Event: 13.237 GC heap before
{Heap before GC invocations=40 (full 0):
 garbage-first heap   total 238592K, used 190597K [0x000000008a800000, 0x0000000100000000)
  region size 1024K, 76 young (77824K), 2 survivors (2048K)
 Metaspace       used 70177K, committed 70528K, reserved 1114112K
  class space    used 7797K, committed 7936K, reserved 1048576K
}

Dll operation events (2 events):
Event: 0.006 Loaded shared library C:\Program Files\Android\Android Studio1\jbr\bin\java.dll
Event: 0.712 Loaded shared library C:\Program Files\Android\Android Studio1\jbr\bin\verify.dll

Deoptimization events (20 events):
Event: 12.908 Thread 0x000002dbaa36b870 Uncommon trap: trap_request=0xffffffc6 fr.pc=0x000002dbb5a11b38 relative=0x0000000000002498
Event: 12.908 Thread 0x000002dbaa36b870 Uncommon trap: reason=bimorphic_or_optimized_type_check action=maybe_recompile pc=0x000002dbb5a11b38 method=org.jetbrains.kotlin.resolve.LazyExplicitImportScope.getContributedClassifier(Lorg/jetbrains/kotlin/name/Name;Lorg/jetbrains/kotlin/incremental/com
Event: 12.908 Thread 0x000002dbaa36b870 DEOPT PACKING pc=0x000002dbb5a11b38 sp=0x000000f059df4d60
Event: 12.908 Thread 0x000002dbaa36b870 DEOPT UNPACKING pc=0x000002dbb4dc69a3 sp=0x000000f059df4cd8 mode 2
Event: 12.908 Thread 0x000002dbaa36b870 Uncommon trap: trap_request=0xffffffc6 fr.pc=0x000002dbb5a11b38 relative=0x0000000000002498
Event: 12.908 Thread 0x000002dbaa36b870 Uncommon trap: reason=bimorphic_or_optimized_type_check action=maybe_recompile pc=0x000002dbb5a11b38 method=org.jetbrains.kotlin.resolve.LazyExplicitImportScope.getContributedClassifier(Lorg/jetbrains/kotlin/name/Name;Lorg/jetbrains/kotlin/incremental/com
Event: 12.908 Thread 0x000002dbaa36b870 DEOPT PACKING pc=0x000002dbb5a11b38 sp=0x000000f059df4ca0
Event: 12.908 Thread 0x000002dbaa36b870 DEOPT UNPACKING pc=0x000002dbb4dc69a3 sp=0x000000f059df4c18 mode 2
Event: 12.919 Thread 0x000002dbaa36b870 Uncommon trap: trap_request=0xffffff45 fr.pc=0x000002dbb5a4ee60 relative=0x0000000000000360
Event: 12.919 Thread 0x000002dbaa36b870 Uncommon trap: reason=unstable_if action=reinterpret pc=0x000002dbb5a4ee60 method=org.jetbrains.kotlin.types.AbstractNullabilityChecker.runIsPossibleSubtype(Lorg/jetbrains/kotlin/types/TypeCheckerState;Lorg/jetbrains/kotlin/types/model/SimpleTypeMarker;Lo
Event: 12.919 Thread 0x000002dbaa36b870 DEOPT PACKING pc=0x000002dbb5a4ee60 sp=0x000000f059df6e00
Event: 12.919 Thread 0x000002dbaa36b870 DEOPT UNPACKING pc=0x000002dbb4dc69a3 sp=0x000000f059df6d90 mode 2
Event: 12.940 Thread 0x000002dbaa36b870 Uncommon trap: trap_request=0xffffffde fr.pc=0x000002dbb5673b04 relative=0x00000000000001a4
Event: 12.940 Thread 0x000002dbaa36b870 Uncommon trap: reason=class_check action=maybe_recompile pc=0x000002dbb5673b04 method=org.jetbrains.kotlin.types.model.TypeSystemCommonSuperTypesContext.typeDepth(Lorg/jetbrains/kotlin/types/model/KotlinTypeMarker;)I @ 41 c2
Event: 12.940 Thread 0x000002dbaa36b870 DEOPT PACKING pc=0x000002dbb5673b04 sp=0x000000f059dfaa60
Event: 12.940 Thread 0x000002dbaa36b870 DEOPT UNPACKING pc=0x000002dbb4dc69a3 sp=0x000000f059dfa9f8 mode 2
Event: 13.075 Thread 0x000002dbaa36b870 Uncommon trap: trap_request=0xffffff45 fr.pc=0x000002dbb5a490f0 relative=0x0000000000002d50
Event: 13.075 Thread 0x000002dbaa36b870 Uncommon trap: reason=unstable_if action=reinterpret pc=0x000002dbb5a490f0 method=org.jetbrains.kotlin.types.AbstractStrictEqualityTypeChecker.strictEqualSimpleTypes(Lorg/jetbrains/kotlin/types/model/TypeSystemContext;Lorg/jetbrains/kotlin/types/model/Sim
Event: 13.075 Thread 0x000002dbaa36b870 DEOPT PACKING pc=0x000002dbb5a490f0 sp=0x000000f059dfad40
Event: 13.075 Thread 0x000002dbaa36b870 DEOPT UNPACKING pc=0x000002dbb4dc69a3 sp=0x000000f059dfab80 mode 2

Classes unloaded (0 events):
No events

Classes redefined (0 events):
No events

Internal exceptions (20 events):
Event: 4.865 Thread 0x000002dbaa36b870 Exception <a 'java/lang/NoSuchMethodError'{0x0000000090739030}: 'java.lang.Object java.lang.invoke.DirectMethodHandle$Holder.invokeStaticInit(java.lang.Object, java.lang.Object, java.lang.Object)'> (0x0000000090739030) 
thrown [s\src\hotspot\share\interpreter\linkResolver.cpp, line 771]
Event: 5.239 Thread 0x000002dbaa36b870 Exception <a 'java/lang/NoSuchMethodError'{0x00000000913a6548}: 'java.lang.Object java.lang.invoke.DirectMethodHandle$Holder.newInvokeSpecial(java.lang.Object, int, java.lang.Object)'> (0x00000000913a6548) 
thrown [s\src\hotspot\share\interpreter\linkResolver.cpp, line 771]
Event: 5.240 Thread 0x000002dbaa36b870 Exception <a 'java/lang/NoSuchMethodError'{0x00000000913ac8d8}: 'int java.lang.invoke.DirectMethodHandle$Holder.invokeInterface(java.lang.Object, java.lang.Object)'> (0x00000000913ac8d8) 
thrown [s\src\hotspot\share\interpreter\linkResolver.cpp, line 771]
Event: 5.373 Thread 0x000002dbaa36b870 Exception <a 'java/lang/NoSuchMethodError'{0x00000000908de4a8}: 'java.lang.Object java.lang.invoke.DirectMethodHandle$Holder.invokeStatic(java.lang.Object, int, java.lang.Object)'> (0x00000000908de4a8) 
thrown [s\src\hotspot\share\interpreter\linkResolver.cpp, line 771]
Event: 5.722 Thread 0x000002dbaa36b870 Implicit null exception at 0x000002dbb56c4a97 to 0x000002dbb56c4fcb
Event: 5.729 Thread 0x000002dbaa36b870 Exception <a 'java/lang/NoSuchMethodError'{0x000000009144c9b8}: 'int java.lang.invoke.DirectMethodHandle$Holder.invokeStaticInit(java.lang.Object, int)'> (0x000000009144c9b8) 
thrown [s\src\hotspot\share\interpreter\linkResolver.cpp, line 771]
Event: 5.811 Thread 0x000002dbaa36b870 Exception <a 'java/lang/NoSuchMethodError'{0x0000000091101848}: 'java.lang.Object java.lang.invoke.DirectMethodHandle$Holder.newInvokeSpecial(java.lang.Object, java.lang.Object, java.lang.Object, java.lang.Object, java.lang.Object, java.lang.Object, java.lang.Object)'> (0x0000000091101848) 
thrown [s\src\hotspot\share\interpreter\linkResolver.cpp, line 771]
Event: 5.811 Thread 0x000002dbaa36b870 Exception <a 'java/lang/NoSuchMethodError'{0x0000000091106400}: 'java.lang.Object java.lang.invoke.Invokers$Holder.linkToTargetMethod(java.lang.Object, java.lang.Object, java.lang.Object, java.lang.Object, java.lang.Object, java.lang.Object, java.lang.Object)'> (0x0000000091106400) 
thrown [s\src\hotspot\share\interpreter\linkResolver.cpp, line 771]
Event: 5.844 Thread 0x000002dbaa36b870 Exception <a 'java/lang/NoSuchMethodError'{0x0000000091066a98}: 'java.lang.Object java.lang.invoke.DirectMethodHandle$Holder.invokeInterface(java.lang.Object, java.lang.Object, java.lang.Object)'> (0x0000000091066a98) 
thrown [s\src\hotspot\share\interpreter\linkResolver.cpp, line 771]
Event: 5.845 Thread 0x000002dbaa36b870 Exception <a 'java/lang/IncompatibleClassChangeError'{0x000000009106a408}: Found class java.lang.Object, but interface was expected> (0x000000009106a408) 
thrown [s\src\hotspot\share\interpreter\linkResolver.cpp, line 838]
Event: 7.984 Thread 0x000002dbaa36b870 Implicit null exception at 0x000002dbb57dc498 to 0x000002dbb57dcc30
Event: 7.990 Thread 0x000002dbaa36b870 Implicit null exception at 0x000002dbb532bbf2 to 0x000002dbb532c1c0
Event: 8.001 Thread 0x000002dbaa36b870 Implicit null exception at 0x000002dbb532cf72 to 0x000002dbb532d550
Event: 8.254 Thread 0x000002dbaa36b870 Exception <a 'java/lang/NoSuchMethodError'{0x0000000094e02980}: 'void java.lang.invoke.DirectMethodHandle$Holder.invokeStatic(java.lang.Object, java.lang.Object, java.lang.Object)'> (0x0000000094e02980) 
thrown [s\src\hotspot\share\interpreter\linkResolver.cpp, line 771]
Event: 10.365 Thread 0x000002dbaa36b870 Exception <a 'java/lang/NoSuchMethodError'{0x000000009548a5e0}: 'java.lang.Object java.lang.invoke.DirectMethodHandle$Holder.newInvokeSpecial(java.lang.Object, int, java.lang.Object, java.lang.Object)'> (0x000000009548a5e0) 
thrown [s\src\hotspot\share\interpreter\linkResolver.cpp, line 771]
Event: 11.261 Thread 0x000002dbaa36b870 Implicit null exception at 0x000002dbb5378858 to 0x000002dbb53788ea
Event: 11.369 Thread 0x000002dbaa36b870 Implicit null exception at 0x000002dbb57645b4 to 0x000002dbb5764641
Event: 11.406 Thread 0x000002dbaa36b870 Implicit null exception at 0x000002dbb55839f7 to 0x000002dbb5583f5c
Event: 11.407 Thread 0x000002dbaa36b870 Implicit null exception at 0x000002dbb541dafc to 0x000002dbb541e0f4
Event: 11.480 Thread 0x000002dbaa36b870 Implicit null exception at 0x000002dbb53cc51a to 0x000002dbb53cc688

VM Operations (20 events):
Event: 11.475 Executing VM operation: ICBufferFull done
Event: 11.819 Executing VM operation: ICBufferFull
Event: 11.819 Executing VM operation: ICBufferFull done
Event: 11.985 Executing VM operation: ICBufferFull
Event: 11.985 Executing VM operation: ICBufferFull done
Event: 12.068 Executing VM operation: ICBufferFull
Event: 12.069 Executing VM operation: ICBufferFull done
Event: 12.084 Executing VM operation: G1CollectForAllocation
Event: 12.100 Executing VM operation: G1CollectForAllocation done
Event: 12.128 Executing VM operation: G1CollectForAllocation
Event: 12.135 Executing VM operation: G1CollectForAllocation done
Event: 12.480 Executing VM operation: ICBufferFull
Event: 12.480 Executing VM operation: ICBufferFull done
Event: 12.581 Executing VM operation: HandshakeAllThreads
Event: 12.581 Executing VM operation: HandshakeAllThreads done
Event: 12.621 Executing VM operation: ICBufferFull
Event: 12.621 Executing VM operation: ICBufferFull done
Event: 12.898 Executing VM operation: ICBufferFull
Event: 12.898 Executing VM operation: ICBufferFull done
Event: 13.237 Executing VM operation: G1CollectForAllocation

Events (20 events):
Event: 12.583 Thread 0x000002dbc417bc70 flushing nmethod 0x000002dbb5863210
Event: 12.584 Thread 0x000002dbc417bc70 flushing nmethod 0x000002dbb5896a10
Event: 12.584 Thread 0x000002dbc417bc70 flushing nmethod 0x000002dbb589a490
Event: 12.584 Thread 0x000002dbc417bc70 flushing nmethod 0x000002dbb5904890
Event: 12.584 Thread 0x000002dbc417bc70 flushing nmethod 0x000002dbb594ab10
Event: 12.584 Thread 0x000002dbc417bc70 flushing nmethod 0x000002dbb5956a90
Event: 12.584 Thread 0x000002dbc417bc70 flushing nmethod 0x000002dbb59c3a10
Event: 12.588 Thread 0x000002dbc417bc70 flushing nmethod 0x000002dbadcdd390
Event: 12.588 Thread 0x000002dbc417bc70 flushing nmethod 0x000002dbadd4ca90
Event: 12.590 Thread 0x000002dbc417bc70 flushing nmethod 0x000002dbae098790
Event: 12.591 Thread 0x000002dbc417bc70 flushing nmethod 0x000002dbae1b0790
Event: 12.592 Thread 0x000002dbc417bc70 flushing nmethod 0x000002dbae363d90
Event: 12.594 Thread 0x000002dbc417bc70 flushing nmethod 0x000002dbae79db90
Event: 12.598 Thread 0x000002dbc417bc70 flushing nmethod 0x000002dbaed2a510
Event: 12.598 Thread 0x000002dbc417bc70 flushing nmethod 0x000002dbaed50310
Event: 12.599 Thread 0x000002dbc417bc70 flushing nmethod 0x000002dbaedb4490
Event: 12.599 Thread 0x000002dbc417bc70 flushing nmethod 0x000002dbaede8810
Event: 12.599 Thread 0x000002dbc417bc70 flushing nmethod 0x000002dbaee13b90
Event: 12.599 Thread 0x000002dbc417bc70 flushing nmethod 0x000002dbaee1f310
Event: 12.599 Thread 0x000002dbc417bc70 flushing nmethod 0x000002dbaeec6f10


Dynamic libraries:
0x00007ff6e7cd0000 - 0x00007ff6e7cda000 	C:\Program Files\Android\Android Studio1\jbr\bin\java.exe
0x00007ff9f8710000 - 0x00007ff9f8927000 	C:\WINDOWS\SYSTEM32\ntdll.dll
0x00007ff9f84b0000 - 0x00007ff9f8574000 	C:\WINDOWS\System32\KERNEL32.DLL
0x00007ff9f5a40000 - 0x00007ff9f5dec000 	C:\WINDOWS\System32\KERNELBASE.dll
0x00007ff9f6280000 - 0x00007ff9f6391000 	C:\WINDOWS\System32\ucrtbase.dll
0x00007ff9671d0000 - 0x00007ff9671e7000 	C:\Program Files\Android\Android Studio1\jbr\bin\jli.dll
0x00007ff9b43b0000 - 0x00007ff9b43cb000 	C:\Program Files\Android\Android Studio1\jbr\bin\VCRUNTIME140.dll
0x00007ff9f68f0000 - 0x00007ff9f6a9e000 	C:\WINDOWS\System32\USER32.dll
0x00007ff9f6420000 - 0x00007ff9f6446000 	C:\WINDOWS\System32\win32u.dll
0x00007ff9dbdf0000 - 0x00007ff9dc083000 	C:\WINDOWS\WinSxS\amd64_microsoft.windows.common-controls_6595b64144ccf1df_6.0.22621.3672_none_2713b9d173822955\COMCTL32.dll
0x00007ff9f82c0000 - 0x00007ff9f82e9000 	C:\WINDOWS\System32\GDI32.dll
0x00007ff9f67f0000 - 0x00007ff9f6897000 	C:\WINDOWS\System32\msvcrt.dll
0x00007ff9f5e90000 - 0x00007ff9f5fa9000 	C:\WINDOWS\System32\gdi32full.dll
0x00007ff9f5df0000 - 0x00007ff9f5e8a000 	C:\WINDOWS\System32\msvcp_win.dll
0x00007ff9f8580000 - 0x00007ff9f85b1000 	C:\WINDOWS\System32\IMM32.DLL
0x00007ff9ef5b0000 - 0x00007ff9ef5bc000 	C:\Program Files\Android\Android Studio1\jbr\bin\vcruntime140_1.dll
0x00007ff961ad0000 - 0x00007ff961b5d000 	C:\Program Files\Android\Android Studio1\jbr\bin\msvcp140.dll
0x00007ff954e80000 - 0x00007ff955b03000 	C:\Program Files\Android\Android Studio1\jbr\bin\server\jvm.dll
0x00007ff9f83f0000 - 0x00007ff9f84a2000 	C:\WINDOWS\System32\ADVAPI32.dll
0x00007ff9f8620000 - 0x00007ff9f86ca000 	C:\WINDOWS\System32\sechost.dll
0x00007ff9f6020000 - 0x00007ff9f6048000 	C:\WINDOWS\System32\bcrypt.dll
0x00007ff9f7b30000 - 0x00007ff9f7c45000 	C:\WINDOWS\System32\RPCRT4.dll
0x00007ff9c2c00000 - 0x00007ff9c2c09000 	C:\WINDOWS\SYSTEM32\WSOCK32.dll
0x00007ff9f8210000 - 0x00007ff9f8281000 	C:\WINDOWS\System32\WS2_32.dll
0x00007ff9eff00000 - 0x00007ff9eff34000 	C:\WINDOWS\SYSTEM32\WINMM.dll
0x00007ff9f5900000 - 0x00007ff9f594d000 	C:\WINDOWS\SYSTEM32\POWRPROF.dll
0x00007ff9ecb60000 - 0x00007ff9ecb6a000 	C:\WINDOWS\SYSTEM32\VERSION.dll
0x00007ff9f58e0000 - 0x00007ff9f58f3000 	C:\WINDOWS\SYSTEM32\UMPDC.dll
0x00007ff9f4a40000 - 0x00007ff9f4a58000 	C:\WINDOWS\SYSTEM32\kernel.appcore.dll
0x00007ff9f04b0000 - 0x00007ff9f04ba000 	C:\Program Files\Android\Android Studio1\jbr\bin\jimage.dll
0x00007ff9e5e90000 - 0x00007ff9e60c2000 	C:\WINDOWS\SYSTEM32\DBGHELP.DLL
0x00007ff9f7640000 - 0x00007ff9f79c8000 	C:\WINDOWS\System32\combase.dll
0x00007ff9f7a50000 - 0x00007ff9f7b27000 	C:\WINDOWS\System32\OLEAUT32.dll
0x00007ff9eb7e0000 - 0x00007ff9eb812000 	C:\WINDOWS\SYSTEM32\dbgcore.DLL
0x00007ff9f63a0000 - 0x00007ff9f641b000 	C:\WINDOWS\System32\bcryptPrimitives.dll
0x00007ff96bfe0000 - 0x00007ff96c005000 	C:\Program Files\Android\Android Studio1\jbr\bin\java.dll
0x00007ff9efee0000 - 0x00007ff9efef8000 	C:\Program Files\Android\Android Studio1\jbr\bin\zip.dll
0x00007ff9f6de0000 - 0x00007ff9f763c000 	C:\WINDOWS\System32\SHELL32.dll
0x00007ff9f3900000 - 0x00007ff9f41f7000 	C:\WINDOWS\SYSTEM32\windows.storage.dll
0x00007ff9f37c0000 - 0x00007ff9f38ff000 	C:\WINDOWS\SYSTEM32\wintypes.dll
0x00007ff9f82f0000 - 0x00007ff9f83e4000 	C:\WINDOWS\System32\SHCORE.dll
0x00007ff9f85c0000 - 0x00007ff9f861e000 	C:\WINDOWS\System32\shlwapi.dll
0x00007ff9f5970000 - 0x00007ff9f5991000 	C:\WINDOWS\SYSTEM32\profapi.dll
0x00007ff96c3f0000 - 0x00007ff96c409000 	C:\Program Files\Android\Android Studio1\jbr\bin\net.dll
0x00007ff9f1960000 - 0x00007ff9f1a96000 	C:\WINDOWS\SYSTEM32\WINHTTP.dll
0x00007ff9f4ec0000 - 0x00007ff9f4f29000 	C:\WINDOWS\system32\mswsock.dll
0x00007ff96ad00000 - 0x00007ff96ad16000 	C:\Program Files\Android\Android Studio1\jbr\bin\nio.dll
0x00007ff9f04a0000 - 0x00007ff9f04b0000 	C:\Program Files\Android\Android Studio1\jbr\bin\verify.dll

dbghelp: loaded successfully - version: 4.0.5 - missing functions: none
symbol engine: initialized successfully - sym options: 0x614 - pdb path: .;C:\Program Files\Android\Android Studio1\jbr\bin;C:\WINDOWS\SYSTEM32;C:\WINDOWS\WinSxS\amd64_microsoft.windows.common-controls_6595b64144ccf1df_6.0.22621.3672_none_2713b9d173822955;C:\Program Files\Android\Android Studio1\jbr\bin\server

VM Arguments:
java_command: org.jetbrains.kotlin.cli.jvm.K2JVMCompiler @D:\Education\app\build\20240614_8284307969133710089.compiler.options
java_class_path (initial): C:\Users\sansk\.gradle\caches\modules-2\files-2.1\org.jetbrains.kotlin\kotlin-compiler-embeddable\1.8.10\b0757fd774344d54ce93f5ad6c30ba1c1731c8ff\kotlin-compiler-embeddable-1.8.10.jar;C:\Users\sansk\.gradle\caches\modules-2\files-2.1\org.jetbrains.kotlin\kotlin-stdlib\1.8.10\6d5560a229477df9406943d5feda5618e98eb64c\kotlin-stdlib-1.8.10.jar;C:\Users\sansk\.gradle\caches\modules-2\files-2.1\org.jetbrains.kotlin\kotlin-script-runtime\1.8.10\b13ea9c7e46d589139e56086a878763290e20bd5\kotlin-script-runtime-1.8.10.jar;C:\Users\sansk\.gradle\caches\modules-2\files-2.1\org.jetbrains.kotlin\kotlin-reflect\1.6.10\1cbe9c92c12a94eea200d23c2bbaedaf3daf5132\kotlin-reflect-1.6.10.jar;C:\Users\sansk\.gradle\caches\modules-2\files-2.1\org.jetbrains.kotlin\kotlin-daemon-embeddable\1.8.10\ad8541d9bc1cf9e52c3204161247910c2cf601d4\kotlin-daemon-embeddable-1.8.10.jar;C:\Users\sansk\.gradle\caches\modules-2\files-2.1\org.jetbrains.intellij.deps\trove4j\1.0.20200330\3afb14d5f9ceb459d724e907a21145e8ff394f02\trove4j-1.0.20200330.jar;C:\Users\sansk\.gradle\caches\modules-2\files-2.1\net.java.dev.jna\jna\5.6.0\330f2244e9030119ab3030fc3fededc86713d9cc\jna-5.6.0.jar;C:\Users\sansk\.gradle\caches\modules-2\files-2.1\org.jetbrains.kotlin\kotlin-stdlib-common\1.8.10\a61b182458550492c12aee66157d7b524a63a5ec\kotlin-stdlib-common-1.8.10.jar;C:\Users\sansk\.gradle\caches\modules-2\files-2.1\org.jetbrains\annotations\13.0\919f0dfe192fb4e063e7dacadee7f8bb9a2672a9\annotations-13.0.jar
Launcher Type: SUN_STANDARD

[Global flags]
     intx CICompilerCount                          = 4                                         {product} {ergonomic}
     uint ConcGCThreads                            = 3                                         {product} {ergonomic}
     uint G1ConcRefinementThreads                  = 10                                        {product} {ergonomic}
   size_t G1HeapRegionSize                         = 1048576                                   {product} {ergonomic}
    uintx GCDrainStackTargetSize                   = 64                                        {product} {ergonomic}
   size_t InitialHeapSize                          = 123731968                                 {product} {ergonomic}
   size_t MarkStackSize                            = 4194304                                   {product} {ergonomic}
   size_t MaxHeapSize                              = 1971322880                                {product} {ergonomic}
   size_t MaxNewSize                               = 1182793728                                {product} {ergonomic}
   size_t MinHeapDeltaBytes                        = 1048576                                   {product} {ergonomic}
   size_t MinHeapSize                              = 8388608                                   {product} {ergonomic}
    uintx NonNMethodCodeHeapSize                   = 5839372                                {pd product} {ergonomic}
    uintx NonProfiledCodeHeapSize                  = 122909434                              {pd product} {ergonomic}
    uintx ProfiledCodeHeapSize                     = 122909434                              {pd product} {ergonomic}
    uintx ReservedCodeCacheSize                    = 251658240                              {pd product} {ergonomic}
     bool SegmentedCodeCache                       = true                                      {product} {ergonomic}
   size_t SoftMaxHeapSize                          = 1971322880                             {manageable} {ergonomic}
     bool UseCompressedClassPointers               = true                           {product lp64_product} {ergonomic}
     bool UseCompressedOops                        = true                           {product lp64_product} {ergonomic}
     bool UseG1GC                                  = true                                      {product} {ergonomic}
     bool UseLargePagesIndividualAllocation        = false                                  {pd product} {ergonomic}

Logging:
Log output configuration:
 #0: stdout all=warning uptime,level,tags
 #1: stderr all=off uptime,level,tags

Environment Variables:
JAVA_HOME=C:\Program Files\Java\jdk-19.0.2
PATH=C:\Program Files\apache-maven-3.9.7\bin;C:\Program Files\Java\jdk-19.0.2\bin;C:\Program Files\Common Files\Oracle\Java\javapath;C:\Program Files\Common Files\Oracle\Java\javapath\bin;C:\windows\system32;C:\windows;C:\windows\System32\Wbem;C:\windows\System32\WindowsPowerShell\v1.0\;C:\windows\System32\OpenSSH\;C:\Program Files (x86)\NVIDIA Corporation\PhysX\Common;C:\Program Files\NVIDIA Corporation\NVIDIA NvDLISR;C:\WINDOWS\system32;C:\WINDOWS;C:\WINDOWS\System32\Wbem;C:\WINDOWS\System32\WindowsPowerShell\v1.0\;C:\WINDOWS\System32\OpenSSH\;C:\Program Files\Git\cmd;C:\Users\sansk\AppData\Local\Microsoft;C:\Users\sansk\AppData\Local\GitHubDesktop\bin;C:\Program Files\JetBrains\IntelliJ IDEA Community Edition 2024.1.1\bin;D:\dev\flutter\bin;C:\Program Files\JetBrains\IntelliJ IDEA 2024.1.1\bin;C:\Program Files\Docker\Docker\resources\bin;C:\Users\sansk\AppData\Local\Microsoft\WindowsApps;C:\Program Files\JetBrains\IntelliJ IDEA Community Edition 2024.1.1\bin;;D:\dev\flutter\bin;C:\Program Files\JetBrains\IntelliJ IDEA 2024.1.1\bin;;C:\Program Files\Java\jdk-19.0.2\bin;C:\Program Files\heroku\bin
USERNAME=sansk
OS=Windows_NT
PROCESSOR_IDENTIFIER=AMD64 Family 25 Model 80 Stepping 0, AuthenticAMD
TMP=C:\Users\sansk\AppData\Local\Temp
TEMP=C:\Users\sansk\AppData\Local\Temp



Periodic native trim disabled

JNI global refs:
JNI global refs: 12, weak refs: 19

JNI global refs memory usage: 843, weak refs: 841

OOME stack traces (most recent first):
Classloader memory used:
Loader jdk.internal.loader.ClassLoaders$AppClassLoader                                 : 6902K
Loader bootstrap                                                                       : 1666K
Loader java.net.URLClassLoader                                                         : 138K
Loader jdk.internal.loader.ClassLoaders$PlatformClassLoader                            : 36728B
Loader jdk.internal.reflect.DelegatingClassLoader                                      : 29048B


---------------  S Y S T E M  ---------------

OS:
 Windows 11 , 64 bit Build 22621 (10.0.22621.3672)
OS uptime: 0 days 7:34 hours
Hyper-V role detected

CPU: total 12 (initial active 12) (12 cores per cpu, 2 threads per core) family 25 model 80 stepping 0 microcode 0x0, cx8, cmov, fxsr, ht, mmx, 3dnowpref, sse, sse2, sse3, ssse3, sse4a, sse4.1, sse4.2, popcnt, lzcnt, tsc, tscinvbit, avx, avx2, aes, erms, clmul, bmi1, bmi2, adx, sha, fma, vzeroupper, clflush, clflushopt, hv
Processor Information for all 12 processors :
  Max Mhz: 3301, Current Mhz: 3301, Mhz Limit: 3301

Memory: 4k page, system-wide physical 7519M (644M free)
TotalPageFile size 20087M (AvailPageFile size 413M)
current process WorkingSet (physical memory assigned to process): 503M, peak: 513M
current process commit charge ("private bytes"): 543M, peak: 1011M

vm_info: OpenJDK 64-Bit Server VM (17.0.10+0--11572160) for windows-amd64 JRE (17.0.10+0--11572160), built on Mar 13 2024 23:56:38 by "androidbuild" with MS VC++ 16.10 / 16.11 (VS2019)

END.
