#
# There is insufficient memory for the Java Runtime Environment to continue.
# Native memory allocation (mmap) failed to map 164626432 bytes for G1 virtual space
# Possible reasons:
#   The system is out of physical RAM or swap space
#   The process is running with CompressedOops enabled, and the Java Heap may be blocking the growth of the native heap
# Possible solutions:
#   Reduce memory load on the system
#   Increase physical memory or swap space
#   Check if swap backing store is full
#   Decrease Java heap size (-Xmx/-Xms)
#   Decrease number of Java threads
#   Decrease Java thread stack sizes (-Xss)
#   Set larger code cache with -XX:ReservedCodeCacheSize=
#   JVM is running with Unscaled Compressed Oops mode in which the Java heap is
#     placed in the first 4GB address space. The Java Heap base address is the
#     maximum limit for the native heap growth. Please use -XX:HeapBaseMinAddress
#     to set the Java Heap base and to place the Java Heap above 4GB virtual address.
# This output file may be truncated or incomplete.
#
#  Out of Memory Error (os_windows.cpp:3825), pid=8328, tid=10584
#
# JRE version: OpenJDK Runtime Environment (17.0.10) (build 17.0.10+0--11572160)
# Java VM: OpenJDK 64-Bit Server VM (17.0.10+0--11572160, mixed mode, tiered, compressed oops, compressed class ptrs, g1 gc, windows-amd64)
# No core dump will be written. Minidumps are not enabled by default on client versions of Windows
#

---------------  S U M M A R Y ------------

Command Line: org.jetbrains.kotlin.cli.jvm.K2JVMCompiler @D:\Education\app\build\20240614_884338149470033964.compiler.options

Host: AMD Ryzen 5 5600H with Radeon Graphics         , 12 cores, 7G,  Windows 11 , 64 bit Build 22621 (10.0.22621.3672)
Time: Fri Jun 14 16:54:38 2024 India Standard Time elapsed time: 34.740342 seconds (0d 0h 0m 34s)

---------------  T H R E A D  ---------------

Current thread (0x0000016d16e1ccd0):  VMThread "VM Thread" [stack: 0x000000640b700000,0x000000640b800000] [id=10584]

Stack: [0x000000640b700000,0x000000640b800000]
Native frames: (J=compiled Java code, j=interpreted, Vv=VM code, C=native code)
V  [jvm.dll+0x688e89]
V  [jvm.dll+0x84247a]
V  [jvm.dll+0x8440be]
V  [jvm.dll+0x844723]
V  [jvm.dll+0x24be0f]
V  [jvm.dll+0x685c59]
V  [jvm.dll+0x67a50a]
V  [jvm.dll+0x30cbab]
V  [jvm.dll+0x314056]
V  [jvm.dll+0x363dce]
V  [jvm.dll+0x363fff]
V  [jvm.dll+0x2e2978]
V  [jvm.dll+0x2e0b54]
V  [jvm.dll+0x2e015c]
V  [jvm.dll+0x32502b]
V  [jvm.dll+0x848e1b]
V  [jvm.dll+0x849b61]
V  [jvm.dll+0x84a07d]
V  [jvm.dll+0x84a454]
V  [jvm.dll+0x84a520]
V  [jvm.dll+0x7f0d1a]
V  [jvm.dll+0x687d05]
C  [ucrtbase.dll+0x29333]
C  [KERNEL32.DLL+0x1257d]
C  [ntdll.dll+0x5af28]

VM_Operation (0x000000640b1fc9b0): G1CollectForAllocation, mode: safepoint, requested by thread 0x0000016d7d08c870


---------------  P R O C E S S  ---------------

Threads class SMR info:
_java_thread_list=0x0000016d1b875810, length=14, elements={
0x0000016d7d08c870, 0x0000016d16e09800, 0x0000016d16e1efa0, 0x0000016d16e27890,
0x0000016d16e28250, 0x0000016d1b0443c0, 0x0000016d1b048190, 0x0000016d1b048d90,
0x0000016d1b049750, 0x0000016d1b06e810, 0x0000016d1b1bbf30, 0x0000016d1b1c28a0,
0x0000016d1b1ec3a0, 0x0000016d1ba29d50
}

Java Threads: ( => current thread )
  0x0000016d7d08c870 JavaThread "main" [_thread_blocked, id=19200, stack(0x000000640b100000,0x000000640b200000)]
  0x0000016d16e09800 JavaThread "Reference Handler" daemon [_thread_blocked, id=21284, stack(0x000000640b800000,0x000000640b900000)]
  0x0000016d16e1efa0 JavaThread "Finalizer" daemon [_thread_blocked, id=5248, stack(0x000000640b900000,0x000000640ba00000)]
  0x0000016d16e27890 JavaThread "Signal Dispatcher" daemon [_thread_blocked, id=9792, stack(0x000000640ba00000,0x000000640bb00000)]
  0x0000016d16e28250 JavaThread "Attach Listener" daemon [_thread_blocked, id=18664, stack(0x000000640bb00000,0x000000640bc00000)]
  0x0000016d1b0443c0 JavaThread "Service Thread" daemon [_thread_blocked, id=21396, stack(0x000000640bc00000,0x000000640bd00000)]
  0x0000016d1b048190 JavaThread "Monitor Deflation Thread" daemon [_thread_blocked, id=21104, stack(0x000000640bd00000,0x000000640be00000)]
  0x0000016d1b048d90 JavaThread "C2 CompilerThread0" daemon [_thread_blocked, id=17492, stack(0x000000640be00000,0x000000640bf00000)]
  0x0000016d1b049750 JavaThread "C1 CompilerThread0" daemon [_thread_blocked, id=22200, stack(0x000000640bf00000,0x000000640c000000)]
  0x0000016d1b06e810 JavaThread "Sweeper thread" daemon [_thread_blocked, id=19888, stack(0x000000640c000000,0x000000640c100000)]
  0x0000016d1b1bbf30 JavaThread "Notification Thread" daemon [_thread_blocked, id=10844, stack(0x000000640c100000,0x000000640c200000)]
  0x0000016d1b1c28a0 JavaThread "Common-Cleaner" daemon [_thread_blocked, id=20344, stack(0x000000640c300000,0x000000640c400000)]
  0x0000016d1b1ec3a0 JavaThread "C2 CompilerThread1" daemon [_thread_blocked, id=18000, stack(0x000000640c400000,0x000000640c500000)]
  0x0000016d1ba29d50 JavaThread "C2 CompilerThread2" daemon [_thread_in_native, id=12368, stack(0x000000640c900000,0x000000640ca00000)]

Other Threads:
=>0x0000016d16e1ccd0 VMThread "VM Thread" [stack: 0x000000640b700000,0x000000640b800000] [id=10584]
  0x0000016d1b1c1440 WatcherThread [stack: 0x000000640c200000,0x000000640c300000] [id=19272]
  0x0000016d7d0e2890 GCTaskThread "GC Thread#0" [stack: 0x000000640b200000,0x000000640b300000] [id=11472]
  0x0000016d1b877020 GCTaskThread "GC Thread#1" [stack: 0x000000640c500000,0x000000640c600000] [id=20216]
  0x0000016d1b90cb50 GCTaskThread "GC Thread#2" [stack: 0x000000640c600000,0x000000640c700000] [id=18128]
  0x0000016d1b90ce10 GCTaskThread "GC Thread#3" [stack: 0x000000640c700000,0x000000640c800000] [id=20892]
  0x0000016d1b5cbd60 GCTaskThread "GC Thread#4" [stack: 0x000000640c800000,0x000000640c900000] [id=19436]
  0x0000016d1be7bf30 GCTaskThread "GC Thread#5" [stack: 0x000000640ca00000,0x000000640cb00000] [id=15212]
  0x0000016d1c0d4380 GCTaskThread "GC Thread#6" [stack: 0x000000640cb00000,0x000000640cc00000] [id=9752]
  0x0000016d1c4b83b0 GCTaskThread "GC Thread#7" [stack: 0x000000640cc00000,0x000000640cd00000] [id=10364]
  0x0000016d1c4b8670 GCTaskThread "GC Thread#8" [stack: 0x000000640cd00000,0x000000640ce00000] [id=19044]
  0x0000016d1c3d0640 GCTaskThread "GC Thread#9" [stack: 0x000000640ce00000,0x000000640cf00000] [id=14492]
  0x0000016d7d0f32f0 ConcurrentGCThread "G1 Main Marker" [stack: 0x000000640b300000,0x000000640b400000] [id=20492]
  0x0000016d7d0f44b0 ConcurrentGCThread "G1 Conc#0" [stack: 0x000000640b400000,0x000000640b500000] [id=20192]
  0x0000016d1c004e40 ConcurrentGCThread "G1 Conc#1" [stack: 0x000000640cf00000,0x000000640d000000] [id=3808]
  0x0000016d1c005100 ConcurrentGCThread "G1 Conc#2" [stack: 0x000000640d000000,0x000000640d100000] [id=15848]
  0x0000016d7d13e860 ConcurrentGCThread "G1 Refine#0" [stack: 0x000000640b500000,0x000000640b600000] [id=15456]
  0x0000016d1ddf24a0 ConcurrentGCThread "G1 Refine#1" [stack: 0x000000640d100000,0x000000640d200000] [id=3056]
  0x0000016d1e49faa0 ConcurrentGCThread "G1 Refine#2" [stack: 0x000000640d200000,0x000000640d300000] [id=15972]
  0x0000016d1ed77ce0 ConcurrentGCThread "G1 Refine#3" [stack: 0x000000640d300000,0x000000640d400000] [id=4308]
  0x0000016d1ed79170 ConcurrentGCThread "G1 Refine#4" [stack: 0x000000640d400000,0x000000640d500000] [id=19948]
  0x0000016d1ed782c0 ConcurrentGCThread "G1 Refine#5" [stack: 0x000000640d500000,0x000000640d600000] [id=18940]
  0x0000016d1f08b340 ConcurrentGCThread "G1 Refine#6" [stack: 0x000000640d600000,0x000000640d700000] [id=22024]
  0x0000016d1f089000 ConcurrentGCThread "G1 Refine#7" [stack: 0x000000640d700000,0x000000640d800000] [id=12920]
  0x0000016d1f087880 ConcurrentGCThread "G1 Refine#8" [stack: 0x000000640d800000,0x000000640d900000] [id=3300]
  0x0000016d1f089bc0 ConcurrentGCThread "G1 Refine#9" [stack: 0x000000640d900000,0x000000640da00000] [id=13084]
  0x0000016d16c68440 ConcurrentGCThread "G1 Service" [stack: 0x000000640b600000,0x000000640b700000] [id=21032]

Threads with active compile tasks:
C2 CompilerThread0    34768 29471       4       org.jetbrains.kotlin.codegen.state.KotlinTypeMapper$Companion::hasNothingInNonContravariantPosition (126 bytes)
C2 CompilerThread1    34768 29473       4       org.jetbrains.kotlin.codegen.inline.MethodInliner$Companion::processReturns (328 bytes)
C2 CompilerThread2    34768 29294       4       org.jetbrains.kotlin.backend.jvm.mapping.MethodSignatureMapper::mapSignature (573 bytes)

VM state: at safepoint (normal execution)

VM Mutex/Monitor currently owned by a thread:  ([mutex/lock_event])
[0x0000016d7d088790] Threads_lock - owner thread: 0x0000016d16e1ccd0
[0x0000016d7d088700] Heap_lock - owner thread: 0x0000016d7d08c870

Heap address: 0x000000008a800000, size: 1880 MB, Compressed Oops mode: 32-bit

CDS archive(s) not mapped
Compressed class space mapped at: 0x0000000100000000-0x0000000140000000, reserved size: 1073741824
Narrow klass base: 0x0000000000000000, Narrow klass shift: 3, Narrow klass range: 0x140000000

GC Precious Log:
 CPUs: 12 total, 12 available
 Memory: 7519M
 Large Page Support: Disabled
 NUMA Support: Disabled
 Compressed Oops: Enabled (32-bit)
 Heap Region Size: 1M
 Heap Min Capacity: 8M
 Heap Initial Capacity: 118M
 Heap Max Capacity: 1880M
 Pre-touch: Disabled
 Parallel Workers: 10
 Concurrent Workers: 3
 Concurrent Refinement Workers: 10
 Periodic GC: Disabled

Heap:
 garbage-first heap   total 413696K, used 316651K [0x000000008a800000, 0x0000000100000000)
  region size 1024K, 4 young (4096K), 4 survivors (4096K)
 Metaspace       used 103053K, committed 103488K, reserved 1179648K
  class space    used 10534K, committed 10752K, reserved 1048576K

Heap Regions: E=young(eden), S=young(survivor), O=old, HS=humongous(starts), HC=humongous(continues), CS=collection set, F=free, OA=open archive, CA=closed archive, TAMS=top-at-mark-start (previous, next)
|   0|0x000000008a800000, 0x000000008a900000, 0x000000008a900000|100%|HS|  |TAMS 0x000000008a900000, 0x000000008a800000| Complete 
|   1|0x000000008a900000, 0x000000008aa00000, 0x000000008aa00000|100%|HC|  |TAMS 0x000000008aa00000, 0x000000008a900000| Complete 
|   2|0x000000008aa00000, 0x000000008ab00000, 0x000000008ab00000|100%|HC|  |TAMS 0x000000008ab00000, 0x000000008aa00000| Complete 
|   3|0x000000008ab00000, 0x000000008ac00000, 0x000000008ac00000|100%|HC|  |TAMS 0x000000008ac00000, 0x000000008ab00000| Complete 
|   4|0x000000008ac00000, 0x000000008ad00000, 0x000000008ad00000|100%| O|  |TAMS 0x000000008ad00000, 0x000000008ac00000| Untracked 
|   5|0x000000008ad00000, 0x000000008ae00000, 0x000000008ae00000|100%| O|  |TAMS 0x000000008ae00000, 0x000000008ad00000| Untracked 
|   6|0x000000008ae00000, 0x000000008af00000, 0x000000008af00000|100%| O|  |TAMS 0x000000008af00000, 0x000000008ae00000| Untracked 
|   7|0x000000008af00000, 0x000000008b000000, 0x000000008b000000|100%|HS|  |TAMS 0x000000008b000000, 0x000000008af00000| Complete 
|   8|0x000000008b000000, 0x000000008b100000, 0x000000008b100000|100%|HC|  |TAMS 0x000000008b100000, 0x000000008b000000| Complete 
|   9|0x000000008b100000, 0x000000008b200000, 0x000000008b200000|100%|HC|  |TAMS 0x000000008b200000, 0x000000008b100000| Complete 
|  10|0x000000008b200000, 0x000000008b300000, 0x000000008b300000|100%|HC|  |TAMS 0x000000008b300000, 0x000000008b200000| Complete 
|  11|0x000000008b300000, 0x000000008b400000, 0x000000008b400000|100%| O|  |TAMS 0x000000008b400000, 0x000000008b300000| Untracked 
|  12|0x000000008b400000, 0x000000008b500000, 0x000000008b500000|100%| O|  |TAMS 0x000000008b500000, 0x000000008b400000| Untracked 
|  13|0x000000008b500000, 0x000000008b600000, 0x000000008b600000|100%| O|  |TAMS 0x000000008b600000, 0x000000008b500000| Untracked 
|  14|0x000000008b600000, 0x000000008b700000, 0x000000008b700000|100%| O|  |TAMS 0x000000008b700000, 0x000000008b600000| Untracked 
|  15|0x000000008b700000, 0x000000008b800000, 0x000000008b800000|100%| O|  |TAMS 0x000000008b800000, 0x000000008b700000| Untracked 
|  16|0x000000008b800000, 0x000000008b900000, 0x000000008b900000|100%| O|  |TAMS 0x000000008b900000, 0x000000008b800000| Untracked 
|  17|0x000000008b900000, 0x000000008ba00000, 0x000000008ba00000|100%| O|  |TAMS 0x000000008ba00000, 0x000000008b900000| Untracked 
|  18|0x000000008ba00000, 0x000000008bb00000, 0x000000008bb00000|100%| O|  |TAMS 0x000000008bb00000, 0x000000008ba00000| Untracked 
|  19|0x000000008bb00000, 0x000000008bc00000, 0x000000008bc00000|100%| O|  |TAMS 0x000000008bc00000, 0x000000008bb00000| Untracked 
|  20|0x000000008bc00000, 0x000000008bd00000, 0x000000008bd00000|100%| O|  |TAMS 0x000000008bd00000, 0x000000008bc00000| Untracked 
|  21|0x000000008bd00000, 0x000000008be00000, 0x000000008be00000|100%| O|  |TAMS 0x000000008be00000, 0x000000008bd00000| Untracked 
|  22|0x000000008be00000, 0x000000008bf00000, 0x000000008bf00000|100%| O|  |TAMS 0x000000008bf00000, 0x000000008be00000| Untracked 
|  23|0x000000008bf00000, 0x000000008c000000, 0x000000008c000000|100%| O|  |TAMS 0x000000008c000000, 0x000000008bf00000| Untracked 
|  24|0x000000008c000000, 0x000000008c100000, 0x000000008c100000|100%| O|  |TAMS 0x000000008c100000, 0x000000008c000000| Untracked 
|  25|0x000000008c100000, 0x000000008c200000, 0x000000008c200000|100%| O|  |TAMS 0x000000008c200000, 0x000000008c100000| Untracked 
|  26|0x000000008c200000, 0x000000008c300000, 0x000000008c300000|100%| O|  |TAMS 0x000000008c300000, 0x000000008c200000| Untracked 
|  27|0x000000008c300000, 0x000000008c400000, 0x000000008c400000|100%| O|  |TAMS 0x000000008c400000, 0x000000008c300000| Untracked 
|  28|0x000000008c400000, 0x000000008c500000, 0x000000008c500000|100%| O|  |TAMS 0x000000008c500000, 0x000000008c400000| Untracked 
|  29|0x000000008c500000, 0x000000008c600000, 0x000000008c600000|100%| O|  |TAMS 0x000000008c600000, 0x000000008c500000| Untracked 
|  30|0x000000008c600000, 0x000000008c700000, 0x000000008c700000|100%| O|  |TAMS 0x000000008c700000, 0x000000008c600000| Untracked 
|  31|0x000000008c700000, 0x000000008c800000, 0x000000008c800000|100%| O|  |TAMS 0x000000008c800000, 0x000000008c700000| Untracked 
|  32|0x000000008c800000, 0x000000008c900000, 0x000000008c900000|100%| O|  |TAMS 0x000000008c900000, 0x000000008c800000| Untracked 
|  33|0x000000008c900000, 0x000000008ca00000, 0x000000008ca00000|100%| O|  |TAMS 0x000000008ca00000, 0x000000008c900000| Untracked 
|  34|0x000000008ca00000, 0x000000008cb00000, 0x000000008cb00000|100%| O|  |TAMS 0x000000008cb00000, 0x000000008ca00000| Untracked 
|  35|0x000000008cb00000, 0x000000008cc00000, 0x000000008cc00000|100%| O|  |TAMS 0x000000008cc00000, 0x000000008cb00000| Untracked 
|  36|0x000000008cc00000, 0x000000008cd00000, 0x000000008cd00000|100%| O|  |TAMS 0x000000008cd00000, 0x000000008cc00000| Untracked 
|  37|0x000000008cd00000, 0x000000008ce00000, 0x000000008ce00000|100%| O|  |TAMS 0x000000008ce00000, 0x000000008cd00000| Untracked 
|  38|0x000000008ce00000, 0x000000008cf00000, 0x000000008cf00000|100%| O|  |TAMS 0x000000008cf00000, 0x000000008ce00000| Untracked 
|  39|0x000000008cf00000, 0x000000008d000000, 0x000000008d000000|100%| O|  |TAMS 0x000000008d000000, 0x000000008cf00000| Untracked 
|  40|0x000000008d000000, 0x000000008d100000, 0x000000008d100000|100%| O|  |TAMS 0x000000008d100000, 0x000000008d000000| Untracked 
|  41|0x000000008d100000, 0x000000008d200000, 0x000000008d200000|100%| O|  |TAMS 0x000000008d200000, 0x000000008d100000| Untracked 
|  42|0x000000008d200000, 0x000000008d300000, 0x000000008d300000|100%|HS|  |TAMS 0x000000008d300000, 0x000000008d200000| Complete 
|  43|0x000000008d300000, 0x000000008d400000, 0x000000008d400000|100%|HC|  |TAMS 0x000000008d400000, 0x000000008d300000| Complete 
|  44|0x000000008d400000, 0x000000008d500000, 0x000000008d500000|100%| O|  |TAMS 0x000000008d500000, 0x000000008d400000| Untracked 
|  45|0x000000008d500000, 0x000000008d600000, 0x000000008d600000|100%| O|  |TAMS 0x000000008d600000, 0x000000008d500000| Untracked 
|  46|0x000000008d600000, 0x000000008d700000, 0x000000008d700000|100%| O|  |TAMS 0x000000008d700000, 0x000000008d600000| Untracked 
|  47|0x000000008d700000, 0x000000008d800000, 0x000000008d800000|100%| O|  |TAMS 0x000000008d800000, 0x000000008d700000| Untracked 
|  48|0x000000008d800000, 0x000000008d900000, 0x000000008d900000|100%| O|  |TAMS 0x000000008d900000, 0x000000008d800000| Untracked 
|  49|0x000000008d900000, 0x000000008da00000, 0x000000008da00000|100%| O|  |TAMS 0x000000008da00000, 0x000000008d900000| Untracked 
|  50|0x000000008da00000, 0x000000008db00000, 0x000000008db00000|100%| O|  |TAMS 0x000000008db00000, 0x000000008da00000| Untracked 
|  51|0x000000008db00000, 0x000000008dc00000, 0x000000008dc00000|100%| O|  |TAMS 0x000000008dc00000, 0x000000008db00000| Untracked 
|  52|0x000000008dc00000, 0x000000008dd00000, 0x000000008dd00000|100%| O|  |TAMS 0x000000008dd00000, 0x000000008dc00000| Untracked 
|  53|0x000000008dd00000, 0x000000008de00000, 0x000000008de00000|100%| O|  |TAMS 0x000000008de00000, 0x000000008dd00000| Untracked 
|  54|0x000000008de00000, 0x000000008df00000, 0x000000008df00000|100%| O|  |TAMS 0x000000008de00000, 0x000000008de00000| Untracked 
|  55|0x000000008df00000, 0x000000008e000000, 0x000000008e000000|100%| O|  |TAMS 0x000000008df00000, 0x000000008df00000| Untracked 
|  56|0x000000008e000000, 0x000000008e100000, 0x000000008e100000|100%| O|  |TAMS 0x000000008e100000, 0x000000008e000000| Untracked 
|  57|0x000000008e100000, 0x000000008e200000, 0x000000008e200000|100%| O|  |TAMS 0x000000008e200000, 0x000000008e100000| Untracked 
|  58|0x000000008e200000, 0x000000008e300000, 0x000000008e300000|100%| O|  |TAMS 0x000000008e300000, 0x000000008e200000| Untracked 
|  59|0x000000008e300000, 0x000000008e400000, 0x000000008e400000|100%| O|  |TAMS 0x000000008e400000, 0x000000008e300000| Untracked 
|  60|0x000000008e400000, 0x000000008e500000, 0x000000008e500000|100%| O|  |TAMS 0x000000008e500000, 0x000000008e400000| Untracked 
|  61|0x000000008e500000, 0x000000008e600000, 0x000000008e600000|100%| O|  |TAMS 0x000000008e600000, 0x000000008e500000| Untracked 
|  62|0x000000008e600000, 0x000000008e700000, 0x000000008e700000|100%| O|  |TAMS 0x000000008e700000, 0x000000008e600000| Untracked 
|  63|0x000000008e700000, 0x000000008e800000, 0x000000008e800000|100%| O|  |TAMS 0x000000008e800000, 0x000000008e700000| Untracked 
|  64|0x000000008e800000, 0x000000008e900000, 0x000000008e900000|100%| O|  |TAMS 0x000000008e900000, 0x000000008e800000| Untracked 
|  65|0x000000008e900000, 0x000000008ea00000, 0x000000008ea00000|100%| O|  |TAMS 0x000000008ea00000, 0x000000008e900000| Untracked 
|  66|0x000000008ea00000, 0x000000008eb00000, 0x000000008eb00000|100%| O|  |TAMS 0x000000008eb00000, 0x000000008ea00000| Untracked 
|  67|0x000000008eb00000, 0x000000008ec00000, 0x000000008ec00000|100%| O|  |TAMS 0x000000008ec00000, 0x000000008eb00000| Untracked 
|  68|0x000000008ec00000, 0x000000008ed00000, 0x000000008ed00000|100%| O|  |TAMS 0x000000008ed00000, 0x000000008ec00000| Untracked 
|  69|0x000000008ed00000, 0x000000008ee00000, 0x000000008ee00000|100%| O|  |TAMS 0x000000008ee00000, 0x000000008ed00000| Untracked 
|  70|0x000000008ee00000, 0x000000008ef00000, 0x000000008ef00000|100%| O|  |TAMS 0x000000008ef00000, 0x000000008ee00000| Untracked 
|  71|0x000000008ef00000, 0x000000008f000000, 0x000000008f000000|100%| O|  |TAMS 0x000000008f000000, 0x000000008ef00000| Untracked 
|  72|0x000000008f000000, 0x000000008f100000, 0x000000008f100000|100%| O|  |TAMS 0x000000008f100000, 0x000000008f000000| Untracked 
|  73|0x000000008f100000, 0x000000008f200000, 0x000000008f200000|100%| O|  |TAMS 0x000000008f200000, 0x000000008f100000| Untracked 
|  74|0x000000008f200000, 0x000000008f300000, 0x000000008f300000|100%| O|  |TAMS 0x000000008f300000, 0x000000008f200000| Untracked 
|  75|0x000000008f300000, 0x000000008f400000, 0x000000008f400000|100%| O|  |TAMS 0x000000008f400000, 0x000000008f300000| Untracked 
|  76|0x000000008f400000, 0x000000008f500000, 0x000000008f500000|100%| O|  |TAMS 0x000000008f500000, 0x000000008f400000| Untracked 
|  77|0x000000008f500000, 0x000000008f600000, 0x000000008f600000|100%| O|  |TAMS 0x000000008f600000, 0x000000008f500000| Untracked 
|  78|0x000000008f600000, 0x000000008f700000, 0x000000008f700000|100%| O|  |TAMS 0x000000008f700000, 0x000000008f600000| Untracked 
|  79|0x000000008f700000, 0x000000008f800000, 0x000000008f800000|100%| O|  |TAMS 0x000000008f800000, 0x000000008f700000| Untracked 
|  80|0x000000008f800000, 0x000000008f900000, 0x000000008f900000|100%| O|  |TAMS 0x000000008f900000, 0x000000008f800000| Untracked 
|  81|0x000000008f900000, 0x000000008fa00000, 0x000000008fa00000|100%| O|  |TAMS 0x000000008fa00000, 0x000000008f900000| Untracked 
|  82|0x000000008fa00000, 0x000000008fb00000, 0x000000008fb00000|100%| O|  |TAMS 0x000000008fb00000, 0x000000008fa00000| Untracked 
|  83|0x000000008fb00000, 0x000000008fc00000, 0x000000008fc00000|100%| O|  |TAMS 0x000000008fc00000, 0x000000008fb00000| Untracked 
|  84|0x000000008fc00000, 0x000000008fd00000, 0x000000008fd00000|100%| O|  |TAMS 0x000000008fd00000, 0x000000008fc00000| Untracked 
|  85|0x000000008fd00000, 0x000000008fe00000, 0x000000008fe00000|100%| O|  |TAMS 0x000000008fe00000, 0x000000008fd00000| Untracked 
|  86|0x000000008fe00000, 0x000000008ff00000, 0x000000008ff00000|100%| O|  |TAMS 0x000000008ff00000, 0x000000008fe00000| Untracked 
|  87|0x000000008ff00000, 0x0000000090000000, 0x0000000090000000|100%| O|  |TAMS 0x0000000090000000, 0x000000008ff00000| Untracked 
|  88|0x0000000090000000, 0x0000000090100000, 0x0000000090100000|100%| O|  |TAMS 0x0000000090100000, 0x0000000090000000| Untracked 
|  89|0x0000000090100000, 0x0000000090200000, 0x0000000090200000|100%| O|  |TAMS 0x0000000090200000, 0x0000000090100000| Untracked 
|  90|0x0000000090200000, 0x0000000090300000, 0x0000000090300000|100%| O|  |TAMS 0x0000000090300000, 0x0000000090200000| Untracked 
|  91|0x0000000090300000, 0x0000000090400000, 0x0000000090400000|100%| O|  |TAMS 0x0000000090400000, 0x0000000090300000| Untracked 
|  92|0x0000000090400000, 0x0000000090500000, 0x0000000090500000|100%| O|  |TAMS 0x0000000090500000, 0x0000000090400000| Untracked 
|  93|0x0000000090500000, 0x0000000090600000, 0x0000000090600000|100%| O|  |TAMS 0x0000000090600000, 0x0000000090500000| Untracked 
|  94|0x0000000090600000, 0x0000000090700000, 0x0000000090700000|100%| O|  |TAMS 0x0000000090700000, 0x0000000090600000| Untracked 
|  95|0x0000000090700000, 0x0000000090800000, 0x0000000090800000|100%| O|  |TAMS 0x0000000090800000, 0x0000000090700000| Untracked 
|  96|0x0000000090800000, 0x0000000090900000, 0x0000000090900000|100%| O|  |TAMS 0x0000000090900000, 0x0000000090800000| Untracked 
|  97|0x0000000090900000, 0x0000000090a00000, 0x0000000090a00000|100%| O|  |TAMS 0x0000000090a00000, 0x0000000090900000| Untracked 
|  98|0x0000000090a00000, 0x0000000090b00000, 0x0000000090b00000|100%| O|  |TAMS 0x0000000090b00000, 0x0000000090a00000| Untracked 
|  99|0x0000000090b00000, 0x0000000090c00000, 0x0000000090c00000|100%| O|  |TAMS 0x0000000090c00000, 0x0000000090b00000| Untracked 
| 100|0x0000000090c00000, 0x0000000090d00000, 0x0000000090d00000|100%| O|  |TAMS 0x0000000090d00000, 0x0000000090c00000| Untracked 
| 101|0x0000000090d00000, 0x0000000090e00000, 0x0000000090e00000|100%| O|  |TAMS 0x0000000090e00000, 0x0000000090d00000| Untracked 
| 102|0x0000000090e00000, 0x0000000090f00000, 0x0000000090f00000|100%| O|  |TAMS 0x0000000090f00000, 0x0000000090e00000| Untracked 
| 103|0x0000000090f00000, 0x0000000091000000, 0x0000000091000000|100%| O|  |TAMS 0x0000000091000000, 0x0000000090f00000| Untracked 
| 104|0x0000000091000000, 0x0000000091100000, 0x0000000091100000|100%| O|  |TAMS 0x0000000091100000, 0x0000000091000000| Untracked 
| 105|0x0000000091100000, 0x0000000091200000, 0x0000000091200000|100%| O|  |TAMS 0x0000000091200000, 0x0000000091100000| Untracked 
| 106|0x0000000091200000, 0x0000000091300000, 0x0000000091300000|100%| O|  |TAMS 0x0000000091300000, 0x0000000091200000| Untracked 
| 107|0x0000000091300000, 0x0000000091400000, 0x0000000091400000|100%| O|  |TAMS 0x0000000091400000, 0x0000000091300000| Untracked 
| 108|0x0000000091400000, 0x0000000091500000, 0x0000000091500000|100%| O|  |TAMS 0x0000000091500000, 0x0000000091400000| Untracked 
| 109|0x0000000091500000, 0x0000000091600000, 0x0000000091600000|100%| O|  |TAMS 0x0000000091600000, 0x0000000091500000| Untracked 
| 110|0x0000000091600000, 0x0000000091700000, 0x0000000091700000|100%| O|  |TAMS 0x0000000091700000, 0x0000000091600000| Untracked 
| 111|0x0000000091700000, 0x0000000091800000, 0x0000000091800000|100%| O|  |TAMS 0x0000000091800000, 0x0000000091700000| Untracked 
| 112|0x0000000091800000, 0x0000000091900000, 0x0000000091900000|100%| O|  |TAMS 0x0000000091800000, 0x0000000091800000| Untracked 
| 113|0x0000000091900000, 0x0000000091a00000, 0x0000000091a00000|100%| O|  |TAMS 0x0000000091a00000, 0x0000000091900000| Untracked 
| 114|0x0000000091a00000, 0x0000000091b00000, 0x0000000091b00000|100%| O|  |TAMS 0x0000000091a00000, 0x0000000091a00000| Untracked 
| 115|0x0000000091b00000, 0x0000000091c00000, 0x0000000091c00000|100%| O|  |TAMS 0x0000000091c00000, 0x0000000091b00000| Untracked 
| 116|0x0000000091c00000, 0x0000000091d00000, 0x0000000091d00000|100%| O|  |TAMS 0x0000000091d00000, 0x0000000091c00000| Untracked 
| 117|0x0000000091d00000, 0x0000000091e00000, 0x0000000091e00000|100%| O|  |TAMS 0x0000000091e00000, 0x0000000091d00000| Untracked 
| 118|0x0000000091e00000, 0x0000000091f00000, 0x0000000091f00000|100%| O|  |TAMS 0x0000000091f00000, 0x0000000091e00000| Untracked 
| 119|0x0000000091f00000, 0x0000000092000000, 0x0000000092000000|100%| O|  |TAMS 0x0000000091f00000, 0x0000000091f00000| Untracked 
| 120|0x0000000092000000, 0x0000000092100000, 0x0000000092100000|100%| O|  |TAMS 0x0000000092100000, 0x0000000092000000| Untracked 
| 121|0x0000000092100000, 0x0000000092200000, 0x0000000092200000|100%| O|  |TAMS 0x0000000092200000, 0x0000000092100000| Untracked 
| 122|0x0000000092200000, 0x0000000092300000, 0x0000000092300000|100%| O|  |TAMS 0x0000000092300000, 0x0000000092200000| Untracked 
| 123|0x0000000092300000, 0x0000000092400000, 0x0000000092400000|100%| O|  |TAMS 0x0000000092400000, 0x0000000092300000| Untracked 
| 124|0x0000000092400000, 0x0000000092500000, 0x0000000092500000|100%| O|  |TAMS 0x0000000092500000, 0x0000000092400000| Untracked 
| 125|0x0000000092500000, 0x0000000092600000, 0x0000000092600000|100%| O|  |TAMS 0x0000000092600000, 0x0000000092500000| Untracked 
| 126|0x0000000092600000, 0x0000000092700000, 0x0000000092700000|100%| O|  |TAMS 0x0000000092700000, 0x0000000092600000| Untracked 
| 127|0x0000000092700000, 0x0000000092800000, 0x0000000092800000|100%| O|  |TAMS 0x0000000092800000, 0x0000000092700000| Untracked 
| 128|0x0000000092800000, 0x0000000092900000, 0x0000000092900000|100%| O|  |TAMS 0x0000000092900000, 0x0000000092800000| Untracked 
| 129|0x0000000092900000, 0x0000000092a00000, 0x0000000092a00000|100%| O|  |TAMS 0x0000000092a00000, 0x0000000092900000| Untracked 
| 130|0x0000000092a00000, 0x0000000092b00000, 0x0000000092b00000|100%| O|  |TAMS 0x0000000092b00000, 0x0000000092a00000| Untracked 
| 131|0x0000000092b00000, 0x0000000092c00000, 0x0000000092c00000|100%| O|  |TAMS 0x0000000092c00000, 0x0000000092b00000| Untracked 
| 132|0x0000000092c00000, 0x0000000092d00000, 0x0000000092d00000|100%| O|  |TAMS 0x0000000092d00000, 0x0000000092c00000| Untracked 
| 133|0x0000000092d00000, 0x0000000092e00000, 0x0000000092e00000|100%| O|  |TAMS 0x0000000092e00000, 0x0000000092d00000| Untracked 
| 134|0x0000000092e00000, 0x0000000092f00000, 0x0000000092f00000|100%| O|  |TAMS 0x0000000092f00000, 0x0000000092e00000| Untracked 
| 135|0x0000000092f00000, 0x0000000093000000, 0x0000000093000000|100%| O|  |TAMS 0x0000000093000000, 0x0000000092f00000| Untracked 
| 136|0x0000000093000000, 0x0000000093100000, 0x0000000093100000|100%| O|  |TAMS 0x0000000093100000, 0x0000000093000000| Untracked 
| 137|0x0000000093100000, 0x0000000093200000, 0x0000000093200000|100%| O|  |TAMS 0x0000000093200000, 0x0000000093100000| Untracked 
| 138|0x0000000093200000, 0x0000000093300000, 0x0000000093300000|100%| O|  |TAMS 0x0000000093300000, 0x0000000093200000| Untracked 
| 139|0x0000000093300000, 0x0000000093400000, 0x0000000093400000|100%| O|  |TAMS 0x0000000093400000, 0x0000000093300000| Untracked 
| 140|0x0000000093400000, 0x0000000093500000, 0x0000000093500000|100%| O|  |TAMS 0x0000000093500000, 0x0000000093400000| Untracked 
| 141|0x0000000093500000, 0x0000000093600000, 0x0000000093600000|100%| O|  |TAMS 0x0000000093600000, 0x0000000093500000| Untracked 
| 142|0x0000000093600000, 0x0000000093700000, 0x0000000093700000|100%| O|  |TAMS 0x0000000093700000, 0x0000000093600000| Untracked 
| 143|0x0000000093700000, 0x0000000093800000, 0x0000000093800000|100%| O|  |TAMS 0x0000000093800000, 0x0000000093700000| Untracked 
| 144|0x0000000093800000, 0x0000000093900000, 0x0000000093900000|100%| O|  |TAMS 0x0000000093900000, 0x0000000093800000| Untracked 
| 145|0x0000000093900000, 0x0000000093a00000, 0x0000000093a00000|100%| O|  |TAMS 0x0000000093a00000, 0x0000000093900000| Untracked 
| 146|0x0000000093a00000, 0x0000000093b00000, 0x0000000093b00000|100%| O|  |TAMS 0x0000000093b00000, 0x0000000093a00000| Untracked 
| 147|0x0000000093b00000, 0x0000000093c00000, 0x0000000093c00000|100%| O|  |TAMS 0x0000000093c00000, 0x0000000093b00000| Untracked 
| 148|0x0000000093c00000, 0x0000000093d00000, 0x0000000093d00000|100%| O|  |TAMS 0x0000000093d00000, 0x0000000093c00000| Untracked 
| 149|0x0000000093d00000, 0x0000000093e00000, 0x0000000093e00000|100%| O|  |TAMS 0x0000000093e00000, 0x0000000093d00000| Untracked 
| 150|0x0000000093e00000, 0x0000000093f00000, 0x0000000093f00000|100%| O|  |TAMS 0x0000000093f00000, 0x0000000093e00000| Untracked 
| 151|0x0000000093f00000, 0x0000000094000000, 0x0000000094000000|100%| O|  |TAMS 0x0000000094000000, 0x0000000093f00000| Untracked 
| 152|0x0000000094000000, 0x0000000094100000, 0x0000000094100000|100%| O|  |TAMS 0x0000000094100000, 0x0000000094000000| Untracked 
| 153|0x0000000094100000, 0x0000000094200000, 0x0000000094200000|100%| O|  |TAMS 0x0000000094200000, 0x0000000094100000| Untracked 
| 154|0x0000000094200000, 0x0000000094300000, 0x0000000094300000|100%| O|  |TAMS 0x0000000094300000, 0x0000000094200000| Untracked 
| 155|0x0000000094300000, 0x0000000094400000, 0x0000000094400000|100%| O|  |TAMS 0x0000000094400000, 0x0000000094300000| Untracked 
| 156|0x0000000094400000, 0x0000000094500000, 0x0000000094500000|100%| O|  |TAMS 0x0000000094500000, 0x0000000094400000| Untracked 
| 157|0x0000000094500000, 0x0000000094600000, 0x0000000094600000|100%| O|  |TAMS 0x0000000094600000, 0x0000000094500000| Untracked 
| 158|0x0000000094600000, 0x0000000094700000, 0x0000000094700000|100%| O|  |TAMS 0x0000000094600000, 0x0000000094600000| Untracked 
| 159|0x0000000094700000, 0x0000000094800000, 0x0000000094800000|100%| O|  |TAMS 0x0000000094700000, 0x0000000094700000| Untracked 
| 160|0x0000000094800000, 0x0000000094900000, 0x0000000094900000|100%| O|  |TAMS 0x0000000094800000, 0x0000000094800000| Untracked 
| 161|0x0000000094900000, 0x0000000094a00000, 0x0000000094a00000|100%| O|  |TAMS 0x0000000094900000, 0x0000000094900000| Untracked 
| 162|0x0000000094a00000, 0x0000000094b00000, 0x0000000094b00000|100%| O|  |TAMS 0x0000000094b00000, 0x0000000094a00000| Untracked 
| 163|0x0000000094b00000, 0x0000000094c00000, 0x0000000094c00000|100%| O|  |TAMS 0x0000000094c00000, 0x0000000094b00000| Untracked 
| 164|0x0000000094c00000, 0x0000000094d00000, 0x0000000094d00000|100%| O|  |TAMS 0x0000000094d00000, 0x0000000094c00000| Untracked 
| 165|0x0000000094d00000, 0x0000000094e00000, 0x0000000094e00000|100%| O|  |TAMS 0x0000000094e00000, 0x0000000094d00000| Untracked 
| 166|0x0000000094e00000, 0x0000000094f00000, 0x0000000094f00000|100%| O|  |TAMS 0x0000000094f00000, 0x0000000094e00000| Untracked 
| 167|0x0000000094f00000, 0x0000000095000000, 0x0000000095000000|100%| O|  |TAMS 0x0000000095000000, 0x0000000094f00000| Untracked 
| 168|0x0000000095000000, 0x0000000095100000, 0x0000000095100000|100%| O|  |TAMS 0x0000000095100000, 0x0000000095000000| Untracked 
| 169|0x0000000095100000, 0x0000000095200000, 0x0000000095200000|100%| O|  |TAMS 0x0000000095200000, 0x0000000095100000| Untracked 
| 170|0x0000000095200000, 0x0000000095300000, 0x0000000095300000|100%| O|  |TAMS 0x0000000095300000, 0x0000000095200000| Untracked 
| 171|0x0000000095300000, 0x0000000095400000, 0x0000000095400000|100%| O|  |TAMS 0x0000000095400000, 0x0000000095300000| Untracked 
| 172|0x0000000095400000, 0x0000000095500000, 0x0000000095500000|100%| O|  |TAMS 0x0000000095500000, 0x0000000095400000| Untracked 
| 173|0x0000000095500000, 0x0000000095600000, 0x0000000095600000|100%| O|  |TAMS 0x0000000095600000, 0x0000000095500000| Untracked 
| 174|0x0000000095600000, 0x0000000095700000, 0x0000000095700000|100%| O|  |TAMS 0x0000000095700000, 0x0000000095600000| Untracked 
| 175|0x0000000095700000, 0x0000000095800000, 0x0000000095800000|100%| O|  |TAMS 0x0000000095800000, 0x0000000095700000| Untracked 
| 176|0x0000000095800000, 0x0000000095900000, 0x0000000095900000|100%| O|  |TAMS 0x0000000095900000, 0x0000000095800000| Untracked 
| 177|0x0000000095900000, 0x0000000095a00000, 0x0000000095a00000|100%| O|  |TAMS 0x0000000095a00000, 0x0000000095900000| Untracked 
| 178|0x0000000095a00000, 0x0000000095b00000, 0x0000000095b00000|100%| O|  |TAMS 0x0000000095b00000, 0x0000000095a00000| Untracked 
| 179|0x0000000095b00000, 0x0000000095c00000, 0x0000000095c00000|100%| O|  |TAMS 0x0000000095c00000, 0x0000000095b00000| Untracked 
| 180|0x0000000095c00000, 0x0000000095d00000, 0x0000000095d00000|100%| O|  |TAMS 0x0000000095d00000, 0x0000000095c00000| Untracked 
| 181|0x0000000095d00000, 0x0000000095e00000, 0x0000000095e00000|100%| O|  |TAMS 0x0000000095e00000, 0x0000000095d00000| Untracked 
| 182|0x0000000095e00000, 0x0000000095f00000, 0x0000000095f00000|100%| O|  |TAMS 0x0000000095e00000, 0x0000000095e00000| Untracked 
| 183|0x0000000095f00000, 0x0000000096000000, 0x0000000096000000|100%| O|  |TAMS 0x0000000095f00000, 0x0000000095f00000| Untracked 
| 184|0x0000000096000000, 0x0000000096100000, 0x0000000096100000|100%| O|  |TAMS 0x0000000096000000, 0x0000000096000000| Untracked 
| 185|0x0000000096100000, 0x0000000096200000, 0x0000000096200000|100%| O|  |TAMS 0x0000000096100000, 0x0000000096100000| Untracked 
| 186|0x0000000096200000, 0x0000000096300000, 0x0000000096300000|100%| O|  |TAMS 0x0000000096200000, 0x0000000096200000| Untracked 
| 187|0x0000000096300000, 0x0000000096400000, 0x0000000096400000|100%| O|  |TAMS 0x0000000096300000, 0x0000000096300000| Untracked 
| 188|0x0000000096400000, 0x0000000096500000, 0x0000000096500000|100%| O|  |TAMS 0x0000000096400000, 0x0000000096400000| Untracked 
| 189|0x0000000096500000, 0x0000000096600000, 0x0000000096600000|100%| O|  |TAMS 0x0000000096500000, 0x0000000096500000| Untracked 
| 190|0x0000000096600000, 0x0000000096700000, 0x0000000096700000|100%| O|  |TAMS 0x0000000096600000, 0x0000000096600000| Untracked 
| 191|0x0000000096700000, 0x0000000096800000, 0x0000000096800000|100%| O|  |TAMS 0x0000000096700000, 0x0000000096700000| Untracked 
| 192|0x0000000096800000, 0x0000000096900000, 0x0000000096900000|100%| O|  |TAMS 0x0000000096800000, 0x0000000096800000| Untracked 
| 193|0x0000000096900000, 0x0000000096a00000, 0x0000000096a00000|100%| O|  |TAMS 0x0000000096900000, 0x0000000096900000| Untracked 
| 194|0x0000000096a00000, 0x0000000096b00000, 0x0000000096b00000|100%| O|  |TAMS 0x0000000096a00000, 0x0000000096a00000| Untracked 
| 195|0x0000000096b00000, 0x0000000096c00000, 0x0000000096c00000|100%| O|  |TAMS 0x0000000096b00000, 0x0000000096b00000| Untracked 
| 196|0x0000000096c00000, 0x0000000096d00000, 0x0000000096d00000|100%| O|  |TAMS 0x0000000096c00000, 0x0000000096c00000| Untracked 
| 197|0x0000000096d00000, 0x0000000096e00000, 0x0000000096e00000|100%| O|  |TAMS 0x0000000096d00000, 0x0000000096d00000| Untracked 
| 198|0x0000000096e00000, 0x0000000096f00000, 0x0000000096f00000|100%| O|  |TAMS 0x0000000096e00000, 0x0000000096e00000| Untracked 
| 199|0x0000000096f00000, 0x0000000097000000, 0x0000000097000000|100%| O|  |TAMS 0x0000000096f00000, 0x0000000096f00000| Untracked 
| 200|0x0000000097000000, 0x0000000097100000, 0x0000000097100000|100%| O|  |TAMS 0x0000000097000000, 0x0000000097000000| Untracked 
| 201|0x0000000097100000, 0x0000000097200000, 0x0000000097200000|100%| O|  |TAMS 0x0000000097100000, 0x0000000097100000| Untracked 
| 202|0x0000000097200000, 0x0000000097300000, 0x0000000097300000|100%| O|  |TAMS 0x0000000097200000, 0x0000000097200000| Untracked 
| 203|0x0000000097300000, 0x0000000097400000, 0x0000000097400000|100%| O|  |TAMS 0x0000000097400000, 0x0000000097300000| Untracked 
| 204|0x0000000097400000, 0x0000000097500000, 0x0000000097500000|100%| O|  |TAMS 0x0000000097500000, 0x0000000097400000| Untracked 
| 205|0x0000000097500000, 0x0000000097600000, 0x0000000097600000|100%| O|  |TAMS 0x0000000097600000, 0x0000000097500000| Untracked 
| 206|0x0000000097600000, 0x0000000097700000, 0x0000000097700000|100%| O|  |TAMS 0x0000000097700000, 0x0000000097600000| Untracked 
| 207|0x0000000097700000, 0x0000000097800000, 0x0000000097800000|100%| O|  |TAMS 0x0000000097800000, 0x0000000097700000| Untracked 
| 208|0x0000000097800000, 0x0000000097900000, 0x0000000097900000|100%| O|  |TAMS 0x0000000097900000, 0x0000000097800000| Untracked 
| 209|0x0000000097900000, 0x0000000097a00000, 0x0000000097a00000|100%| O|  |TAMS 0x0000000097a00000, 0x0000000097900000| Untracked 
| 210|0x0000000097a00000, 0x0000000097b00000, 0x0000000097b00000|100%| O|  |TAMS 0x0000000097b00000, 0x0000000097a00000| Untracked 
| 211|0x0000000097b00000, 0x0000000097c00000, 0x0000000097c00000|100%| O|  |TAMS 0x0000000097c00000, 0x0000000097b00000| Untracked 
| 212|0x0000000097c00000, 0x0000000097d00000, 0x0000000097d00000|100%| O|  |TAMS 0x0000000097d00000, 0x0000000097c00000| Untracked 
| 213|0x0000000097d00000, 0x0000000097e00000, 0x0000000097e00000|100%| O|  |TAMS 0x0000000097e00000, 0x0000000097d00000| Untracked 
| 214|0x0000000097e00000, 0x0000000097f00000, 0x0000000097f00000|100%| O|  |TAMS 0x0000000097e55008, 0x0000000097e00000| Untracked 
| 215|0x0000000097f00000, 0x0000000098000000, 0x0000000098000000|100%| O|  |TAMS 0x0000000097f00000, 0x0000000097f00000| Untracked 
| 216|0x0000000098000000, 0x0000000098100000, 0x0000000098100000|100%| O|  |TAMS 0x0000000098000000, 0x0000000098000000| Untracked 
| 217|0x0000000098100000, 0x0000000098200000, 0x0000000098200000|100%| O|  |TAMS 0x0000000098100000, 0x0000000098100000| Untracked 
| 218|0x0000000098200000, 0x0000000098300000, 0x0000000098300000|100%| O|  |TAMS 0x0000000098200000, 0x0000000098200000| Untracked 
| 219|0x0000000098300000, 0x0000000098400000, 0x0000000098400000|100%| O|  |TAMS 0x0000000098300000, 0x0000000098300000| Untracked 
| 220|0x0000000098400000, 0x0000000098500000, 0x0000000098500000|100%| O|  |TAMS 0x0000000098400000, 0x0000000098400000| Untracked 
| 221|0x0000000098500000, 0x0000000098600000, 0x0000000098600000|100%| O|  |TAMS 0x0000000098500000, 0x0000000098500000| Untracked 
| 222|0x0000000098600000, 0x0000000098700000, 0x0000000098700000|100%| O|  |TAMS 0x0000000098600000, 0x0000000098600000| Untracked 
| 223|0x0000000098700000, 0x0000000098800000, 0x0000000098800000|100%| O|  |TAMS 0x0000000098700000, 0x0000000098700000| Untracked 
| 224|0x0000000098800000, 0x0000000098900000, 0x0000000098900000|100%| O|  |TAMS 0x0000000098800000, 0x0000000098800000| Untracked 
| 225|0x0000000098900000, 0x0000000098a00000, 0x0000000098a00000|100%| O|  |TAMS 0x0000000098900000, 0x0000000098900000| Untracked 
| 226|0x0000000098a00000, 0x0000000098b00000, 0x0000000098b00000|100%| O|  |TAMS 0x0000000098a00000, 0x0000000098a00000| Untracked 
| 227|0x0000000098b00000, 0x0000000098c00000, 0x0000000098c00000|100%| O|  |TAMS 0x0000000098b00000, 0x0000000098b00000| Untracked 
| 228|0x0000000098c00000, 0x0000000098d00000, 0x0000000098d00000|100%| O|  |TAMS 0x0000000098c00000, 0x0000000098c00000| Untracked 
| 229|0x0000000098d00000, 0x0000000098e00000, 0x0000000098e00000|100%| O|  |TAMS 0x0000000098d00000, 0x0000000098d00000| Untracked 
| 230|0x0000000098e00000, 0x0000000098f00000, 0x0000000098f00000|100%| O|  |TAMS 0x0000000098e00000, 0x0000000098e00000| Untracked 
| 231|0x0000000098f00000, 0x0000000099000000, 0x0000000099000000|100%| O|  |TAMS 0x0000000098f00000, 0x0000000098f00000| Untracked 
| 232|0x0000000099000000, 0x0000000099100000, 0x0000000099100000|100%| O|  |TAMS 0x0000000099000000, 0x0000000099000000| Untracked 
| 233|0x0000000099100000, 0x0000000099200000, 0x0000000099200000|100%| O|  |TAMS 0x0000000099100000, 0x0000000099100000| Untracked 
| 234|0x0000000099200000, 0x0000000099300000, 0x0000000099300000|100%| O|  |TAMS 0x0000000099200000, 0x0000000099200000| Untracked 
| 235|0x0000000099300000, 0x0000000099400000, 0x0000000099400000|100%| O|  |TAMS 0x0000000099300000, 0x0000000099300000| Untracked 
| 236|0x0000000099400000, 0x0000000099500000, 0x0000000099500000|100%| O|  |TAMS 0x0000000099400000, 0x0000000099400000| Untracked 
| 237|0x0000000099500000, 0x0000000099600000, 0x0000000099600000|100%| O|  |TAMS 0x0000000099500000, 0x0000000099500000| Untracked 
| 238|0x0000000099600000, 0x0000000099700000, 0x0000000099700000|100%| O|  |TAMS 0x0000000099600000, 0x0000000099600000| Untracked 
| 239|0x0000000099700000, 0x0000000099800000, 0x0000000099800000|100%| O|  |TAMS 0x0000000099700000, 0x0000000099700000| Untracked 
| 240|0x0000000099800000, 0x0000000099900000, 0x0000000099900000|100%| O|  |TAMS 0x0000000099800000, 0x0000000099800000| Untracked 
| 241|0x0000000099900000, 0x0000000099a00000, 0x0000000099a00000|100%| O|  |TAMS 0x0000000099900000, 0x0000000099900000| Untracked 
| 242|0x0000000099a00000, 0x0000000099b00000, 0x0000000099b00000|100%| O|  |TAMS 0x0000000099a00000, 0x0000000099a00000| Untracked 
| 243|0x0000000099b00000, 0x0000000099c00000, 0x0000000099c00000|100%| O|  |TAMS 0x0000000099b00000, 0x0000000099b00000| Untracked 
| 244|0x0000000099c00000, 0x0000000099d00000, 0x0000000099d00000|100%| O|  |TAMS 0x0000000099c00000, 0x0000000099c00000| Untracked 
| 245|0x0000000099d00000, 0x0000000099e00000, 0x0000000099e00000|100%| O|  |TAMS 0x0000000099d00000, 0x0000000099d00000| Untracked 
| 246|0x0000000099e00000, 0x0000000099f00000, 0x0000000099f00000|100%| O|  |TAMS 0x0000000099e00000, 0x0000000099e00000| Untracked 
| 247|0x0000000099f00000, 0x000000009a000000, 0x000000009a000000|100%| O|  |TAMS 0x0000000099f00000, 0x0000000099f00000| Untracked 
| 248|0x000000009a000000, 0x000000009a100000, 0x000000009a100000|100%| O|  |TAMS 0x000000009a000000, 0x000000009a000000| Untracked 
| 249|0x000000009a100000, 0x000000009a200000, 0x000000009a200000|100%| O|  |TAMS 0x000000009a100000, 0x000000009a100000| Untracked 
| 250|0x000000009a200000, 0x000000009a300000, 0x000000009a300000|100%| O|  |TAMS 0x000000009a200000, 0x000000009a200000| Untracked 
| 251|0x000000009a300000, 0x000000009a400000, 0x000000009a400000|100%| O|  |TAMS 0x000000009a300000, 0x000000009a300000| Untracked 
| 252|0x000000009a400000, 0x000000009a500000, 0x000000009a500000|100%| O|  |TAMS 0x000000009a400000, 0x000000009a400000| Untracked 
| 253|0x000000009a500000, 0x000000009a600000, 0x000000009a600000|100%| O|  |TAMS 0x000000009a500000, 0x000000009a500000| Untracked 
| 254|0x000000009a600000, 0x000000009a700000, 0x000000009a700000|100%| O|  |TAMS 0x000000009a600000, 0x000000009a600000| Untracked 
| 255|0x000000009a700000, 0x000000009a800000, 0x000000009a800000|100%| O|  |TAMS 0x000000009a700000, 0x000000009a700000| Untracked 
| 256|0x000000009a800000, 0x000000009a900000, 0x000000009a900000|100%| O|  |TAMS 0x000000009a800000, 0x000000009a800000| Untracked 
| 257|0x000000009a900000, 0x000000009aa00000, 0x000000009aa00000|100%| O|  |TAMS 0x000000009a900000, 0x000000009a900000| Untracked 
| 258|0x000000009aa00000, 0x000000009ab00000, 0x000000009ab00000|100%| O|  |TAMS 0x000000009aa00000, 0x000000009aa00000| Untracked 
| 259|0x000000009ab00000, 0x000000009ac00000, 0x000000009ac00000|100%| O|  |TAMS 0x000000009ab00000, 0x000000009ab00000| Untracked 
| 260|0x000000009ac00000, 0x000000009ad00000, 0x000000009ad00000|100%| O|  |TAMS 0x000000009ac00000, 0x000000009ac00000| Untracked 
| 261|0x000000009ad00000, 0x000000009ae00000, 0x000000009ae00000|100%| O|  |TAMS 0x000000009ad00000, 0x000000009ad00000| Untracked 
| 262|0x000000009ae00000, 0x000000009af00000, 0x000000009af00000|100%| O|  |TAMS 0x000000009ae00000, 0x000000009ae00000| Untracked 
| 263|0x000000009af00000, 0x000000009b000000, 0x000000009b000000|100%| O|  |TAMS 0x000000009af00000, 0x000000009af00000| Untracked 
| 264|0x000000009b000000, 0x000000009b100000, 0x000000009b100000|100%| O|  |TAMS 0x000000009b000000, 0x000000009b000000| Untracked 
| 265|0x000000009b100000, 0x000000009b200000, 0x000000009b200000|100%| O|  |TAMS 0x000000009b100000, 0x000000009b100000| Untracked 
| 266|0x000000009b200000, 0x000000009b300000, 0x000000009b300000|100%| O|  |TAMS 0x000000009b200000, 0x000000009b200000| Untracked 
| 267|0x000000009b300000, 0x000000009b400000, 0x000000009b400000|100%| O|  |TAMS 0x000000009b300000, 0x000000009b300000| Untracked 
| 268|0x000000009b400000, 0x000000009b500000, 0x000000009b500000|100%| O|  |TAMS 0x000000009b400000, 0x000000009b400000| Untracked 
| 269|0x000000009b500000, 0x000000009b600000, 0x000000009b600000|100%| O|  |TAMS 0x000000009b500000, 0x000000009b500000| Untracked 
| 270|0x000000009b600000, 0x000000009b700000, 0x000000009b700000|100%| O|  |TAMS 0x000000009b600000, 0x000000009b600000| Untracked 
| 271|0x000000009b700000, 0x000000009b800000, 0x000000009b800000|100%| O|  |TAMS 0x000000009b700000, 0x000000009b700000| Untracked 
| 272|0x000000009b800000, 0x000000009b900000, 0x000000009b900000|100%| O|  |TAMS 0x000000009b800000, 0x000000009b800000| Untracked 
| 273|0x000000009b900000, 0x000000009ba00000, 0x000000009ba00000|100%| O|  |TAMS 0x000000009b900000, 0x000000009b900000| Untracked 
| 274|0x000000009ba00000, 0x000000009bb00000, 0x000000009bb00000|100%| O|  |TAMS 0x000000009ba00000, 0x000000009ba00000| Untracked 
| 275|0x000000009bb00000, 0x000000009bc00000, 0x000000009bc00000|100%| O|  |TAMS 0x000000009bb00000, 0x000000009bb00000| Untracked 
| 276|0x000000009bc00000, 0x000000009bd00000, 0x000000009bd00000|100%| O|  |TAMS 0x000000009bc00000, 0x000000009bc00000| Untracked 
| 277|0x000000009bd00000, 0x000000009be00000, 0x000000009be00000|100%| O|  |TAMS 0x000000009bd00000, 0x000000009bd00000| Untracked 
| 278|0x000000009be00000, 0x000000009bf00000, 0x000000009bf00000|100%| O|  |TAMS 0x000000009be00000, 0x000000009be00000| Untracked 
| 279|0x000000009bf00000, 0x000000009c000000, 0x000000009c000000|100%| O|  |TAMS 0x000000009bf00000, 0x000000009bf00000| Untracked 
| 280|0x000000009c000000, 0x000000009c100000, 0x000000009c100000|100%| O|  |TAMS 0x000000009c000000, 0x000000009c000000| Untracked 
| 281|0x000000009c100000, 0x000000009c200000, 0x000000009c200000|100%| O|  |TAMS 0x000000009c100000, 0x000000009c100000| Untracked 
| 282|0x000000009c200000, 0x000000009c300000, 0x000000009c300000|100%| O|  |TAMS 0x000000009c200000, 0x000000009c200000| Untracked 
| 283|0x000000009c300000, 0x000000009c400000, 0x000000009c400000|100%| O|  |TAMS 0x000000009c300000, 0x000000009c300000| Untracked 
| 284|0x000000009c400000, 0x000000009c500000, 0x000000009c500000|100%| O|  |TAMS 0x000000009c400000, 0x000000009c400000| Untracked 
| 285|0x000000009c500000, 0x000000009c600000, 0x000000009c600000|100%| O|  |TAMS 0x000000009c500000, 0x000000009c500000| Untracked 
| 286|0x000000009c600000, 0x000000009c700000, 0x000000009c700000|100%| O|  |TAMS 0x000000009c600000, 0x000000009c600000| Untracked 
| 287|0x000000009c700000, 0x000000009c800000, 0x000000009c800000|100%| O|  |TAMS 0x000000009c700000, 0x000000009c700000| Untracked 
| 288|0x000000009c800000, 0x000000009c900000, 0x000000009c900000|100%| O|  |TAMS 0x000000009c800000, 0x000000009c800000| Untracked 
| 289|0x000000009c900000, 0x000000009ca00000, 0x000000009ca00000|100%| O|  |TAMS 0x000000009c900000, 0x000000009c900000| Untracked 
| 290|0x000000009ca00000, 0x000000009cb00000, 0x000000009cb00000|100%| O|  |TAMS 0x000000009ca00000, 0x000000009ca00000| Untracked 
| 291|0x000000009cb00000, 0x000000009cc00000, 0x000000009cc00000|100%| O|  |TAMS 0x000000009cb00000, 0x000000009cb00000| Untracked 
| 292|0x000000009cc00000, 0x000000009cd00000, 0x000000009cd00000|100%| O|  |TAMS 0x000000009cc00000, 0x000000009cc00000| Untracked 
| 293|0x000000009cd00000, 0x000000009ce00000, 0x000000009ce00000|100%| O|  |TAMS 0x000000009cd00000, 0x000000009cd00000| Untracked 
| 294|0x000000009ce00000, 0x000000009cf00000, 0x000000009cf00000|100%| O|  |TAMS 0x000000009ce00000, 0x000000009ce00000| Untracked 
| 295|0x000000009cf00000, 0x000000009d000000, 0x000000009d000000|100%| O|  |TAMS 0x000000009cf00000, 0x000000009cf00000| Untracked 
| 296|0x000000009d000000, 0x000000009d100000, 0x000000009d100000|100%| O|  |TAMS 0x000000009d000000, 0x000000009d000000| Untracked 
| 297|0x000000009d100000, 0x000000009d200000, 0x000000009d200000|100%| O|  |TAMS 0x000000009d100000, 0x000000009d100000| Untracked 
| 298|0x000000009d200000, 0x000000009d300000, 0x000000009d300000|100%| O|  |TAMS 0x000000009d200000, 0x000000009d200000| Untracked 
| 299|0x000000009d300000, 0x000000009d400000, 0x000000009d400000|100%| O|  |TAMS 0x000000009d300000, 0x000000009d300000| Untracked 
| 300|0x000000009d400000, 0x000000009d500000, 0x000000009d500000|100%| O|  |TAMS 0x000000009d400000, 0x000000009d400000| Untracked 
| 301|0x000000009d500000, 0x000000009d600000, 0x000000009d600000|100%| O|  |TAMS 0x000000009d500000, 0x000000009d500000| Untracked 
| 302|0x000000009d600000, 0x000000009d700000, 0x000000009d700000|100%| O|  |TAMS 0x000000009d600000, 0x000000009d600000| Untracked 
| 303|0x000000009d700000, 0x000000009d800000, 0x000000009d800000|100%| O|  |TAMS 0x000000009d700000, 0x000000009d700000| Untracked 
| 304|0x000000009d800000, 0x000000009d900000, 0x000000009d900000|100%| O|  |TAMS 0x000000009d800000, 0x000000009d800000| Untracked 
| 305|0x000000009d900000, 0x000000009d9e5c00, 0x000000009da00000| 89%| O|  |TAMS 0x000000009d900000, 0x000000009d900000| Untracked 
| 306|0x000000009da00000, 0x000000009da00000, 0x000000009db00000|  0%| F|  |TAMS 0x000000009da00000, 0x000000009da00000| Untracked 
| 307|0x000000009db00000, 0x000000009db00000, 0x000000009dc00000|  0%| F|  |TAMS 0x000000009db00000, 0x000000009db00000| Untracked 
| 308|0x000000009dc00000, 0x000000009dc00000, 0x000000009dd00000|  0%| F|  |TAMS 0x000000009dc00000, 0x000000009dc00000| Untracked 
| 309|0x000000009dd00000, 0x000000009dd00000, 0x000000009de00000|  0%| F|  |TAMS 0x000000009dd00000, 0x000000009dd00000| Untracked 
| 310|0x000000009de00000, 0x000000009de00000, 0x000000009df00000|  0%| F|  |TAMS 0x000000009de00000, 0x000000009de00000| Untracked 
| 311|0x000000009df00000, 0x000000009df00000, 0x000000009e000000|  0%| F|  |TAMS 0x000000009df00000, 0x000000009df00000| Untracked 
| 312|0x000000009e000000, 0x000000009e000000, 0x000000009e100000|  0%| F|  |TAMS 0x000000009e000000, 0x000000009e000000| Untracked 
| 313|0x000000009e100000, 0x000000009e100000, 0x000000009e200000|  0%| F|  |TAMS 0x000000009e100000, 0x000000009e100000| Untracked 
| 314|0x000000009e200000, 0x000000009e200000, 0x000000009e300000|  0%| F|  |TAMS 0x000000009e200000, 0x000000009e200000| Untracked 
| 315|0x000000009e300000, 0x000000009e300000, 0x000000009e400000|  0%| F|  |TAMS 0x000000009e300000, 0x000000009e300000| Untracked 
| 316|0x000000009e400000, 0x000000009e400000, 0x000000009e500000|  0%| F|  |TAMS 0x000000009e400000, 0x000000009e400000| Untracked 
| 317|0x000000009e500000, 0x000000009e500000, 0x000000009e600000|  0%| F|  |TAMS 0x000000009e500000, 0x000000009e500000| Untracked 
| 318|0x000000009e600000, 0x000000009e600000, 0x000000009e700000|  0%| F|  |TAMS 0x000000009e600000, 0x000000009e600000| Untracked 
| 319|0x000000009e700000, 0x000000009e700000, 0x000000009e800000|  0%| F|  |TAMS 0x000000009e700000, 0x000000009e700000| Untracked 
| 320|0x000000009e800000, 0x000000009e800000, 0x000000009e900000|  0%| F|  |TAMS 0x000000009e800000, 0x000000009e800000| Untracked 
| 321|0x000000009e900000, 0x000000009e900000, 0x000000009ea00000|  0%| F|  |TAMS 0x000000009e900000, 0x000000009e900000| Untracked 
| 322|0x000000009ea00000, 0x000000009ea00000, 0x000000009eb00000|  0%| F|  |TAMS 0x000000009ea00000, 0x000000009ea00000| Untracked 
| 323|0x000000009eb00000, 0x000000009eb00000, 0x000000009ec00000|  0%| F|  |TAMS 0x000000009eb00000, 0x000000009eb00000| Untracked 
| 324|0x000000009ec00000, 0x000000009ec00000, 0x000000009ed00000|  0%| F|  |TAMS 0x000000009ec00000, 0x000000009ec00000| Untracked 
| 325|0x000000009ed00000, 0x000000009ed00000, 0x000000009ee00000|  0%| F|  |TAMS 0x000000009ed00000, 0x000000009ed00000| Untracked 
| 326|0x000000009ee00000, 0x000000009ee00000, 0x000000009ef00000|  0%| F|  |TAMS 0x000000009ee00000, 0x000000009ee00000| Untracked 
| 327|0x000000009ef00000, 0x000000009ef00000, 0x000000009f000000|  0%| F|  |TAMS 0x000000009ef00000, 0x000000009ef00000| Untracked 
| 328|0x000000009f000000, 0x000000009f000000, 0x000000009f100000|  0%| F|  |TAMS 0x000000009f000000, 0x000000009f000000| Untracked 
| 329|0x000000009f100000, 0x000000009f100000, 0x000000009f200000|  0%| F|  |TAMS 0x000000009f100000, 0x000000009f100000| Untracked 
| 330|0x000000009f200000, 0x000000009f200000, 0x000000009f300000|  0%| F|  |TAMS 0x000000009f200000, 0x000000009f200000| Untracked 
| 331|0x000000009f300000, 0x000000009f300000, 0x000000009f400000|  0%| F|  |TAMS 0x000000009f300000, 0x000000009f300000| Untracked 
| 332|0x000000009f400000, 0x000000009f400000, 0x000000009f500000|  0%| F|  |TAMS 0x000000009f400000, 0x000000009f400000| Untracked 
| 333|0x000000009f500000, 0x000000009f500000, 0x000000009f600000|  0%| F|  |TAMS 0x000000009f500000, 0x000000009f500000| Untracked 
| 334|0x000000009f600000, 0x000000009f600000, 0x000000009f700000|  0%| F|  |TAMS 0x000000009f600000, 0x000000009f600000| Untracked 
| 335|0x000000009f700000, 0x000000009f700000, 0x000000009f800000|  0%| F|  |TAMS 0x000000009f700000, 0x000000009f700000| Untracked 
| 336|0x000000009f800000, 0x000000009f800000, 0x000000009f900000|  0%| F|  |TAMS 0x000000009f800000, 0x000000009f800000| Untracked 
| 337|0x000000009f900000, 0x000000009f900000, 0x000000009fa00000|  0%| F|  |TAMS 0x000000009f900000, 0x000000009f900000| Untracked 
| 338|0x000000009fa00000, 0x000000009fa00000, 0x000000009fb00000|  0%| F|  |TAMS 0x000000009fa00000, 0x000000009fa00000| Untracked 
| 339|0x000000009fb00000, 0x000000009fb00000, 0x000000009fc00000|  0%| F|  |TAMS 0x000000009fb00000, 0x000000009fb00000| Untracked 
| 340|0x000000009fc00000, 0x000000009fc00000, 0x000000009fd00000|  0%| F|  |TAMS 0x000000009fc00000, 0x000000009fc00000| Untracked 
| 341|0x000000009fd00000, 0x000000009fd00000, 0x000000009fe00000|  0%| F|  |TAMS 0x000000009fd00000, 0x000000009fd00000| Untracked 
| 342|0x000000009fe00000, 0x000000009fe00000, 0x000000009ff00000|  0%| F|  |TAMS 0x000000009fe00000, 0x000000009fe00000| Untracked 
| 343|0x000000009ff00000, 0x000000009ff00000, 0x00000000a0000000|  0%| F|  |TAMS 0x000000009ff00000, 0x000000009ff00000| Untracked 
| 344|0x00000000a0000000, 0x00000000a0000000, 0x00000000a0100000|  0%| F|  |TAMS 0x00000000a0000000, 0x00000000a0000000| Untracked 
| 345|0x00000000a0100000, 0x00000000a0100000, 0x00000000a0200000|  0%| F|  |TAMS 0x00000000a0100000, 0x00000000a0100000| Untracked 
| 346|0x00000000a0200000, 0x00000000a0200000, 0x00000000a0300000|  0%| F|  |TAMS 0x00000000a0200000, 0x00000000a0200000| Untracked 
| 347|0x00000000a0300000, 0x00000000a0300000, 0x00000000a0400000|  0%| F|  |TAMS 0x00000000a0300000, 0x00000000a0300000| Untracked 
| 348|0x00000000a0400000, 0x00000000a0400000, 0x00000000a0500000|  0%| F|  |TAMS 0x00000000a0400000, 0x00000000a0400000| Untracked 
| 349|0x00000000a0500000, 0x00000000a0500000, 0x00000000a0600000|  0%| F|  |TAMS 0x00000000a0500000, 0x00000000a0500000| Untracked 
| 350|0x00000000a0600000, 0x00000000a0600000, 0x00000000a0700000|  0%| F|  |TAMS 0x00000000a0600000, 0x00000000a0600000| Untracked 
| 351|0x00000000a0700000, 0x00000000a0700000, 0x00000000a0800000|  0%| F|  |TAMS 0x00000000a0700000, 0x00000000a0700000| Untracked 
| 352|0x00000000a0800000, 0x00000000a0800000, 0x00000000a0900000|  0%| F|  |TAMS 0x00000000a0800000, 0x00000000a0800000| Untracked 
| 353|0x00000000a0900000, 0x00000000a0900000, 0x00000000a0a00000|  0%| F|  |TAMS 0x00000000a0900000, 0x00000000a0900000| Untracked 
| 354|0x00000000a0a00000, 0x00000000a0a00000, 0x00000000a0b00000|  0%| F|  |TAMS 0x00000000a0a00000, 0x00000000a0a00000| Untracked 
| 355|0x00000000a0b00000, 0x00000000a0b00000, 0x00000000a0c00000|  0%| F|  |TAMS 0x00000000a0b00000, 0x00000000a0b00000| Untracked 
| 356|0x00000000a0c00000, 0x00000000a0c00000, 0x00000000a0d00000|  0%| F|  |TAMS 0x00000000a0c00000, 0x00000000a0c00000| Untracked 
| 357|0x00000000a0d00000, 0x00000000a0d00000, 0x00000000a0e00000|  0%| F|  |TAMS 0x00000000a0d00000, 0x00000000a0d00000| Untracked 
| 358|0x00000000a0e00000, 0x00000000a0e55340, 0x00000000a0f00000| 33%| S|CS|TAMS 0x00000000a0e00000, 0x00000000a0e00000| Complete 
| 359|0x00000000a0f00000, 0x00000000a0f00000, 0x00000000a1000000|  0%| F|  |TAMS 0x00000000a0f00000, 0x00000000a0f00000| Untracked 
| 360|0x00000000a1000000, 0x00000000a1000000, 0x00000000a1100000|  0%| F|  |TAMS 0x00000000a1000000, 0x00000000a1000000| Untracked 
| 361|0x00000000a1100000, 0x00000000a1200000, 0x00000000a1200000|100%| S|CS|TAMS 0x00000000a1100000, 0x00000000a1100000| Complete 
| 362|0x00000000a1200000, 0x00000000a1300000, 0x00000000a1300000|100%| S|CS|TAMS 0x00000000a1200000, 0x00000000a1200000| Complete 
| 363|0x00000000a1300000, 0x00000000a1400000, 0x00000000a1400000|100%| S|CS|TAMS 0x00000000a1300000, 0x00000000a1300000| Complete 
| 364|0x00000000a1400000, 0x00000000a1400000, 0x00000000a1500000|  0%| F|  |TAMS 0x00000000a1400000, 0x00000000a1400000| Untracked 
| 365|0x00000000a1500000, 0x00000000a1500000, 0x00000000a1600000|  0%| F|  |TAMS 0x00000000a1500000, 0x00000000a1500000| Untracked 
| 366|0x00000000a1600000, 0x00000000a1600000, 0x00000000a1700000|  0%| F|  |TAMS 0x00000000a1600000, 0x00000000a1600000| Untracked 
| 367|0x00000000a1700000, 0x00000000a1700000, 0x00000000a1800000|  0%| F|  |TAMS 0x00000000a1700000, 0x00000000a1700000| Untracked 
| 368|0x00000000a1800000, 0x00000000a1800000, 0x00000000a1900000|  0%| F|  |TAMS 0x00000000a1800000, 0x00000000a1800000| Untracked 
| 369|0x00000000a1900000, 0x00000000a1900000, 0x00000000a1a00000|  0%| F|  |TAMS 0x00000000a1900000, 0x00000000a1900000| Untracked 
| 370|0x00000000a1a00000, 0x00000000a1a00000, 0x00000000a1b00000|  0%| F|  |TAMS 0x00000000a1a00000, 0x00000000a1a00000| Untracked 
| 371|0x00000000a1b00000, 0x00000000a1b00000, 0x00000000a1c00000|  0%| F|  |TAMS 0x00000000a1b00000, 0x00000000a1b00000| Untracked 
| 372|0x00000000a1c00000, 0x00000000a1c00000, 0x00000000a1d00000|  0%| F|  |TAMS 0x00000000a1c00000, 0x00000000a1c00000| Untracked 
| 373|0x00000000a1d00000, 0x00000000a1d00000, 0x00000000a1e00000|  0%| F|  |TAMS 0x00000000a1d00000, 0x00000000a1d00000| Untracked 
| 374|0x00000000a1e00000, 0x00000000a1e00000, 0x00000000a1f00000|  0%| F|  |TAMS 0x00000000a1e00000, 0x00000000a1e00000| Untracked 
| 375|0x00000000a1f00000, 0x00000000a1f00000, 0x00000000a2000000|  0%| F|  |TAMS 0x00000000a1f00000, 0x00000000a1f00000| Untracked 
| 376|0x00000000a2000000, 0x00000000a2000000, 0x00000000a2100000|  0%| F|  |TAMS 0x00000000a2000000, 0x00000000a2000000| Untracked 
| 377|0x00000000a2100000, 0x00000000a2100000, 0x00000000a2200000|  0%| F|  |TAMS 0x00000000a2100000, 0x00000000a2100000| Untracked 
| 378|0x00000000a2200000, 0x00000000a2200000, 0x00000000a2300000|  0%| F|  |TAMS 0x00000000a2200000, 0x00000000a2200000| Untracked 
| 379|0x00000000a2300000, 0x00000000a2300000, 0x00000000a2400000|  0%| F|  |TAMS 0x00000000a2300000, 0x00000000a2300000| Untracked 
| 380|0x00000000a2400000, 0x00000000a2400000, 0x00000000a2500000|  0%| F|  |TAMS 0x00000000a2400000, 0x00000000a2400000| Untracked 
| 381|0x00000000a2500000, 0x00000000a2500000, 0x00000000a2600000|  0%| F|  |TAMS 0x00000000a2500000, 0x00000000a2500000| Untracked 
| 382|0x00000000a2600000, 0x00000000a2600000, 0x00000000a2700000|  0%| F|  |TAMS 0x00000000a2600000, 0x00000000a2600000| Untracked 
| 383|0x00000000a2700000, 0x00000000a2700000, 0x00000000a2800000|  0%| F|  |TAMS 0x00000000a2700000, 0x00000000a2700000| Untracked 
| 384|0x00000000a2800000, 0x00000000a2800000, 0x00000000a2900000|  0%| F|  |TAMS 0x00000000a2800000, 0x00000000a2800000| Untracked 
| 385|0x00000000a2900000, 0x00000000a2900000, 0x00000000a2a00000|  0%| F|  |TAMS 0x00000000a2900000, 0x00000000a2900000| Untracked 
| 386|0x00000000a2a00000, 0x00000000a2a00000, 0x00000000a2b00000|  0%| F|  |TAMS 0x00000000a2a00000, 0x00000000a2a00000| Untracked 
| 387|0x00000000a2b00000, 0x00000000a2b00000, 0x00000000a2c00000|  0%| F|  |TAMS 0x00000000a2b00000, 0x00000000a2b00000| Untracked 
| 388|0x00000000a2c00000, 0x00000000a2c00000, 0x00000000a2d00000|  0%| F|  |TAMS 0x00000000a2c00000, 0x00000000a2c00000| Untracked 
| 389|0x00000000a2d00000, 0x00000000a2d00000, 0x00000000a2e00000|  0%| F|  |TAMS 0x00000000a2d00000, 0x00000000a2d00000| Untracked 
| 390|0x00000000a2e00000, 0x00000000a2e00000, 0x00000000a2f00000|  0%| F|  |TAMS 0x00000000a2e00000, 0x00000000a2e00000| Untracked 
| 391|0x00000000a2f00000, 0x00000000a2f00000, 0x00000000a3000000|  0%| F|  |TAMS 0x00000000a2f00000, 0x00000000a2f00000| Untracked 
| 392|0x00000000a3000000, 0x00000000a3000000, 0x00000000a3100000|  0%| F|  |TAMS 0x00000000a3000000, 0x00000000a3000000| Untracked 
| 393|0x00000000a3100000, 0x00000000a3100000, 0x00000000a3200000|  0%| F|  |TAMS 0x00000000a3100000, 0x00000000a3100000| Untracked 
| 394|0x00000000a3200000, 0x00000000a3200000, 0x00000000a3300000|  0%| F|  |TAMS 0x00000000a3200000, 0x00000000a3200000| Untracked 
| 395|0x00000000a3300000, 0x00000000a3300000, 0x00000000a3400000|  0%| F|  |TAMS 0x00000000a3300000, 0x00000000a3300000| Untracked 
| 396|0x00000000a3400000, 0x00000000a3400000, 0x00000000a3500000|  0%| F|  |TAMS 0x00000000a3400000, 0x00000000a3400000| Untracked 
| 397|0x00000000a3500000, 0x00000000a3500000, 0x00000000a3600000|  0%| F|  |TAMS 0x00000000a3500000, 0x00000000a3500000| Untracked 
| 398|0x00000000a3600000, 0x00000000a3600000, 0x00000000a3700000|  0%| F|  |TAMS 0x00000000a3600000, 0x00000000a3600000| Untracked 
| 399|0x00000000a3700000, 0x00000000a3700000, 0x00000000a3800000|  0%| F|  |TAMS 0x00000000a3700000, 0x00000000a3700000| Untracked 
| 400|0x00000000a3800000, 0x00000000a3800000, 0x00000000a3900000|  0%| F|  |TAMS 0x00000000a3800000, 0x00000000a3800000| Untracked 
| 401|0x00000000a3900000, 0x00000000a3900000, 0x00000000a3a00000|  0%| F|  |TAMS 0x00000000a3900000, 0x00000000a3900000| Untracked 
| 402|0x00000000a3a00000, 0x00000000a3a00000, 0x00000000a3b00000|  0%| F|  |TAMS 0x00000000a3a00000, 0x00000000a3a00000| Untracked 
| 403|0x00000000a3b00000, 0x00000000a3b00000, 0x00000000a3c00000|  0%| F|  |TAMS 0x00000000a3b00000, 0x00000000a3b00000| Untracked 

Card table byte_map: [0x0000016d7da50000,0x0000016d7de00000] _byte_map_base: 0x0000016d7d5fc000

Marking Bits (Prev, Next): (CMBitMap*) 0x0000016d7d0e3f00, (CMBitMap*) 0x0000016d7d0e3ec0
 Prev Bits: [0x0000016d12420000, 0x0000016d14180000)
 Next Bits: [0x0000016d7e1b0000, 0x0000016d7ff10000)

Polling page: 0x0000016d7b040000

Metaspace:

Usage:
  Non-class:     90.35 MB used.
      Class:     10.29 MB used.
       Both:    100.64 MB used.

Virtual space:
  Non-class space:      128.00 MB reserved,      90.56 MB ( 71%) committed,  2 nodes.
      Class space:        1.00 GB reserved,      10.50 MB (  1%) committed,  1 nodes.
             Both:        1.12 GB reserved,     101.06 MB (  9%) committed. 

Chunk freelists:
   Non-Class:  4.88 MB
       Class:  5.55 MB
        Both:  10.42 MB

MaxMetaspaceSize: unlimited
CompressedClassSpaceSize: 1.00 GB
Initial GC threshold: 21.00 MB
Current GC threshold: 142.50 MB
CDS: off
MetaspaceReclaimPolicy: balanced
 - commit_granule_bytes: 65536.
 - commit_granule_words: 8192.
 - virtual_space_node_default_size: 8388608.
 - enlarge_chunks_in_place: 1.
 - new_chunks_are_fully_committed: 0.
 - uncommit_free_chunks: 1.
 - use_allocation_guard: 0.
 - handle_deallocations: 1.


Internal statistics:

num_allocs_failed_limit: 6.
num_arena_births: 546.
num_arena_deaths: 0.
num_vsnodes_births: 3.
num_vsnodes_deaths: 0.
num_space_committed: 1615.
num_space_uncommitted: 0.
num_chunks_returned_to_freelist: 6.
num_chunks_taken_from_freelist: 4055.
num_chunk_merges: 3.
num_chunk_splits: 3179.
num_chunks_enlarged: 2694.
num_inconsistent_stats: 0.

CodeHeap 'non-profiled nmethods': size=120000Kb used=17311Kb max_used=17724Kb free=102688Kb
 bounds [0x0000016d0aef0000, 0x0000016d0c040000, 0x0000016d12420000]
CodeHeap 'profiled nmethods': size=120000Kb used=64422Kb max_used=65139Kb free=55577Kb
 bounds [0x0000016d03420000, 0x0000016d073d0000, 0x0000016d0a950000]
CodeHeap 'non-nmethods': size=5760Kb used=1428Kb max_used=1503Kb free=4331Kb
 bounds [0x0000016d0a950000, 0x0000016d0abc0000, 0x0000016d0aef0000]
 total_blobs=23502 nmethods=22738 adapters=672
 compilation: enabled
              stopped_count=0, restarted_count=0
 full_count=0

Compilation events (20 events):
Event: 34.704 Thread 0x0000016d1b049750 29481       1       org.jetbrains.kotlin.codegen.optimization.CapturedVarsOptimizationMethodTransformer$Transformer::access$getRefValuesByNewInsn$p (5 bytes)
Event: 34.704 Thread 0x0000016d1b049750 nmethod 29481 0x0000016d0bdfea10 code [0x0000016d0bdfeba0, 0x0000016d0bdfec58]
Event: 34.704 Thread 0x0000016d1b049750 29484       2       org.jetbrains.kotlin.codegen.optimization.common.ReferenceTrackingInterpreter::copyOperation (39 bytes)
Event: 34.705 Thread 0x0000016d1b049750 nmethod 29484 0x0000016d06d6b910 code [0x0000016d06d6bb60, 0x0000016d06d6c108]
Event: 34.705 Thread 0x0000016d1b049750 29485       2       org.jetbrains.kotlin.resolve.jvm.AsmTypes::isSharedVarType (35 bytes)
Event: 34.705 Thread 0x0000016d1b049750 nmethod 29485 0x0000016d05cedc10 code [0x0000016d05ceddc0, 0x0000016d05cedf88]
Event: 34.706 Thread 0x0000016d1b049750 29486       2       org.jetbrains.kotlin.codegen.optimization.CapturedVarsOptimizationMethodTransformer$Transformer$findCleanInstructions$1::invoke (9 bytes)
Event: 34.706 Thread 0x0000016d1b049750 nmethod 29486 0x0000016d06e5ea90 code [0x0000016d06e5ec80, 0x0000016d06e5efd8]
Event: 34.706 Thread 0x0000016d1b049750 29489       2       org.jetbrains.kotlin.codegen.optimization.CapturedVarsOptimizationMethodTransformer$Transformer$findCleanInstructions$2::invoke (29 bytes)
Event: 34.707 Thread 0x0000016d1b049750 nmethod 29489 0x0000016d06359c10 code [0x0000016d06359de0, 0x0000016d0635a0f8]
Event: 34.707 Thread 0x0000016d1b049750 29488       2       org.jetbrains.kotlin.codegen.optimization.CapturedVarsOptimizationMethodTransformer$Transformer$findCleanInstructions$2::invoke (9 bytes)
Event: 34.707 Thread 0x0000016d1b049750 nmethod 29488 0x0000016d07127d90 code [0x0000016d07127f80, 0x0000016d071282d8]
Event: 34.707 Thread 0x0000016d1b049750 29490       2       org.jetbrains.kotlin.codegen.optimization.CapturedVarsOptimizationMethodTransformer$Transformer$findCleanInstructions$3::invoke (9 bytes)
Event: 34.708 Thread 0x0000016d1b049750 nmethod 29490 0x0000016d06ddc690 code [0x0000016d06ddc820, 0x0000016d06ddc968]
Event: 34.708 Thread 0x0000016d1b049750 29491       2       org.jetbrains.kotlin.codegen.optimization.CapturedVarsOptimizationMethodTransformer$Transformer$findCleanInstructions$3::invoke (82 bytes)
Event: 34.708 Thread 0x0000016d1b049750 nmethod 29491 0x0000016d05ec1210 code [0x0000016d05ec1400, 0x0000016d05ec1838]
Event: 34.708 Thread 0x0000016d1b049750 29487       2       org.jetbrains.kotlin.codegen.optimization.CapturedVarsOptimizationMethodTransformer$Transformer$findCleanInstructions$1::invoke (29 bytes)
Event: 34.709 Thread 0x0000016d1b049750 nmethod 29487 0x0000016d06ca9190 code [0x0000016d06ca9360, 0x0000016d06ca9678]
Event: 34.721 Thread 0x0000016d1b049750 29492       3       org.jetbrains.kotlin.codegen.optimization.CapturedVarsOptimizationMethodTransformer$Transformer::createRefValues (151 bytes)
Event: 34.723 Thread 0x0000016d1b049750 nmethod 29492 0x0000016d06cc7390 code [0x0000016d06cc7880, 0x0000016d06cc9e48]

GC Heap History (20 events):
Event: 32.741 GC heap after
{Heap after GC invocations=54 (full 0):
 garbage-first heap   total 413696K, used 276074K [0x000000008a800000, 0x0000000100000000)
  region size 1024K, 6 young (6144K), 6 survivors (6144K)
 Metaspace       used 102720K, committed 103168K, reserved 1179648K
  class space    used 10527K, committed 10752K, reserved 1048576K
}
Event: 33.130 GC heap before
{Heap before GC invocations=54 (full 0):
 garbage-first heap   total 413696K, used 353898K [0x000000008a800000, 0x0000000100000000)
  region size 1024K, 82 young (83968K), 6 survivors (6144K)
 Metaspace       used 102796K, committed 103296K, reserved 1179648K
  class space    used 10527K, committed 10752K, reserved 1048576K
}
Event: 33.136 GC heap after
{Heap after GC invocations=55 (full 0):
 garbage-first heap   total 413696K, used 280372K [0x000000008a800000, 0x0000000100000000)
  region size 1024K, 10 young (10240K), 10 survivors (10240K)
 Metaspace       used 102796K, committed 103296K, reserved 1179648K
  class space    used 10527K, committed 10752K, reserved 1048576K
}
Event: 33.240 GC heap before
{Heap before GC invocations=55 (full 0):
 garbage-first heap   total 413696K, used 355124K [0x000000008a800000, 0x0000000100000000)
  region size 1024K, 83 young (84992K), 10 survivors (10240K)
 Metaspace       used 102802K, committed 103296K, reserved 1179648K
  class space    used 10527K, committed 10752K, reserved 1048576K
}
Event: 33.263 GC heap after
{Heap after GC invocations=56 (full 0):
 garbage-first heap   total 413696K, used 286473K [0x000000008a800000, 0x0000000100000000)
  region size 1024K, 11 young (11264K), 11 survivors (11264K)
 Metaspace       used 102802K, committed 103296K, reserved 1179648K
  class space    used 10527K, committed 10752K, reserved 1048576K
}
Event: 33.546 GC heap before
{Heap before GC invocations=56 (full 0):
 garbage-first heap   total 413696K, used 353033K [0x000000008a800000, 0x0000000100000000)
  region size 1024K, 76 young (77824K), 11 survivors (11264K)
 Metaspace       used 102848K, committed 103296K, reserved 1179648K
  class space    used 10527K, committed 10752K, reserved 1048576K
}
Event: 33.555 GC heap after
{Heap after GC invocations=57 (full 0):
 garbage-first heap   total 413696K, used 289349K [0x000000008a800000, 0x0000000100000000)
  region size 1024K, 6 young (6144K), 6 survivors (6144K)
 Metaspace       used 102848K, committed 103296K, reserved 1179648K
  class space    used 10527K, committed 10752K, reserved 1048576K
}
Event: 33.844 GC heap before
{Heap before GC invocations=57 (full 0):
 garbage-first heap   total 413696K, used 353861K [0x000000008a800000, 0x0000000100000000)
  region size 1024K, 69 young (70656K), 6 survivors (6144K)
 Metaspace       used 102882K, committed 103360K, reserved 1179648K
  class space    used 10527K, committed 10752K, reserved 1048576K
}
Event: 33.849 GC heap after
{Heap after GC invocations=58 (full 0):
 garbage-first heap   total 413696K, used 293719K [0x000000008a800000, 0x0000000100000000)
  region size 1024K, 5 young (5120K), 5 survivors (5120K)
 Metaspace       used 102882K, committed 103360K, reserved 1179648K
  class space    used 10527K, committed 10752K, reserved 1048576K
}
Event: 33.980 GC heap before
{Heap before GC invocations=58 (full 0):
 garbage-first heap   total 413696K, used 355159K [0x000000008a800000, 0x0000000100000000)
  region size 1024K, 65 young (66560K), 5 survivors (5120K)
 Metaspace       used 102905K, committed 103360K, reserved 1179648K
  class space    used 10527K, committed 10752K, reserved 1048576K
}
Event: 33.986 GC heap after
{Heap after GC invocations=59 (full 0):
 garbage-first heap   total 413696K, used 301413K [0x000000008a800000, 0x0000000100000000)
  region size 1024K, 9 young (9216K), 9 survivors (9216K)
 Metaspace       used 102905K, committed 103360K, reserved 1179648K
  class space    used 10527K, committed 10752K, reserved 1048576K
}
Event: 34.197 GC heap before
{Heap before GC invocations=59 (full 0):
 garbage-first heap   total 413696K, used 353637K [0x000000008a800000, 0x0000000100000000)
  region size 1024K, 60 young (61440K), 9 survivors (9216K)
 Metaspace       used 102937K, committed 103424K, reserved 1179648K
  class space    used 10527K, committed 10752K, reserved 1048576K
}
Event: 34.202 GC heap after
{Heap after GC invocations=60 (full 0):
 garbage-first heap   total 413696K, used 304980K [0x000000008a800000, 0x0000000100000000)
  region size 1024K, 5 young (5120K), 5 survivors (5120K)
 Metaspace       used 102937K, committed 103424K, reserved 1179648K
  class space    used 10527K, committed 10752K, reserved 1048576K
}
Event: 34.345 GC heap before
{Heap before GC invocations=60 (full 0):
 garbage-first heap   total 413696K, used 354132K [0x000000008a800000, 0x0000000100000000)
  region size 1024K, 53 young (54272K), 5 survivors (5120K)
 Metaspace       used 102953K, committed 103424K, reserved 1179648K
  class space    used 10528K, committed 10752K, reserved 1048576K
}
Event: 34.350 GC heap after
{Heap after GC invocations=61 (full 0):
 garbage-first heap   total 413696K, used 309515K [0x000000008a800000, 0x0000000100000000)
  region size 1024K, 5 young (5120K), 5 survivors (5120K)
 Metaspace       used 102953K, committed 103424K, reserved 1179648K
  class space    used 10528K, committed 10752K, reserved 1048576K
}
Event: 34.505 GC heap before
{Heap before GC invocations=61 (full 0):
 garbage-first heap   total 413696K, used 355595K [0x000000008a800000, 0x0000000100000000)
  region size 1024K, 50 young (51200K), 5 survivors (5120K)
 Metaspace       used 102975K, committed 103424K, reserved 1179648K
  class space    used 10528K, committed 10752K, reserved 1048576K
}
Event: 34.510 GC heap after
{Heap after GC invocations=62 (full 0):
 garbage-first heap   total 413696K, used 313071K [0x000000008a800000, 0x0000000100000000)
  region size 1024K, 4 young (4096K), 4 survivors (4096K)
 Metaspace       used 102975K, committed 103424K, reserved 1179648K
  class space    used 10528K, committed 10752K, reserved 1048576K
}
Event: 34.616 GC heap before
{Heap before GC invocations=62 (full 0):
 garbage-first heap   total 413696K, used 357103K [0x000000008a800000, 0x0000000100000000)
  region size 1024K, 47 young (48128K), 4 survivors (4096K)
 Metaspace       used 102978K, committed 103424K, reserved 1179648K
  class space    used 10528K, committed 10752K, reserved 1048576K
}
Event: 34.620 GC heap after
{Heap after GC invocations=63 (full 0):
 garbage-first heap   total 413696K, used 316061K [0x000000008a800000, 0x0000000100000000)
  region size 1024K, 5 young (5120K), 5 survivors (5120K)
 Metaspace       used 102978K, committed 103424K, reserved 1179648K
  class space    used 10528K, committed 10752K, reserved 1048576K
}
Event: 34.729 GC heap before
{Heap before GC invocations=63 (full 0):
 garbage-first heap   total 413696K, used 357021K [0x000000008a800000, 0x0000000100000000)
  region size 1024K, 45 young (46080K), 5 survivors (5120K)
 Metaspace       used 103053K, committed 103488K, reserved 1179648K
  class space    used 10534K, committed 10752K, reserved 1048576K
}

Dll operation events (2 events):
Event: 0.007 Loaded shared library C:\Program Files\Android\Android Studio1\jbr\bin\java.dll
Event: 0.777 Loaded shared library C:\Program Files\Android\Android Studio1\jbr\bin\verify.dll

Deoptimization events (20 events):
Event: 34.653 Thread 0x0000016d7d08c870 DEOPT PACKING pc=0x0000016d0c01e8bc sp=0x000000640b1fcab0
Event: 34.653 Thread 0x0000016d7d08c870 DEOPT UNPACKING pc=0x0000016d0a9a69a3 sp=0x000000640b1fca90 mode 2
Event: 34.670 Thread 0x0000016d7d08c870 DEOPT PACKING pc=0x0000016d0691bc1f sp=0x000000640b1fb840
Event: 34.670 Thread 0x0000016d7d08c870 DEOPT UNPACKING pc=0x0000016d0a9a7143 sp=0x000000640b1fad58 mode 0
Event: 34.670 Thread 0x0000016d7d08c870 Uncommon trap: trap_request=0xffffffbe fr.pc=0x0000016d0bd8cd10 relative=0x0000000000002010
Event: 34.670 Thread 0x0000016d7d08c870 Uncommon trap: reason=profile_predicate action=maybe_recompile pc=0x0000016d0bd8cd10 method=org.jetbrains.kotlin.codegen.inline.MethodInliner$Companion.processReturns(Lorg/jetbrains/org/objectweb/asm/tree/MethodNode;Ljava/util/Map;Lorg/jetbrains/org/objec
Event: 34.670 Thread 0x0000016d7d08c870 DEOPT PACKING pc=0x0000016d0bd8cd10 sp=0x000000640b1fbfa0
Event: 34.670 Thread 0x0000016d7d08c870 DEOPT UNPACKING pc=0x0000016d0a9a69a3 sp=0x000000640b1fbf78 mode 2
Event: 34.693 Thread 0x0000016d7d08c870 Uncommon trap: trap_request=0xffffffbe fr.pc=0x0000016d0c01e8bc relative=0x000000000000213c
Event: 34.693 Thread 0x0000016d7d08c870 Uncommon trap: reason=profile_predicate action=maybe_recompile pc=0x0000016d0c01e8bc method=org.jetbrains.kotlin.codegen.inline.MethodInliner$Companion.processReturns(Lorg/jetbrains/org/objectweb/asm/tree/MethodNode;Ljava/util/Map;Lorg/jetbrains/org/objec
Event: 34.693 Thread 0x0000016d7d08c870 DEOPT PACKING pc=0x0000016d0c01e8bc sp=0x000000640b1fcab0
Event: 34.693 Thread 0x0000016d7d08c870 DEOPT UNPACKING pc=0x0000016d0a9a69a3 sp=0x000000640b1fca90 mode 2
Event: 34.697 Thread 0x0000016d7d08c870 Uncommon trap: trap_request=0xffffff45 fr.pc=0x0000016d0ba27064 relative=0x0000000000000484
Event: 34.697 Thread 0x0000016d7d08c870 Uncommon trap: reason=unstable_if action=reinterpret pc=0x0000016d0ba27064 method=org.jetbrains.kotlin.codegen.optimization.CapturedVarsOptimizationMethodTransformer$Transformer.createRefValues()V @ 73 c2
Event: 34.697 Thread 0x0000016d7d08c870 DEOPT PACKING pc=0x0000016d0ba27064 sp=0x000000640b1fdab0
Event: 34.697 Thread 0x0000016d7d08c870 DEOPT UNPACKING pc=0x0000016d0a9a69a3 sp=0x000000640b1fda70 mode 2
Event: 34.698 Thread 0x0000016d7d08c870 Uncommon trap: trap_request=0xffffff45 fr.pc=0x0000016d0be548e4 relative=0x00000000000000c4
Event: 34.698 Thread 0x0000016d7d08c870 Uncommon trap: reason=unstable_if action=reinterpret pc=0x0000016d0be548e4 method=org.jetbrains.kotlin.resolve.jvm.AsmTypes.valueTypeForPrimitive(Lorg/jetbrains/kotlin/builtins/PrimitiveType;)Lorg/jetbrains/org/objectweb/asm/Type; @ 8 c2
Event: 34.698 Thread 0x0000016d7d08c870 DEOPT PACKING pc=0x0000016d0be548e4 sp=0x000000640b1fcee0
Event: 34.698 Thread 0x0000016d7d08c870 DEOPT UNPACKING pc=0x0000016d0a9a69a3 sp=0x000000640b1fce70 mode 2

Classes unloaded (0 events):
No events

Classes redefined (0 events):
No events

Internal exceptions (20 events):
Event: 16.870 Thread 0x0000016d7d08c870 Exception <a 'java/lang/NoSuchMethodError'{0x00000000a1092d68}: 'java.lang.Object java.lang.invoke.DirectMethodHandle$Holder.newInvokeSpecial(java.lang.Object, java.lang.Object, java.lang.Object, int, int, java.lang.Object)'> (0x00000000a1092d68) 
thrown [s\src\hotspot\share\interpreter\linkResolver.cpp, line 771]
Event: 16.870 Thread 0x0000016d7d08c870 Exception <a 'java/lang/NoSuchMethodError'{0x00000000a109a708}: 'java.lang.Object java.lang.invoke.Invokers$Holder.linkToTargetMethod(java.lang.Object, java.lang.Object, int, int, java.lang.Object, java.lang.Object)'> (0x00000000a109a708) 
thrown [s\src\hotspot\share\interpreter\linkResolver.cpp, line 771]
Event: 16.958 Thread 0x0000016d7d08c870 Exception <a 'java/lang/NoSuchMethodError'{0x00000000a0c62ed0}: 'java.lang.Object java.lang.invoke.DirectMethodHandle$Holder.newInvokeSpecial(java.lang.Object, java.lang.Object, int, int, java.lang.Object, java.lang.Object, java.lang.Object)'> (0x00000000a0c62ed0) 
thrown [s\src\hotspot\share\interpreter\linkResolver.cpp, line 771]
Event: 16.959 Thread 0x0000016d7d08c870 Exception <a 'java/lang/NoSuchMethodError'{0x00000000a0c67cc8}: 'java.lang.Object java.lang.invoke.DirectMethodHandle$Holder.invokeSpecial(java.lang.Object, java.lang.Object, java.lang.Object, int, int, java.lang.Object, java.lang.Object, java.lang.Object)'> (0x00000000a0c67cc8) 
thrown [s\src\hotspot\share\interpreter\linkResolver.cpp, line 771]
Event: 17.026 Thread 0x0000016d7d08c870 Exception <a 'java/lang/NoSuchMethodError'{0x00000000a0907678}: 'java.lang.Object java.lang.invoke.DirectMethodHandle$Holder.newInvokeSpecial(java.lang.Object, int, int, java.lang.Object, java.lang.Object, java.lang.Object, java.lang.Object)'> (0x00000000a0907678) 
thrown [s\src\hotspot\share\interpreter\linkResolver.cpp, line 771]
Event: 17.026 Thread 0x0000016d7d08c870 Exception <a 'java/lang/NoSuchMethodError'{0x00000000a090bfb8}: 'java.lang.Object java.lang.invoke.DirectMethodHandle$Holder.invokeSpecial(java.lang.Object, java.lang.Object, int, int, java.lang.Object, java.lang.Object, java.lang.Object, java.lang.Object)'> (0x00000000a090bfb8) 
thrown [s\src\hotspot\share\interpreter\linkResolver.cpp, line 771]
Event: 17.026 Thread 0x0000016d7d08c870 Exception <a 'java/lang/NoSuchMethodError'{0x00000000a0910150}: 'java.lang.Object java.lang.invoke.Invokers$Holder.linkToTargetMethod(int, int, java.lang.Object, java.lang.Object, java.lang.Object, java.lang.Object, java.lang.Object)'> (0x00000000a0910150) 
thrown [s\src\hotspot\share\interpreter\linkResolver.cpp, line 771]
Event: 17.645 Thread 0x0000016d7d08c870 Implicit null exception at 0x0000016d0b9313b1 to 0x0000016d0b931cdc
Event: 18.660 Thread 0x0000016d7d08c870 Implicit null exception at 0x0000016d0b9139b4 to 0x0000016d0b913dc0
Event: 21.662 Thread 0x0000016d7d08c870 Implicit null exception at 0x0000016d0af8e4b5 to 0x0000016d0af8e6ba
Event: 21.742 Thread 0x0000016d7d08c870 Implicit null exception at 0x0000016d0b9a72e6 to 0x0000016d0b9a73bc
Event: 21.803 Thread 0x0000016d7d08c870 Implicit null exception at 0x0000016d0b9d56dd to 0x0000016d0b9d5858
Event: 24.687 Thread 0x0000016d7d08c870 Implicit null exception at 0x0000016d0bc4b256 to 0x0000016d0bc4b888
Event: 24.698 Thread 0x0000016d7d08c870 Implicit null exception at 0x0000016d0bc5b3ae to 0x0000016d0bc5b998
Event: 25.785 Thread 0x0000016d7d08c870 Implicit null exception at 0x0000016d0b66b0b6 to 0x0000016d0b66bdd0
Event: 26.084 Thread 0x0000016d7d08c870 Implicit null exception at 0x0000016d0b6842c0 to 0x0000016d0b68a50c
Event: 30.665 Thread 0x0000016d7d08c870 Implicit null exception at 0x0000016d0bebeb47 to 0x0000016d0bebf180
Event: 31.314 Thread 0x0000016d7d08c870 Implicit null exception at 0x0000016d0b6868a8 to 0x0000016d0b68b5c4
Event: 32.360 Thread 0x0000016d7d08c870 Implicit null exception at 0x0000016d0bf0caac to 0x0000016d0bf126c0
Event: 33.028 Thread 0x0000016d7d08c870 Implicit null exception at 0x0000016d0b589dbc to 0x0000016d0b58b324

VM Operations (20 events):
Event: 33.555 Executing VM operation: G1CollectForAllocation done
Event: 33.832 Executing VM operation: HandshakeAllThreads
Event: 33.832 Executing VM operation: HandshakeAllThreads done
Event: 33.843 Executing VM operation: G1CollectForAllocation
Event: 33.849 Executing VM operation: G1CollectForAllocation done
Event: 33.979 Executing VM operation: G1CollectForAllocation
Event: 33.986 Executing VM operation: G1CollectForAllocation done
Event: 34.197 Executing VM operation: G1CollectForAllocation
Event: 34.202 Executing VM operation: G1CollectForAllocation done
Event: 34.345 Executing VM operation: G1CollectForAllocation
Event: 34.350 Executing VM operation: G1CollectForAllocation done
Event: 34.505 Executing VM operation: G1CollectForAllocation
Event: 34.510 Executing VM operation: G1CollectForAllocation done
Event: 34.562 Executing VM operation: HandshakeAllThreads
Event: 34.563 Executing VM operation: HandshakeAllThreads done
Event: 34.616 Executing VM operation: G1CollectForAllocation
Event: 34.620 Executing VM operation: G1CollectForAllocation done
Event: 34.693 Executing VM operation: HandshakeAllThreads
Event: 34.693 Executing VM operation: HandshakeAllThreads done
Event: 34.729 Executing VM operation: G1CollectForAllocation

Events (20 events):
Event: 34.703 Thread 0x0000016d1b06e810 flushing nmethod 0x0000016d0bf5a790
Event: 34.710 Thread 0x0000016d1b06e810 flushing nmethod 0x0000016d03adc610
Event: 34.711 Thread 0x0000016d1b06e810 flushing nmethod 0x0000016d03c00490
Event: 34.711 Thread 0x0000016d1b06e810 flushing nmethod 0x0000016d03c45910
Event: 34.712 Thread 0x0000016d1b06e810 flushing nmethod 0x0000016d03d06310
Event: 34.713 Thread 0x0000016d1b06e810 flushing nmethod 0x0000016d03f3d890
Event: 34.714 Thread 0x0000016d1b06e810 flushing nmethod 0x0000016d03f7c910
Event: 34.714 Thread 0x0000016d1b06e810 flushing nmethod 0x0000016d03fcd210
Event: 34.714 Thread 0x0000016d1b06e810 flushing nmethod 0x0000016d03ff1910
Event: 34.718 Thread 0x0000016d1b06e810 flushing nmethod 0x0000016d0447da10
Event: 34.724 Thread 0x0000016d1b06e810 flushing nmethod 0x0000016d04bcb510
Event: 34.724 Thread 0x0000016d1b06e810 flushing nmethod 0x0000016d04bcc010
Event: 34.724 Thread 0x0000016d1b06e810 flushing nmethod 0x0000016d04bcc510
Event: 34.724 Thread 0x0000016d1b06e810 flushing nmethod 0x0000016d04c5a210
Event: 34.726 Thread 0x0000016d1b06e810 flushing nmethod 0x0000016d04f07d90
Event: 34.727 Thread 0x0000016d1b06e810 flushing nmethod 0x0000016d05048710
Event: 34.727 Thread 0x0000016d1b06e810 flushing nmethod 0x0000016d05049610
Event: 34.728 Thread 0x0000016d1b06e810 flushing nmethod 0x0000016d051c7910
Event: 34.728 Thread 0x0000016d1b06e810 flushing nmethod 0x0000016d051c8510
Event: 34.728 Thread 0x0000016d1b06e810 flushing nmethod 0x0000016d051c9510


Dynamic libraries:
0x00007ff6e7cd0000 - 0x00007ff6e7cda000 	C:\Program Files\Android\Android Studio1\jbr\bin\java.exe
0x00007ff9f8710000 - 0x00007ff9f8927000 	C:\WINDOWS\SYSTEM32\ntdll.dll
0x00007ff9f84b0000 - 0x00007ff9f8574000 	C:\WINDOWS\System32\KERNEL32.DLL
0x00007ff9f5a40000 - 0x00007ff9f5dec000 	C:\WINDOWS\System32\KERNELBASE.dll
0x00007ff9f6280000 - 0x00007ff9f6391000 	C:\WINDOWS\System32\ucrtbase.dll
0x00007ff9671d0000 - 0x00007ff9671e7000 	C:\Program Files\Android\Android Studio1\jbr\bin\jli.dll
0x00007ff9b43b0000 - 0x00007ff9b43cb000 	C:\Program Files\Android\Android Studio1\jbr\bin\VCRUNTIME140.dll
0x00007ff9f68f0000 - 0x00007ff9f6a9e000 	C:\WINDOWS\System32\USER32.dll
0x00007ff9f6420000 - 0x00007ff9f6446000 	C:\WINDOWS\System32\win32u.dll
0x00007ff9dbdf0000 - 0x00007ff9dc083000 	C:\WINDOWS\WinSxS\amd64_microsoft.windows.common-controls_6595b64144ccf1df_6.0.22621.3672_none_2713b9d173822955\COMCTL32.dll
0x00007ff9f82c0000 - 0x00007ff9f82e9000 	C:\WINDOWS\System32\GDI32.dll
0x00007ff9f67f0000 - 0x00007ff9f6897000 	C:\WINDOWS\System32\msvcrt.dll
0x00007ff9f5e90000 - 0x00007ff9f5fa9000 	C:\WINDOWS\System32\gdi32full.dll
0x00007ff9f5df0000 - 0x00007ff9f5e8a000 	C:\WINDOWS\System32\msvcp_win.dll
0x00007ff9f8580000 - 0x00007ff9f85b1000 	C:\WINDOWS\System32\IMM32.DLL
0x00007ff9ef5b0000 - 0x00007ff9ef5bc000 	C:\Program Files\Android\Android Studio1\jbr\bin\vcruntime140_1.dll
0x00007ff961ad0000 - 0x00007ff961b5d000 	C:\Program Files\Android\Android Studio1\jbr\bin\msvcp140.dll
0x00007ff954e80000 - 0x00007ff955b03000 	C:\Program Files\Android\Android Studio1\jbr\bin\server\jvm.dll
0x00007ff9f83f0000 - 0x00007ff9f84a2000 	C:\WINDOWS\System32\ADVAPI32.dll
0x00007ff9f8620000 - 0x00007ff9f86ca000 	C:\WINDOWS\System32\sechost.dll
0x00007ff9f6020000 - 0x00007ff9f6048000 	C:\WINDOWS\System32\bcrypt.dll
0x00007ff9f7b30000 - 0x00007ff9f7c45000 	C:\WINDOWS\System32\RPCRT4.dll
0x00007ff9c2c00000 - 0x00007ff9c2c09000 	C:\WINDOWS\SYSTEM32\WSOCK32.dll
0x00007ff9f5900000 - 0x00007ff9f594d000 	C:\WINDOWS\SYSTEM32\POWRPROF.dll
0x00007ff9eff00000 - 0x00007ff9eff34000 	C:\WINDOWS\SYSTEM32\WINMM.dll
0x00007ff9f8210000 - 0x00007ff9f8281000 	C:\WINDOWS\System32\WS2_32.dll
0x00007ff9ecb60000 - 0x00007ff9ecb6a000 	C:\WINDOWS\SYSTEM32\VERSION.dll
0x00007ff9f58e0000 - 0x00007ff9f58f3000 	C:\WINDOWS\SYSTEM32\UMPDC.dll
0x00007ff9f4a40000 - 0x00007ff9f4a58000 	C:\WINDOWS\SYSTEM32\kernel.appcore.dll
0x00007ff9f04b0000 - 0x00007ff9f04ba000 	C:\Program Files\Android\Android Studio1\jbr\bin\jimage.dll
0x00007ff9e5e90000 - 0x00007ff9e60c2000 	C:\WINDOWS\SYSTEM32\DBGHELP.DLL
0x00007ff9f7640000 - 0x00007ff9f79c8000 	C:\WINDOWS\System32\combase.dll
0x00007ff9f7a50000 - 0x00007ff9f7b27000 	C:\WINDOWS\System32\OLEAUT32.dll
0x00007ff9eb7e0000 - 0x00007ff9eb812000 	C:\WINDOWS\SYSTEM32\dbgcore.DLL
0x00007ff9f63a0000 - 0x00007ff9f641b000 	C:\WINDOWS\System32\bcryptPrimitives.dll
0x00007ff96bfe0000 - 0x00007ff96c005000 	C:\Program Files\Android\Android Studio1\jbr\bin\java.dll
0x00007ff9efee0000 - 0x00007ff9efef8000 	C:\Program Files\Android\Android Studio1\jbr\bin\zip.dll
0x00007ff9f6de0000 - 0x00007ff9f763c000 	C:\WINDOWS\System32\SHELL32.dll
0x00007ff9f3900000 - 0x00007ff9f41f7000 	C:\WINDOWS\SYSTEM32\windows.storage.dll
0x00007ff9f37c0000 - 0x00007ff9f38ff000 	C:\WINDOWS\SYSTEM32\wintypes.dll
0x00007ff9f82f0000 - 0x00007ff9f83e4000 	C:\WINDOWS\System32\SHCORE.dll
0x00007ff9f85c0000 - 0x00007ff9f861e000 	C:\WINDOWS\System32\shlwapi.dll
0x00007ff9f5970000 - 0x00007ff9f5991000 	C:\WINDOWS\SYSTEM32\profapi.dll
0x00007ff96c3f0000 - 0x00007ff96c409000 	C:\Program Files\Android\Android Studio1\jbr\bin\net.dll
0x00007ff9f1960000 - 0x00007ff9f1a96000 	C:\WINDOWS\SYSTEM32\WINHTTP.dll
0x00007ff9f4ec0000 - 0x00007ff9f4f29000 	C:\WINDOWS\system32\mswsock.dll
0x00007ff96ad00000 - 0x00007ff96ad16000 	C:\Program Files\Android\Android Studio1\jbr\bin\nio.dll
0x00007ff9f04a0000 - 0x00007ff9f04b0000 	C:\Program Files\Android\Android Studio1\jbr\bin\verify.dll

dbghelp: loaded successfully - version: 4.0.5 - missing functions: none
symbol engine: initialized successfully - sym options: 0x614 - pdb path: .;C:\Program Files\Android\Android Studio1\jbr\bin;C:\WINDOWS\SYSTEM32;C:\WINDOWS\WinSxS\amd64_microsoft.windows.common-controls_6595b64144ccf1df_6.0.22621.3672_none_2713b9d173822955;C:\Program Files\Android\Android Studio1\jbr\bin\server

VM Arguments:
java_command: org.jetbrains.kotlin.cli.jvm.K2JVMCompiler @D:\Education\app\build\20240614_884338149470033964.compiler.options
java_class_path (initial): C:\Users\sansk\.gradle\caches\modules-2\files-2.1\org.jetbrains.kotlin\kotlin-compiler-embeddable\1.8.10\b0757fd774344d54ce93f5ad6c30ba1c1731c8ff\kotlin-compiler-embeddable-1.8.10.jar;C:\Users\sansk\.gradle\caches\modules-2\files-2.1\org.jetbrains.kotlin\kotlin-stdlib\1.8.10\6d5560a229477df9406943d5feda5618e98eb64c\kotlin-stdlib-1.8.10.jar;C:\Users\sansk\.gradle\caches\modules-2\files-2.1\org.jetbrains.kotlin\kotlin-script-runtime\1.8.10\b13ea9c7e46d589139e56086a878763290e20bd5\kotlin-script-runtime-1.8.10.jar;C:\Users\sansk\.gradle\caches\modules-2\files-2.1\org.jetbrains.kotlin\kotlin-reflect\1.6.10\1cbe9c92c12a94eea200d23c2bbaedaf3daf5132\kotlin-reflect-1.6.10.jar;C:\Users\sansk\.gradle\caches\modules-2\files-2.1\org.jetbrains.kotlin\kotlin-daemon-embeddable\1.8.10\ad8541d9bc1cf9e52c3204161247910c2cf601d4\kotlin-daemon-embeddable-1.8.10.jar;C:\Users\sansk\.gradle\caches\modules-2\files-2.1\org.jetbrains.intellij.deps\trove4j\1.0.20200330\3afb14d5f9ceb459d724e907a21145e8ff394f02\trove4j-1.0.20200330.jar;C:\Users\sansk\.gradle\caches\modules-2\files-2.1\net.java.dev.jna\jna\5.6.0\330f2244e9030119ab3030fc3fededc86713d9cc\jna-5.6.0.jar;C:\Users\sansk\.gradle\caches\modules-2\files-2.1\org.jetbrains.kotlin\kotlin-stdlib-common\1.8.10\a61b182458550492c12aee66157d7b524a63a5ec\kotlin-stdlib-common-1.8.10.jar;C:\Users\sansk\.gradle\caches\modules-2\files-2.1\org.jetbrains\annotations\13.0\919f0dfe192fb4e063e7dacadee7f8bb9a2672a9\annotations-13.0.jar
Launcher Type: SUN_STANDARD

[Global flags]
     intx CICompilerCount                          = 4                                         {product} {ergonomic}
     uint ConcGCThreads                            = 3                                         {product} {ergonomic}
     uint G1ConcRefinementThreads                  = 10                                        {product} {ergonomic}
   size_t G1HeapRegionSize                         = 1048576                                   {product} {ergonomic}
    uintx GCDrainStackTargetSize                   = 64                                        {product} {ergonomic}
   size_t InitialHeapSize                          = 123731968                                 {product} {ergonomic}
   size_t MarkStackSize                            = 4194304                                   {product} {ergonomic}
   size_t MaxHeapSize                              = 1971322880                                {product} {ergonomic}
   size_t MaxNewSize                               = 1182793728                                {product} {ergonomic}
   size_t MinHeapDeltaBytes                        = 1048576                                   {product} {ergonomic}
   size_t MinHeapSize                              = 8388608                                   {product} {ergonomic}
    uintx NonNMethodCodeHeapSize                   = 5839372                                {pd product} {ergonomic}
    uintx NonProfiledCodeHeapSize                  = 122909434                              {pd product} {ergonomic}
    uintx ProfiledCodeHeapSize                     = 122909434                              {pd product} {ergonomic}
    uintx ReservedCodeCacheSize                    = 251658240                              {pd product} {ergonomic}
     bool SegmentedCodeCache                       = true                                      {product} {ergonomic}
   size_t SoftMaxHeapSize                          = 1971322880                             {manageable} {ergonomic}
     bool UseCompressedClassPointers               = true                           {product lp64_product} {ergonomic}
     bool UseCompressedOops                        = true                           {product lp64_product} {ergonomic}
     bool UseG1GC                                  = true                                      {product} {ergonomic}
     bool UseLargePagesIndividualAllocation        = false                                  {pd product} {ergonomic}

Logging:
Log output configuration:
 #0: stdout all=warning uptime,level,tags
 #1: stderr all=off uptime,level,tags

Environment Variables:
JAVA_HOME=C:\Program Files\Java\jdk-19.0.2
PATH=C:\Program Files\apache-maven-3.9.7\bin;C:\Program Files\Java\jdk-19.0.2\bin;C:\Program Files\Common Files\Oracle\Java\javapath;C:\Program Files\Common Files\Oracle\Java\javapath\bin;C:\windows\system32;C:\windows;C:\windows\System32\Wbem;C:\windows\System32\WindowsPowerShell\v1.0\;C:\windows\System32\OpenSSH\;C:\Program Files (x86)\NVIDIA Corporation\PhysX\Common;C:\Program Files\NVIDIA Corporation\NVIDIA NvDLISR;C:\WINDOWS\system32;C:\WINDOWS;C:\WINDOWS\System32\Wbem;C:\WINDOWS\System32\WindowsPowerShell\v1.0\;C:\WINDOWS\System32\OpenSSH\;C:\Program Files\Git\cmd;C:\Users\sansk\AppData\Local\Microsoft;C:\Users\sansk\AppData\Local\GitHubDesktop\bin;C:\Program Files\JetBrains\IntelliJ IDEA Community Edition 2024.1.1\bin;D:\dev\flutter\bin;C:\Program Files\JetBrains\IntelliJ IDEA 2024.1.1\bin;C:\Program Files\Docker\Docker\resources\bin;C:\Users\sansk\AppData\Local\Microsoft\WindowsApps;C:\Program Files\JetBrains\IntelliJ IDEA Community Edition 2024.1.1\bin;;D:\dev\flutter\bin;C:\Program Files\JetBrains\IntelliJ IDEA 2024.1.1\bin;;C:\Program Files\Java\jdk-19.0.2\bin;C:\Program Files\heroku\bin
USERNAME=sansk
OS=Windows_NT
PROCESSOR_IDENTIFIER=AMD64 Family 25 Model 80 Stepping 0, AuthenticAMD
TMP=C:\Users\sansk\AppData\Local\Temp
TEMP=C:\Users\sansk\AppData\Local\Temp



Periodic native trim disabled

JNI global refs:
JNI global refs: 12, weak refs: 36

JNI global refs memory usage: 843, weak refs: 841

OOME stack traces (most recent first):
Classloader memory used:
Loader jdk.internal.loader.ClassLoaders$AppClassLoader                                 : 10448K
Loader bootstrap                                                                       : 1774K
Loader java.net.URLClassLoader                                                         : 593K
Loader jdk.internal.loader.ClassLoaders$PlatformClassLoader                            : 36728B
Loader jdk.internal.reflect.DelegatingClassLoader                                      : 30391B


---------------  S Y S T E M  ---------------

OS:
 Windows 11 , 64 bit Build 22621 (10.0.22621.3672)
OS uptime: 0 days 7:36 hours
Hyper-V role detected

CPU: total 12 (initial active 12) (12 cores per cpu, 2 threads per core) family 25 model 80 stepping 0 microcode 0x0, cx8, cmov, fxsr, ht, mmx, 3dnowpref, sse, sse2, sse3, ssse3, sse4a, sse4.1, sse4.2, popcnt, lzcnt, tsc, tscinvbit, avx, avx2, aes, erms, clmul, bmi1, bmi2, adx, sha, fma, vzeroupper, clflush, clflushopt, hv
Processor Information for all 12 processors :
  Max Mhz: 3301, Current Mhz: 3301, Mhz Limit: 3301

Memory: 4k page, system-wide physical 7519M (743M free)
TotalPageFile size 20087M (AvailPageFile size 91M)
current process WorkingSet (physical memory assigned to process): 628M, peak: 683M
current process commit charge ("private bytes"): 824M, peak: 941M

vm_info: OpenJDK 64-Bit Server VM (17.0.10+0--11572160) for windows-amd64 JRE (17.0.10+0--11572160), built on Mar 13 2024 23:56:38 by "androidbuild" with MS VC++ 16.10 / 16.11 (VS2019)

END.
